2020.09.03 12:28:06 INFO  started: Metals version 0.9.3 in workspace '/Users/noahr/Desktop/raytracing' for client vscode.
2020.09.03 12:28:07 INFO  time: initialize in 1.15s
2020.09.03 12:28:08 WARN  no build tool detected in workspace '/Users/noahr/Desktop/raytracing'. The most common cause for this problem is that the editor was opened in the wrong working directory, for example if you use sbt then the workspace directory should contain build.sbt. 
2020.09.03 12:28:08 INFO  no build target: using presentation compiler with only scala-library
2020.09.03 12:28:11 WARN  no build target for: /Users/noahr/Desktop/raytracing/RayTracing.scala
2020.09.03 12:30:52 WARN  no build target for: /Users/noahr/Desktop/raytracing/RayTracing.scala
2020.09.03 12:30:53 WARN  no build target for: /Users/noahr/Desktop/raytracing/RayTracing.scala
2020.09.03 12:31:31 INFO  running '/Users/noahr/.jabba/jdk/adopt@1.11.0-7/Contents/Home/bin/java -Djline.terminal=jline.UnsupportedTerminal -Dsbt.log.noformat=true -Dfile.encoding=UTF-8 -jar /var/folders/0j/w5rgn65j37d8mnfz6z8w2jnr0000gn/T/metals14591584362055830004/sbt-launch.jar -Dbloop.export-jar-classifiers=sources bloopInstall'
2020.09.03 12:31:34 INFO  [info] welcome to sbt 1.3.13 (AdoptOpenJDK Java 11.0.7)
2020.09.03 12:31:37 INFO  [info] loading settings for project raytracing-build-build from metals.sbt ...
2020.09.03 12:31:37 INFO  [info] loading project definition from /Users/noahr/Desktop/raytracing/project/project
2020.09.03 12:31:43 INFO  [warn] There may be incompatibilities among your library dependencies; run 'evicted' to see detailed eviction warnings.
2020.09.03 12:31:43 INFO  [info] loading settings for project raytracing-build from metals.sbt ...
2020.09.03 12:31:44 INFO  [info] loading project definition from /Users/noahr/Desktop/raytracing/project
2020.09.03 12:31:44 INFO  [warn] There may be incompatibilities among your library dependencies; run 'evicted' to see detailed eviction warnings.
2020.09.03 12:31:48 INFO  [success] Generated .bloop/raytracing-build.json
2020.09.03 12:31:48 INFO  [success] Total time: 4 s, completed Sep 3, 2020, 12:31:48 PM
2020.09.03 12:31:48 INFO  [info] loading settings for project raytracing from raytracing.sbt ...
2020.09.03 12:31:48 INFO  [info] set current project to raytracing (in build file:/Users/noahr/Desktop/raytracing/)
2020.09.03 12:31:48 INFO  [success] Generated .bloop/raytracing.json
2020.09.03 12:31:48 INFO  [success] Generated .bloop/raytracing-test.json
2020.09.03 12:31:48 INFO  [success] Total time: 0 s, completed Sep 3, 2020, 12:31:49 PM
2020.09.03 12:31:48 INFO  build tool exit: 0
2020.09.03 12:31:49 INFO  time: ran 'sbt bloopInstall' in 18s
Starting the bsp launcher for bloop...
Opening a bsp server connection with 'bsp --protocol local --socket /var/folders/0j/w5rgn65j37d8mnfz6z8w2jnr0000gn/T/bsp-launcher5705940970022919157/bsp.socket'...
Waiting for the bsp connection to come up...
Waiting for the bsp connection to come up...
Waiting for the bsp connection to come up...
Waiting for the bsp connection to come up...
Waiting for the bsp connection to come up...
Waiting for the bsp connection to come up...
Waiting for the bsp connection to come up...
Waiting for the bsp connection to come up...
Waiting for the bsp connection to come up...
Waiting for the bsp connection to come up...
Waiting for the bsp connection to come up...
No server running at 127.0.0.1:8212, let's fire one...
Resolving ch.epfl.scala:bloop-frontend_2.12:1.4.3-23-550c6c0a...
Starting bloop server at 127.0.0.1:8212...
Attempting a connection to the server...
Attempting a connection to the server...
Attempting a connection to the server...
Attempting a connection to the server...
Attempting a connection to the server...
[0m[32m[D][0m Loading 2 projects from '/Users/noahr/Desktop/raytracing/.bloop'...
[0m[32m[D][0m Loading project from '/Users/noahr/Desktop/raytracing/.bloop/raytracing.json'
[0m[32m[D][0m Loading project from '/Users/noahr/Desktop/raytracing/.bloop/raytracing-test.json'
[0m[32m[D][0m Cache miss for scala instance org.scala-lang:scala-compiler:2.12.10.
[0m[32m[D][0m   => /Users/noahr/.sbt/boot/scala-2.12.10/lib/jansi.jar
[0m[32m[D][0m   => /Users/noahr/.sbt/boot/scala-2.12.10/lib/jline.jar
[0m[32m[D][0m   => /Users/noahr/.sbt/boot/scala-2.12.10/lib/scala-compiler.jar
[0m[32m[D][0m   => /Users/noahr/.sbt/boot/scala-2.12.10/lib/scala-library.jar
[0m[32m[D][0m   => /Users/noahr/.sbt/boot/scala-2.12.10/lib/scala-reflect.jar
[0m[32m[D][0m   => /Users/noahr/.sbt/boot/scala-2.12.10/lib/scala-xml_2.12.jar
[0m[32m[D][0m Missing analysis file for project 'raytracing-test'
[0m[32m[D][0m Missing analysis file for project 'raytracing'
[0m[32m[D][0m Waiting for a connection at local:///var/folders/0j/w5rgn65j37d8mnfz6z8w2jnr0000gn/T/bsp-launcher5705940970022919157/bsp.socket...
The server is listening for incoming connections at local:///var/folders/0j/w5rgn65j37d8mnfz6z8w2jnr0000gn/T/bsp-launcher5705940970022919157/bsp.socket...
Starting thread that pumps stdin and redirects it to the bsp server...
Starting thread that pumps server stdout and redirects it to the client stdout...
2020.09.03 12:32:00 INFO  tracing is disabled for protocol BSP, to enable tracing of incoming and outgoing JSON messages create an empty file at /Users/noahr/Library/Caches/org.scalameta.metals/bsp.trace.json
Starting the bsp launcher for bloop...
Opening a bsp server connection with 'bsp --protocol local --socket /var/folders/0j/w5rgn65j37d8mnfz6z8w2jnr0000gn/T/bsp-launcher1672663428304579308/bsp.socket'...
Waiting for the bsp connection to come up...
[0m[32m[D][0m Loading workspace settings from bloop.settings.json
[0m[32m[D][0m Waiting for a connection at local:///var/folders/0j/w5rgn65j37d8mnfz6z8w2jnr0000gn/T/bsp-launcher1672663428304579308/bsp.socket...
The server is listening for incoming connections at local:///var/folders/0j/w5rgn65j37d8mnfz6z8w2jnr0000gn/T/bsp-launcher1672663428304579308/bsp.socket...
Starting thread that pumps stdin and redirects it to the bsp server...
Starting thread that pumps server stdout and redirects it to the client stdout...
2020.09.03 12:32:05 INFO  tracing is disabled for protocol BSP, to enable tracing of incoming and outgoing JSON messages create an empty file at /Users/noahr/Library/Caches/org.scalameta.metals/bsp.trace.json
2020.09.03 12:32:05 INFO  time: connected to build server in 15s
2020.09.03 12:32:05 INFO  Connected to Build server v1.4.3-23-550c6c0a
2020.09.03 12:32:06 INFO  skipping build import with status 'Installed'
2020.09.03 12:32:08 INFO  time: indexed workspace in 3.14s
2020.09.03 12:32:08 INFO  compiling raytracing (1 scala source)
2020.09.03 12:32:12 INFO  skipping build import with status 'Installed'
2020.09.03 12:32:12 INFO  compiling raytracing (1 scala source)
2020.09.03 12:32:12 INFO  skipping build import with status 'Installed'
2020.09.03 12:32:19 INFO  time: compiled raytracing in 7.44s
2020.09.03 12:32:19 INFO  compiling raytracing-test (1 scala source)
2020.09.03 12:32:19 ERROR Unexpected error when compiling raytracing: '/Users/noahr/Desktop/raytracing/.bloop/raytracing/bloop-bsp-clients-classes/classes-Metals-eN7k4RRmRsu4FF3QzDM4HA==/RayTracing.class'
2020.09.03 12:32:19 INFO  time: compiled raytracing-test in 0.46s
2020.09.03 12:33:53 INFO  skipping build import with status 'Installed'
2020.09.03 12:33:53 ERROR Unexpected error when compiling raytracing: '/Users/noahr/Desktop/raytracing/.bloop/raytracing/bloop-bsp-clients-classes/classes-Metals-eN7k4RRmRsu4FF3QzDM4HA==/RayTracing.class'
2020.09.03 12:34:20 INFO  skipping build import with status 'Installed'
2020.09.03 12:34:20 ERROR Unexpected error when compiling raytracing: '/Users/noahr/Desktop/raytracing/.bloop/raytracing/bloop-bsp-clients-classes/classes-Metals-eN7k4RRmRsu4FF3QzDM4HA==/RayTracing.class'
2020.09.03 12:35:59 INFO  skipping build import with status 'Installed'
2020.09.03 12:35:59 ERROR Unexpected error when compiling raytracing: '/Users/noahr/Desktop/raytracing/.bloop/raytracing/bloop-bsp-clients-classes/classes-Metals-eN7k4RRmRsu4FF3QzDM4HA==/RayTracing.class'
2020.09.03 12:36:19 INFO  skipping build import with status 'Installed'
2020.09.03 12:36:19 ERROR Unexpected error when compiling raytracing: '/Users/noahr/Desktop/raytracing/.bloop/raytracing/bloop-bsp-clients-classes/classes-Metals-eN7k4RRmRsu4FF3QzDM4HA==/RayTracing.class'
2020.09.03 12:36:23 INFO  skipping build import with status 'Installed'
2020.09.03 12:36:23 ERROR Unexpected error when compiling raytracing: '/Users/noahr/Desktop/raytracing/.bloop/raytracing/bloop-bsp-clients-classes/classes-Metals-eN7k4RRmRsu4FF3QzDM4HA==/RayTracing.class'
2020.09.03 12:36:35 INFO  skipping build import with status 'Installed'
2020.09.03 12:36:35 ERROR Unexpected error when compiling raytracing: '/Users/noahr/Desktop/raytracing/.bloop/raytracing/bloop-bsp-clients-classes/classes-Metals-eN7k4RRmRsu4FF3QzDM4HA==/RayTracing.class'
2020.09.03 12:36:41 INFO  skipping build import with status 'Installed'
2020.09.03 12:36:41 INFO  Deduplicating compilation of raytracing from bsp client 'Metals 0.9.3' (since 4m 40.17s)
2020.09.03 12:36:41 ERROR Unexpected error when compiling raytracing: '/Users/noahr/Desktop/raytracing/.bloop/raytracing/bloop-bsp-clients-classes/classes-Metals-eN7k4RRmRsu4FF3QzDM4HA==/RayTracing.class'
2020.09.03 12:37:34 INFO  skipping build import with status 'Installed'
2020.09.03 12:37:34 ERROR Unexpected error when compiling raytracing: '/Users/noahr/Desktop/raytracing/.bloop/raytracing/bloop-bsp-clients-classes/classes-Metals-eN7k4RRmRsu4FF3QzDM4HA==/RayTracing.class'
2020.09.03 12:38:52 INFO  skipping build import with status 'Installed'
2020.09.03 12:38:52 ERROR Unexpected error when compiling raytracing: '/Users/noahr/Desktop/raytracing/.bloop/raytracing/bloop-bsp-clients-classes/classes-Metals-eN7k4RRmRsu4FF3QzDM4HA==/RayTracing.class'
2020.09.03 12:39:12 INFO  skipping build import with status 'Installed'
2020.09.03 12:39:12 ERROR Unexpected error when compiling raytracing: '/Users/noahr/Desktop/raytracing/.bloop/raytracing/bloop-bsp-clients-classes/classes-Metals-eN7k4RRmRsu4FF3QzDM4HA==/RayTracing.class'
2020.09.03 12:39:29 INFO  skipping build import with status 'Installed'
2020.09.03 12:39:29 ERROR Unexpected error when compiling raytracing: '/Users/noahr/Desktop/raytracing/.bloop/raytracing/bloop-bsp-clients-classes/classes-Metals-eN7k4RRmRsu4FF3QzDM4HA==/RayTracing.class'
2020.09.03 12:40:04 INFO  skipping build import with status 'Installed'
2020.09.03 12:40:04 ERROR Unexpected error when compiling raytracing: '/Users/noahr/Desktop/raytracing/.bloop/raytracing/bloop-bsp-clients-classes/classes-Metals-eN7k4RRmRsu4FF3QzDM4HA==/RayTracing.class'
2020.09.03 12:40:21 INFO  skipping build import with status 'Installed'
2020.09.03 12:40:21 ERROR Unexpected error when compiling raytracing: '/Users/noahr/Desktop/raytracing/.bloop/raytracing/bloop-bsp-clients-classes/classes-Metals-eN7k4RRmRsu4FF3QzDM4HA==/RayTracing.class'
2020.09.03 12:40:37 INFO  skipping build import with status 'Installed'
2020.09.03 12:40:37 INFO  Deduplicating compilation of raytracing from bsp client 'Metals 0.9.3' (since 8m 36.292s)
2020.09.03 12:40:37 ERROR Unexpected error when compiling raytracing: '/Users/noahr/Desktop/raytracing/.bloop/raytracing/bloop-bsp-clients-classes/classes-Metals-eN7k4RRmRsu4FF3QzDM4HA==/RayTracing.class'
2020.09.03 12:42:23 INFO  skipping build import with status 'Installed'
2020.09.03 12:42:23 ERROR Unexpected error when compiling raytracing: '/Users/noahr/Desktop/raytracing/.bloop/raytracing/bloop-bsp-clients-classes/classes-Metals-eN7k4RRmRsu4FF3QzDM4HA==/RayTracing.class'
2020.09.03 12:43:35 INFO  skipping build import with status 'Installed'
2020.09.03 12:43:35 ERROR Unexpected error when compiling raytracing: '/Users/noahr/Desktop/raytracing/.bloop/raytracing/bloop-bsp-clients-classes/classes-Metals-eN7k4RRmRsu4FF3QzDM4HA==/RayTracing.class'
2020.09.03 12:43:55 INFO  skipping build import with status 'Installed'
2020.09.03 12:43:55 ERROR Unexpected error when compiling raytracing: '/Users/noahr/Desktop/raytracing/.bloop/raytracing/bloop-bsp-clients-classes/classes-Metals-eN7k4RRmRsu4FF3QzDM4HA==/RayTracing.class'
2020.09.03 12:44:14 INFO  skipping build import with status 'Installed'
2020.09.03 12:44:14 ERROR Unexpected error when compiling raytracing: '/Users/noahr/Desktop/raytracing/.bloop/raytracing/bloop-bsp-clients-classes/classes-Metals-eN7k4RRmRsu4FF3QzDM4HA==/RayTracing.class'
2020.09.03 12:46:33 INFO  skipping build import with status 'Installed'
2020.09.03 12:46:33 ERROR Unexpected error when compiling raytracing: '/Users/noahr/Desktop/raytracing/.bloop/raytracing/bloop-bsp-clients-classes/classes-Metals-eN7k4RRmRsu4FF3QzDM4HA==/RayTracing.class'
2020.09.03 12:46:51 INFO  skipping build import with status 'Installed'
2020.09.03 12:46:51 ERROR Unexpected error when compiling raytracing: '/Users/noahr/Desktop/raytracing/.bloop/raytracing/bloop-bsp-clients-classes/classes-Metals-eN7k4RRmRsu4FF3QzDM4HA==/RayTracing.class'
2020.09.03 12:47:17 INFO  skipping build import with status 'Installed'
2020.09.03 12:47:17 ERROR Unexpected error when compiling raytracing: '/Users/noahr/Desktop/raytracing/.bloop/raytracing/bloop-bsp-clients-classes/classes-Metals-eN7k4RRmRsu4FF3QzDM4HA==/RayTracing.class'
2020.09.03 12:47:25 INFO  skipping build import with status 'Installed'
2020.09.03 12:47:25 ERROR Unexpected error when compiling raytracing: '/Users/noahr/Desktop/raytracing/.bloop/raytracing/bloop-bsp-clients-classes/classes-Metals-eN7k4RRmRsu4FF3QzDM4HA==/RayTracing.class'
2020.09.03 12:48:05 INFO  skipping build import with status 'Installed'
2020.09.03 12:48:05 INFO  Deduplicating compilation of raytracing from bsp client 'Metals 0.9.3' (since 16m 4.6s)
2020.09.03 12:48:05 ERROR Unexpected error when compiling raytracing: '/Users/noahr/Desktop/raytracing/.bloop/raytracing/bloop-bsp-clients-classes/classes-Metals-eN7k4RRmRsu4FF3QzDM4HA==/RayTracing.class'
2020.09.03 12:51:20 WARN  no build target for: /Users/noahr/Desktop/raytracing/Vec3.scala
2020.09.03 12:51:20 WARN  no build target for: /Users/noahr/Desktop/raytracing/Vec3.scala
2020.09.03 12:51:20 INFO  skipping build import with status 'Installed'
2020.09.03 12:51:25 WARN  no build target for: /Users/noahr/Desktop/raytracing/Vec3.scala
2020.09.03 12:51:25 INFO  skipping build import with status 'Installed'
2020.09.03 12:51:26 WARN  no build target for: /Users/noahr/Desktop/raytracing/Vec3.scala
2020.09.03 12:51:26 INFO  skipping build import with status 'Installed'
2020.09.03 12:55:31 WARN  no build target for: /Users/noahr/Desktop/raytracing/Vec3.scala
2020.09.03 12:55:31 INFO  skipping build import with status 'Installed'
2020.09.03 12:57:49 WARN  no build target for: /Users/noahr/Desktop/raytracing/Vec3.scala
2020.09.03 12:57:49 INFO  skipping build import with status 'Installed'
2020.09.03 12:57:58 WARN  no build target for: /Users/noahr/Desktop/raytracing/Vec3.scala
2020.09.03 12:57:58 INFO  skipping build import with status 'Installed'
2020.09.03 12:58:35 WARN  no build target for: /Users/noahr/Desktop/raytracing/Vec3.scala
2020.09.03 12:58:35 INFO  skipping build import with status 'Installed'
2020.09.03 12:59:09 WARN  no build target for: /Users/noahr/Desktop/raytracing/Vec3.scala
2020.09.03 12:59:09 INFO  skipping build import with status 'Installed'
Sep 03, 2020 1:23:29 PM scala.meta.internal.pc.CompilerAccess retryWithCleanCompiler
INFO: compiler crashed due to an error in the Scala compiler, retrying with new compiler instance.
Sep 03, 2020 1:23:29 PM scala.meta.internal.pc.CompilerAccess handleError
SEVERE: null
java.lang.NullPointerException
	at scala.reflect.internal.Definitions$DefinitionsClass.isByNameParamType(Definitions.scala:417)
	at scala.reflect.internal.TreeInfo.isStableIdent(TreeInfo.scala:138)
	at scala.reflect.internal.TreeInfo.isStableIdentifier(TreeInfo.scala:113)
	at scala.reflect.internal.TreeInfo.isPath(TreeInfo.scala:102)
	at scala.reflect.internal.TreeInfo.admitsTypeSelection(TreeInfo.scala:156)
	at scala.tools.nsc.interactive.Global.stabilizedType(Global.scala:959)
	at scala.tools.nsc.interactive.Global.typedTreeAt(Global.scala:807)
	at scala.meta.internal.pc.HoverProvider.typedHoverTreeAt(HoverProvider.scala:239)
	at scala.meta.internal.pc.HoverProvider.hover(HoverProvider.scala:26)

2020.09.03 13:23:54 WARN  no build target for: /Users/noahr/Desktop/raytracing/Vec3.scala
2020.09.03 13:23:54 INFO  skipping build import with status 'Installed'
2020.09.03 13:24:10 WARN  no build target for: /Users/noahr/Desktop/raytracing/Vec3.scala
2020.09.03 13:24:10 INFO  skipping build import with status 'Installed'
2020.09.03 13:24:18 WARN  code navigation does not work for the file '/Users/noahr/Desktop/raytracing/Vec3.scala' because it doesn't belong to a build target.
2020.09.03 13:24:24 WARN  no build target for: /Users/noahr/Desktop/raytracing/Vec3.scala
2020.09.03 13:24:24 INFO  skipping build import with status 'Installed'
2020.09.03 13:27:34 WARN  no build target for: /Users/noahr/Desktop/raytracing/Vec3.scala
2020.09.03 13:27:34 INFO  skipping build import with status 'Installed'
Sep 03, 2020 1:28:57 PM scala.meta.internal.pc.CompilerAccess retryWithCleanCompiler
INFO: compiler crashed due to an error in the Scala compiler, retrying with new compiler instance.
Sep 03, 2020 1:28:57 PM scala.meta.internal.pc.CompilerAccess handleError
SEVERE: implicit class <error> extends  (of class scala.reflect.internal.Trees$ClassDef)
scala.MatchError: implicit class <error> extends  (of class scala.reflect.internal.Trees$ClassDef)
	at scala.tools.nsc.typechecker.Unapplies.constrParamss(Unapplies.scala:64)
	at scala.tools.nsc.typechecker.Unapplies.factoryMeth(Unapplies.scala:141)
	at scala.tools.nsc.typechecker.Unapplies.factoryMeth$(Unapplies.scala:138)
	at scala.meta.internal.pc.MetalsGlobal$MetalsInteractiveAnalyzer.factoryMeth(MetalsGlobal.scala:58)
	at scala.tools.nsc.typechecker.MethodSynthesis$MethodSynth.enterImplicitWrapper(MethodSynthesis.scala:229)
	at scala.tools.nsc.typechecker.MethodSynthesis$MethodSynth.enterImplicitWrapper$(MethodSynthesis.scala:228)
	at scala.tools.nsc.typechecker.Namers$Namer.enterImplicitWrapper(Namers.scala:58)
	at scala.tools.nsc.interactive.InteractiveAnalyzer$InteractiveNamer.enterExistingSym(Global.scala:94)
	at scala.tools.nsc.interactive.InteractiveAnalyzer$InteractiveNamer.enterExistingSym$(Global.scala:80)
	at scala.tools.nsc.interactive.InteractiveAnalyzer$$anon$2.enterExistingSym(Global.scala:51)
	at scala.tools.nsc.typechecker.Namers$Namer.standardEnterSym(Namers.scala:298)
	at scala.tools.nsc.typechecker.AnalyzerPlugins.pluginsEnterSym(AnalyzerPlugins.scala:479)
	at scala.tools.nsc.typechecker.AnalyzerPlugins.pluginsEnterSym$(AnalyzerPlugins.scala:478)
	at scala.meta.internal.pc.MetalsGlobal$MetalsInteractiveAnalyzer.pluginsEnterSym(MetalsGlobal.scala:58)
	at scala.tools.nsc.typechecker.Namers$Namer.enterSym(Namers.scala:272)
	at scala.tools.nsc.typechecker.Typers$Typer.enterSym(Typers.scala:1933)
	at scala.tools.nsc.typechecker.Typers$Typer.$anonfun$enterSyms$1(Typers.scala:1928)
	at scala.tools.nsc.typechecker.Typers$Typer.enterSyms(Typers.scala:1928)
	at scala.tools.nsc.typechecker.Typers$Typer.typedTemplate(Typers.scala:1990)
	at scala.tools.nsc.typechecker.Typers$Typer.typedClassDef(Typers.scala:1830)
	at scala.tools.nsc.typechecker.Typers$Typer.typed1(Typers.scala:5644)
	at scala.tools.nsc.typechecker.Typers$Typer.typed(Typers.scala:5724)
	at scala.tools.nsc.typechecker.Typers$Typer.typedStat$1(Typers.scala:5788)
	at scala.tools.nsc.typechecker.Typers$Typer.$anonfun$typedStats$10(Typers.scala:3335)
	at scala.tools.nsc.typechecker.Typers$Typer.typedStats(Typers.scala:3335)
	at scala.tools.nsc.typechecker.Typers$Typer.typedPackageDef$1(Typers.scala:5354)
	at scala.tools.nsc.typechecker.Typers$Typer.typed1(Typers.scala:5647)
	at scala.tools.nsc.typechecker.Typers$Typer.typed(Typers.scala:5724)
	at scala.tools.nsc.typechecker.Analyzer$typerFactory$TyperPhase.apply(Analyzer.scala:115)
	at scala.tools.nsc.Global$GlobalPhase.applyPhase(Global.scala:454)
	at scala.tools.nsc.interactive.Global$TyperRun.$anonfun$applyPhase$1(Global.scala:1340)
	at scala.tools.nsc.interactive.Global$TyperRun.applyPhase(Global.scala:1340)
	at scala.tools.nsc.interactive.Global$TyperRun.typeCheck(Global.scala:1333)
	at scala.tools.nsc.interactive.Global.typeCheck(Global.scala:665)
	at scala.tools.nsc.interactive.Global.typedTreeAt(Global.scala:814)
	at scala.tools.nsc.interactive.Global.completionsAt(Global.scala:1225)
	at scala.meta.internal.pc.CompletionProvider.safeCompletionsAt(CompletionProvider.scala:397)
	at scala.meta.internal.pc.CompletionProvider.completions(CompletionProvider.scala:57)

2020.09.03 13:29:21 WARN  no build target for: /Users/noahr/Desktop/raytracing/Vec3.scala
2020.09.03 13:29:21 INFO  skipping build import with status 'Installed'
2020.09.03 13:30:05 WARN  no build target for: /Users/noahr/Desktop/raytracing/Vec3.scala
2020.09.03 13:30:05 INFO  skipping build import with status 'Installed'
2020.09.03 13:30:15 WARN  no build target for: /Users/noahr/Desktop/raytracing/Vec3.scala
2020.09.03 13:30:15 INFO  skipping build import with status 'Installed'
2020.09.03 13:31:59 WARN  no build target for: /Users/noahr/Desktop/raytracing/Vec3.scala
2020.09.03 13:31:59 INFO  skipping build import with status 'Installed'
2020.09.03 13:32:06 WARN  no build target for: /Users/noahr/Desktop/raytracing/Vec3.scala
2020.09.03 13:32:06 INFO  skipping build import with status 'Installed'
2020.09.03 13:32:32 WARN  no build target for: /Users/noahr/Desktop/raytracing/Vec3.scala
2020.09.03 13:32:32 INFO  skipping build import with status 'Installed'
2020.09.03 13:32:47 WARN  no build target for: /Users/noahr/Desktop/raytracing/Vec3.scala
2020.09.03 13:32:47 INFO  skipping build import with status 'Installed'
2020.09.03 13:34:41 WARN  no build target for: /Users/noahr/Desktop/raytracing/Vec3.scala
2020.09.03 13:34:41 INFO  skipping build import with status 'Installed'
2020.09.03 13:34:42 WARN  no build target for: /Users/noahr/Desktop/raytracing/Vec3.scala
2020.09.03 13:34:42 INFO  skipping build import with status 'Installed'
2020.09.03 13:54:04 WARN  no build target for: /Users/noahr/Desktop/raytracing/Vec3.scala
2020.09.03 13:54:04 INFO  skipping build import with status 'Installed'
2020.09.03 13:54:43 WARN  no build target for: /Users/noahr/Desktop/raytracing/Vec3.scala
2020.09.03 13:54:43 INFO  skipping build import with status 'Installed'
2020.09.03 13:54:51 WARN  no build target for: /Users/noahr/Desktop/raytracing/Vec3.scala
2020.09.03 13:54:51 INFO  skipping build import with status 'Installed'
2020.09.03 13:57:13 WARN  no build target for: /Users/noahr/Desktop/raytracing/Vec3.scala
2020.09.03 13:57:13 INFO  skipping build import with status 'Installed'
2020.09.03 13:57:25 WARN  code navigation does not work for the file '/Users/noahr/Desktop/raytracing/Vec3.scala' because it doesn't belong to a build target.
2020.09.03 13:57:32 WARN  code navigation does not work for the file '/Users/noahr/Desktop/raytracing/Vec3.scala' because it doesn't belong to a build target.
2020.09.03 13:57:32 WARN  code navigation does not work for the file '/Users/noahr/Desktop/raytracing/Vec3.scala' because it doesn't belong to a build target.
2020.09.03 13:57:36 WARN  no build target for: /Users/noahr/Desktop/raytracing/Vec3.scala
2020.09.03 13:57:36 INFO  skipping build import with status 'Installed'
2020.09.03 14:01:54 WARN  no build target for: /Users/noahr/Desktop/raytracing/Vec3.scala
2020.09.03 14:01:54 INFO  skipping build import with status 'Installed'
2020.09.03 14:02:05 INFO  skipping build import with status 'Installed'
2020.09.03 14:02:05 ERROR Unexpected error when compiling raytracing: '/Users/noahr/Desktop/raytracing/.bloop/raytracing/bloop-bsp-clients-classes/classes-Metals-eN7k4RRmRsu4FF3QzDM4HA==/RayTracing.class'
2020.09.03 14:02:38 WARN  no build target for: /Users/noahr/Desktop/raytracing/Vec3.scala
2020.09.03 14:02:38 INFO  skipping build import with status 'Installed'
2020.09.03 14:02:51 WARN  no build target for: /Users/noahr/Desktop/raytracing/Vec3.scala
2020.09.03 14:02:51 INFO  skipping build import with status 'Installed'
2020.09.03 14:02:54 WARN  no build target for: /Users/noahr/Desktop/raytracing/Vec3.scala
2020.09.03 14:02:54 INFO  skipping build import with status 'Installed'
2020.09.03 14:03:21 INFO  skipping build import with status 'Installed'
2020.09.03 14:03:21 ERROR Unexpected error when compiling raytracing: '/Users/noahr/Desktop/raytracing/.bloop/raytracing/bloop-bsp-clients-classes/classes-Metals-eN7k4RRmRsu4FF3QzDM4HA==/RayTracing.class'
2020.09.03 14:03:29 INFO  skipping build import with status 'Installed'
2020.09.03 14:03:29 ERROR Unexpected error when compiling raytracing: '/Users/noahr/Desktop/raytracing/.bloop/raytracing/bloop-bsp-clients-classes/classes-Metals-eN7k4RRmRsu4FF3QzDM4HA==/RayTracing.class'
2020.09.03 14:03:40 INFO  skipping build import with status 'Installed'
2020.09.03 14:03:40 ERROR Unexpected error when compiling raytracing: '/Users/noahr/Desktop/raytracing/.bloop/raytracing/bloop-bsp-clients-classes/classes-Metals-eN7k4RRmRsu4FF3QzDM4HA==/RayTracing.class'
2020.09.03 14:04:05 INFO  skipping build import with status 'Installed'
2020.09.03 14:04:05 ERROR Unexpected error when compiling raytracing: '/Users/noahr/Desktop/raytracing/.bloop/raytracing/bloop-bsp-clients-classes/classes-Metals-eN7k4RRmRsu4FF3QzDM4HA==/RayTracing.class'
2020.09.03 14:04:18 INFO  skipping build import with status 'Installed'
2020.09.03 14:04:18 ERROR Unexpected error when compiling raytracing: '/Users/noahr/Desktop/raytracing/.bloop/raytracing/bloop-bsp-clients-classes/classes-Metals-eN7k4RRmRsu4FF3QzDM4HA==/RayTracing.class'
2020.09.03 14:04:41 WARN  no build target for: /Users/noahr/Desktop/raytracing/Vec3.scala
2020.09.03 14:04:41 INFO  skipping build import with status 'Installed'
2020.09.03 14:04:55 INFO  skipping build import with status 'Installed'
2020.09.03 14:04:55 ERROR Unexpected error when compiling raytracing: '/Users/noahr/Desktop/raytracing/.bloop/raytracing/bloop-bsp-clients-classes/classes-Metals-eN7k4RRmRsu4FF3QzDM4HA==/RayTracing.class'
2020.09.03 14:05:03 INFO  skipping build import with status 'Installed'
2020.09.03 14:05:03 INFO  Deduplicating compilation of raytracing from bsp client 'Metals 0.9.3' (since 1h 33m 2.793s)
2020.09.03 14:05:03 ERROR Unexpected error when compiling raytracing: '/Users/noahr/Desktop/raytracing/.bloop/raytracing/bloop-bsp-clients-classes/classes-Metals-eN7k4RRmRsu4FF3QzDM4HA==/RayTracing.class'
2020.09.03 14:05:44 WARN  no build target for: /Users/noahr/Desktop/raytracing/Ray.scala
2020.09.03 14:05:44 WARN  no build target for: /Users/noahr/Desktop/raytracing/Ray.scala
2020.09.03 14:05:44 INFO  skipping build import with status 'Installed'
2020.09.03 14:05:59 WARN  no build target for: /Users/noahr/Desktop/raytracing/Ray.scala
2020.09.03 14:05:59 INFO  skipping build import with status 'Installed'
2020.09.03 14:06:29 WARN  no build target for: /Users/noahr/Desktop/raytracing/Ray.scala
2020.09.03 14:06:29 INFO  skipping build import with status 'Installed'
2020.09.03 14:09:06 WARN  no build target for: /Users/noahr/Desktop/raytracing/Ray.scala
2020.09.03 14:09:06 INFO  skipping build import with status 'Installed'
2020.09.03 14:09:14 INFO  skipping build import with status 'Installed'
2020.09.03 14:09:14 ERROR Unexpected error when compiling raytracing: '/Users/noahr/Desktop/raytracing/.bloop/raytracing/bloop-bsp-clients-classes/classes-Metals-eN7k4RRmRsu4FF3QzDM4HA==/RayTracing.class'
2020.09.03 14:09:20 INFO  skipping build import with status 'Installed'
2020.09.03 14:09:20 INFO  Deduplicating compilation of raytracing from bsp client 'Metals 0.9.3' (since 1h 37m 19.141s)
2020.09.03 14:09:20 ERROR Unexpected error when compiling raytracing: '/Users/noahr/Desktop/raytracing/.bloop/raytracing/bloop-bsp-clients-classes/classes-Metals-eN7k4RRmRsu4FF3QzDM4HA==/RayTracing.class'
2020.09.03 14:09:29 WARN  no build target for: /Users/noahr/Desktop/raytracing/Ray.scala
2020.09.03 14:09:29 INFO  skipping build import with status 'Installed'
2020.09.03 14:09:31 WARN  no build target for: /Users/noahr/Desktop/raytracing/Ray.scala
2020.09.03 14:09:31 INFO  skipping build import with status 'Installed'
2020.09.03 14:13:14 INFO  skipping build import with status 'Installed'
2020.09.03 14:13:14 ERROR Unexpected error when compiling raytracing: '/Users/noahr/Desktop/raytracing/.bloop/raytracing/bloop-bsp-clients-classes/classes-Metals-eN7k4RRmRsu4FF3QzDM4HA==/RayTracing.class'
2020.09.03 14:13:37 INFO  skipping build import with status 'Installed'
2020.09.03 14:13:37 ERROR Unexpected error when compiling raytracing: '/Users/noahr/Desktop/raytracing/.bloop/raytracing/bloop-bsp-clients-classes/classes-Metals-eN7k4RRmRsu4FF3QzDM4HA==/RayTracing.class'
2020.09.03 14:13:41 INFO  skipping build import with status 'Installed'
2020.09.03 14:13:41 ERROR Unexpected error when compiling raytracing: '/Users/noahr/Desktop/raytracing/.bloop/raytracing/bloop-bsp-clients-classes/classes-Metals-eN7k4RRmRsu4FF3QzDM4HA==/RayTracing.class'
2020.09.03 14:13:58 INFO  skipping build import with status 'Installed'
2020.09.03 14:13:58 ERROR Unexpected error when compiling raytracing: '/Users/noahr/Desktop/raytracing/.bloop/raytracing/bloop-bsp-clients-classes/classes-Metals-eN7k4RRmRsu4FF3QzDM4HA==/RayTracing.class'
2020.09.03 14:14:30 INFO  skipping build import with status 'Installed'
2020.09.03 14:14:30 ERROR Unexpected error when compiling raytracing: '/Users/noahr/Desktop/raytracing/.bloop/raytracing/bloop-bsp-clients-classes/classes-Metals-eN7k4RRmRsu4FF3QzDM4HA==/RayTracing.class'
2020.09.03 14:14:36 INFO  skipping build import with status 'Installed'
2020.09.03 14:14:36 ERROR Unexpected error when compiling raytracing: '/Users/noahr/Desktop/raytracing/.bloop/raytracing/bloop-bsp-clients-classes/classes-Metals-eN7k4RRmRsu4FF3QzDM4HA==/RayTracing.class'
Sep 03, 2020 2:15:12 PM org.eclipse.lsp4j.jsonrpc.RemoteEndpoint handleCancellation
WARNING: Unmatched cancel notification for request id 4363
2020.09.03 14:15:27 INFO  skipping build import with status 'Installed'
2020.09.03 14:15:27 ERROR Unexpected error when compiling raytracing: '/Users/noahr/Desktop/raytracing/.bloop/raytracing/bloop-bsp-clients-classes/classes-Metals-eN7k4RRmRsu4FF3QzDM4HA==/RayTracing.class'
2020.09.03 14:15:42 INFO  skipping build import with status 'Installed'
2020.09.03 14:15:42 ERROR Unexpected error when compiling raytracing: '/Users/noahr/Desktop/raytracing/.bloop/raytracing/bloop-bsp-clients-classes/classes-Metals-eN7k4RRmRsu4FF3QzDM4HA==/RayTracing.class'
2020.09.03 14:15:46 INFO  skipping build import with status 'Installed'
2020.09.03 14:15:46 ERROR Unexpected error when compiling raytracing: '/Users/noahr/Desktop/raytracing/.bloop/raytracing/bloop-bsp-clients-classes/classes-Metals-eN7k4RRmRsu4FF3QzDM4HA==/RayTracing.class'
2020.09.03 14:15:50 INFO  skipping build import with status 'Installed'
2020.09.03 14:15:50 ERROR Unexpected error when compiling raytracing: '/Users/noahr/Desktop/raytracing/.bloop/raytracing/bloop-bsp-clients-classes/classes-Metals-eN7k4RRmRsu4FF3QzDM4HA==/RayTracing.class'
2020.09.03 14:16:13 INFO  skipping build import with status 'Installed'
2020.09.03 14:16:13 ERROR Unexpected error when compiling raytracing: '/Users/noahr/Desktop/raytracing/.bloop/raytracing/bloop-bsp-clients-classes/classes-Metals-eN7k4RRmRsu4FF3QzDM4HA==/RayTracing.class'
2020.09.03 14:17:26 INFO  skipping build import with status 'Installed'
2020.09.03 14:17:26 ERROR Unexpected error when compiling raytracing: '/Users/noahr/Desktop/raytracing/.bloop/raytracing/bloop-bsp-clients-classes/classes-Metals-eN7k4RRmRsu4FF3QzDM4HA==/RayTracing.class'
2020.09.03 14:18:09 INFO  skipping build import with status 'Installed'
2020.09.03 14:18:09 ERROR Unexpected error when compiling raytracing: '/Users/noahr/Desktop/raytracing/.bloop/raytracing/bloop-bsp-clients-classes/classes-Metals-eN7k4RRmRsu4FF3QzDM4HA==/RayTracing.class'
Sep 03, 2020 2:18:44 PM scala.meta.internal.pc.CompilerAccess handleError
SEVERE: offset 1240, count -2, length 1465
java.lang.StringIndexOutOfBoundsException: offset 1240, count -2, length 1465
	at java.base/java.lang.String.checkBoundsOffCount(String.java:3304)
	at java.base/java.lang.String.rangeCheck(String.java:280)
	at java.base/java.lang.String.<init>(String.java:276)
	at scala.tools.nsc.interactive.Global.typeCompletions$1(Global.scala:1230)
	at scala.tools.nsc.interactive.Global.completionsAt(Global.scala:1253)
	at scala.meta.internal.pc.SignatureHelpProvider.$anonfun$treeSymbol$1(SignatureHelpProvider.scala:376)
	at scala.Option.map(Option.scala:230)
	at scala.meta.internal.pc.SignatureHelpProvider.treeSymbol(SignatureHelpProvider.scala:374)
	at scala.meta.internal.pc.SignatureHelpProvider$MethodCall$.unapply(SignatureHelpProvider.scala:199)
	at scala.meta.internal.pc.SignatureHelpProvider$MethodCallTraverser.visit(SignatureHelpProvider.scala:310)
	at scala.meta.internal.pc.SignatureHelpProvider$MethodCallTraverser.traverse(SignatureHelpProvider.scala:304)
	at scala.meta.internal.pc.SignatureHelpProvider$MethodCallTraverser.fromTree(SignatureHelpProvider.scala:273)
	at scala.meta.internal.pc.SignatureHelpProvider.signatureHelp(SignatureHelpProvider.scala:27)

2020.09.03 14:18:46 INFO  skipping build import with status 'Installed'
2020.09.03 14:18:46 ERROR Unexpected error when compiling raytracing: '/Users/noahr/Desktop/raytracing/.bloop/raytracing/bloop-bsp-clients-classes/classes-Metals-eN7k4RRmRsu4FF3QzDM4HA==/RayTracing.class'
2020.09.03 14:18:58 INFO  skipping build import with status 'Installed'
2020.09.03 14:18:58 ERROR Unexpected error when compiling raytracing: '/Users/noahr/Desktop/raytracing/.bloop/raytracing/bloop-bsp-clients-classes/classes-Metals-eN7k4RRmRsu4FF3QzDM4HA==/RayTracing.class'
2020.09.03 14:19:06 INFO  skipping build import with status 'Installed'
2020.09.03 14:19:06 ERROR Unexpected error when compiling raytracing: '/Users/noahr/Desktop/raytracing/.bloop/raytracing/bloop-bsp-clients-classes/classes-Metals-eN7k4RRmRsu4FF3QzDM4HA==/RayTracing.class'
2020.09.03 14:19:08 INFO  skipping build import with status 'Installed'
2020.09.03 14:19:08 ERROR Unexpected error when compiling raytracing: '/Users/noahr/Desktop/raytracing/.bloop/raytracing/bloop-bsp-clients-classes/classes-Metals-eN7k4RRmRsu4FF3QzDM4HA==/RayTracing.class'
2020.09.03 14:19:19 INFO  skipping build import with status 'Installed'
2020.09.03 14:19:19 ERROR Unexpected error when compiling raytracing: '/Users/noahr/Desktop/raytracing/.bloop/raytracing/bloop-bsp-clients-classes/classes-Metals-eN7k4RRmRsu4FF3QzDM4HA==/RayTracing.class'
2020.09.03 14:22:14 INFO  skipping build import with status 'Installed'
2020.09.03 14:22:14 ERROR Unexpected error when compiling raytracing: '/Users/noahr/Desktop/raytracing/.bloop/raytracing/bloop-bsp-clients-classes/classes-Metals-eN7k4RRmRsu4FF3QzDM4HA==/RayTracing.class'
2020.09.03 14:22:21 INFO  skipping build import with status 'Installed'
2020.09.03 14:22:21 ERROR Unexpected error when compiling raytracing: '/Users/noahr/Desktop/raytracing/.bloop/raytracing/bloop-bsp-clients-classes/classes-Metals-eN7k4RRmRsu4FF3QzDM4HA==/RayTracing.class'
2020.09.03 14:22:28 INFO  skipping build import with status 'Installed'
2020.09.03 14:22:29 INFO  Deduplicating compilation of raytracing from bsp client 'Metals 0.9.3' (since 1h 50m 27.953s)
2020.09.03 14:22:29 ERROR Unexpected error when compiling raytracing: '/Users/noahr/Desktop/raytracing/.bloop/raytracing/bloop-bsp-clients-classes/classes-Metals-eN7k4RRmRsu4FF3QzDM4HA==/RayTracing.class'
2020.09.03 14:24:05 INFO  skipping build import with status 'Installed'
2020.09.03 14:24:05 INFO  Deduplicating compilation of raytracing from bsp client 'Metals 0.9.3' (since 1h 52m 4.854s)
2020.09.03 14:24:05 ERROR Unexpected error when compiling raytracing: '/Users/noahr/Desktop/raytracing/.bloop/raytracing/bloop-bsp-clients-classes/classes-Metals-eN7k4RRmRsu4FF3QzDM4HA==/RayTracing.class'
2020.09.03 14:24:21 INFO  Deduplicating compilation of raytracing from bsp client 'Metals 0.9.3' (since 1h 52m 20.46s)
2020.09.03 14:24:21 ERROR Unexpected error when compiling raytracing: '/Users/noahr/Desktop/raytracing/.bloop/raytracing/bloop-bsp-clients-classes/classes-Metals-eN7k4RRmRsu4FF3QzDM4HA==/RayTracing.class'
2020.09.03 14:24:22 WARN  no build target for: /Users/noahr/Desktop/raytracing/Vec3.scala
2020.09.03 14:24:22 WARN  no build target for: /Users/noahr/Desktop/raytracing/Ray.scala
2020.09.03 14:24:34 WARN  no build target for: /Users/noahr/Desktop/raytracing/Camera.scala
2020.09.03 14:24:34 WARN  no build target for: /Users/noahr/Desktop/raytracing/Camera.scala
2020.09.03 14:24:34 INFO  skipping build import with status 'Installed'
2020.09.03 14:27:15 WARN  no build target for: /Users/noahr/Desktop/raytracing/Camera.scala
2020.09.03 14:27:15 INFO  skipping build import with status 'Installed'
Sep 03, 2020 2:27:49 PM org.eclipse.lsp4j.jsonrpc.RemoteEndpoint handleCancellation
WARNING: Unmatched cancel notification for request id 5137
2020.09.03 14:27:59 WARN  no build target for: /Users/noahr/Desktop/raytracing/Camera.scala
2020.09.03 14:27:59 INFO  skipping build import with status 'Installed'
2020.09.03 14:28:18 INFO  skipping build import with status 'Installed'
2020.09.03 14:28:19 ERROR Unexpected error when compiling raytracing: '/Users/noahr/Desktop/raytracing/.bloop/raytracing/bloop-bsp-clients-classes/classes-Metals-eN7k4RRmRsu4FF3QzDM4HA==/RayTracing.class'
2020.09.03 14:28:26 INFO  skipping build import with status 'Installed'
2020.09.03 14:28:26 ERROR Unexpected error when compiling raytracing: '/Users/noahr/Desktop/raytracing/.bloop/raytracing/bloop-bsp-clients-classes/classes-Metals-eN7k4RRmRsu4FF3QzDM4HA==/RayTracing.class'
2020.09.03 14:29:55 WARN  no build target for: /Users/noahr/Desktop/raytracing/Camera.scala
2020.09.03 14:29:55 INFO  skipping build import with status 'Installed'
2020.09.03 14:30:02 WARN  code navigation does not work for the file '/Users/noahr/Desktop/raytracing/Camera.scala' because it doesn't belong to a build target.
2020.09.03 14:30:03 WARN  no build target for: /Users/noahr/Desktop/raytracing/Camera.scala
2020.09.03 14:30:03 INFO  skipping build import with status 'Installed'
2020.09.03 14:30:14 INFO  skipping build import with status 'Installed'
2020.09.03 14:30:14 ERROR Unexpected error when compiling raytracing: '/Users/noahr/Desktop/raytracing/.bloop/raytracing/bloop-bsp-clients-classes/classes-Metals-eN7k4RRmRsu4FF3QzDM4HA==/RayTracing.class'
2020.09.03 14:30:38 INFO  skipping build import with status 'Installed'
2020.09.03 14:30:38 ERROR Unexpected error when compiling raytracing: '/Users/noahr/Desktop/raytracing/.bloop/raytracing/bloop-bsp-clients-classes/classes-Metals-eN7k4RRmRsu4FF3QzDM4HA==/RayTracing.class'
2020.09.03 14:30:40 INFO  skipping build import with status 'Installed'
2020.09.03 14:30:40 INFO  Deduplicating compilation of raytracing from bsp client 'Metals 0.9.3' (since 1h 58m 39.542s)
2020.09.03 14:30:40 ERROR Unexpected error when compiling raytracing: '/Users/noahr/Desktop/raytracing/.bloop/raytracing/bloop-bsp-clients-classes/classes-Metals-eN7k4RRmRsu4FF3QzDM4HA==/RayTracing.class'
2020.09.03 14:30:47 INFO  skipping build import with status 'Installed'
2020.09.03 14:30:47 ERROR Unexpected error when compiling raytracing: '/Users/noahr/Desktop/raytracing/.bloop/raytracing/bloop-bsp-clients-classes/classes-Metals-eN7k4RRmRsu4FF3QzDM4HA==/RayTracing.class'
2020.09.03 14:30:51 WARN  no build target for: /Users/noahr/Desktop/raytracing/Camera.scala
2020.09.03 14:30:51 INFO  skipping build import with status 'Installed'
2020.09.03 14:32:39 WARN  no build target for: /Users/noahr/Desktop/raytracing/Camera.scala
2020.09.03 14:32:39 INFO  skipping build import with status 'Installed'
2020.09.03 14:32:41 WARN  no build target for: /Users/noahr/Desktop/raytracing/Camera.scala
2020.09.03 14:32:41 INFO  skipping build import with status 'Installed'
2020.09.03 14:32:48 WARN  no build target for: /Users/noahr/Desktop/raytracing/Camera.scala
2020.09.03 14:32:48 INFO  skipping build import with status 'Installed'
2020.09.03 14:32:54 WARN  no build target for: /Users/noahr/Desktop/raytracing/Camera.scala
2020.09.03 14:32:54 INFO  skipping build import with status 'Installed'
2020.09.03 14:33:05 WARN  no build target for: /Users/noahr/Desktop/raytracing/Camera.scala
2020.09.03 14:33:05 INFO  skipping build import with status 'Installed'
2020.09.03 14:33:14 WARN  no build target for: /Users/noahr/Desktop/raytracing/Camera.scala
2020.09.03 14:33:14 INFO  skipping build import with status 'Installed'
2020.09.03 14:33:17 WARN  no build target for: /Users/noahr/Desktop/raytracing/Camera.scala
2020.09.03 14:33:17 INFO  skipping build import with status 'Installed'
2020.09.03 14:33:22 WARN  no build target for: /Users/noahr/Desktop/raytracing/Camera.scala
2020.09.03 14:33:22 INFO  skipping build import with status 'Installed'
2020.09.03 14:33:27 WARN  no build target for: /Users/noahr/Desktop/raytracing/Camera.scala
2020.09.03 14:33:27 INFO  skipping build import with status 'Installed'
2020.09.03 14:36:51 INFO  skipping build import with status 'Installed'
2020.09.03 14:36:51 ERROR Unexpected error when compiling raytracing: '/Users/noahr/Desktop/raytracing/.bloop/raytracing/bloop-bsp-clients-classes/classes-Metals-eN7k4RRmRsu4FF3QzDM4HA==/RayTracing.class'
2020.09.03 14:38:19 INFO  skipping build import with status 'Installed'
2020.09.03 14:38:19 ERROR Unexpected error when compiling raytracing: '/Users/noahr/Desktop/raytracing/.bloop/raytracing/bloop-bsp-clients-classes/classes-Metals-eN7k4RRmRsu4FF3QzDM4HA==/RayTracing.class'
2020.09.03 14:38:38 INFO  skipping build import with status 'Installed'
2020.09.03 14:38:38 ERROR Unexpected error when compiling raytracing: '/Users/noahr/Desktop/raytracing/.bloop/raytracing/bloop-bsp-clients-classes/classes-Metals-eN7k4RRmRsu4FF3QzDM4HA==/RayTracing.class'
2020.09.03 14:38:47 INFO  skipping build import with status 'Installed'
2020.09.03 14:38:47 ERROR Unexpected error when compiling raytracing: '/Users/noahr/Desktop/raytracing/.bloop/raytracing/bloop-bsp-clients-classes/classes-Metals-eN7k4RRmRsu4FF3QzDM4HA==/RayTracing.class'
2020.09.03 14:39:10 INFO  skipping build import with status 'Installed'
2020.09.03 14:39:10 INFO  Deduplicating compilation of raytracing from bsp client 'Metals 0.9.3' (since 2h 7m 9.399s)
2020.09.03 14:39:10 ERROR Unexpected error when compiling raytracing: '/Users/noahr/Desktop/raytracing/.bloop/raytracing/bloop-bsp-clients-classes/classes-Metals-eN7k4RRmRsu4FF3QzDM4HA==/RayTracing.class'
2020.09.03 14:39:28 INFO  skipping build import with status 'Installed'
2020.09.03 14:39:28 ERROR Unexpected error when compiling raytracing: '/Users/noahr/Desktop/raytracing/.bloop/raytracing/bloop-bsp-clients-classes/classes-Metals-eN7k4RRmRsu4FF3QzDM4HA==/RayTracing.class'
2020.09.03 14:39:31 INFO  skipping build import with status 'Installed'
2020.09.03 14:39:31 ERROR Unexpected error when compiling raytracing: '/Users/noahr/Desktop/raytracing/.bloop/raytracing/bloop-bsp-clients-classes/classes-Metals-eN7k4RRmRsu4FF3QzDM4HA==/RayTracing.class'
2020.09.03 14:41:38 INFO  skipping build import with status 'Installed'
2020.09.03 14:41:38 ERROR Unexpected error when compiling raytracing: '/Users/noahr/Desktop/raytracing/.bloop/raytracing/bloop-bsp-clients-classes/classes-Metals-eN7k4RRmRsu4FF3QzDM4HA==/RayTracing.class'
2020.09.03 14:41:46 INFO  skipping build import with status 'Installed'
2020.09.03 14:41:46 ERROR Unexpected error when compiling raytracing: '/Users/noahr/Desktop/raytracing/.bloop/raytracing/bloop-bsp-clients-classes/classes-Metals-eN7k4RRmRsu4FF3QzDM4HA==/RayTracing.class'
2020.09.03 14:42:00 INFO  skipping build import with status 'Installed'
2020.09.03 14:42:00 ERROR Unexpected error when compiling raytracing: '/Users/noahr/Desktop/raytracing/.bloop/raytracing/bloop-bsp-clients-classes/classes-Metals-eN7k4RRmRsu4FF3QzDM4HA==/RayTracing.class'
2020.09.03 14:42:14 INFO  skipping build import with status 'Installed'
2020.09.03 14:42:14 ERROR Unexpected error when compiling raytracing: '/Users/noahr/Desktop/raytracing/.bloop/raytracing/bloop-bsp-clients-classes/classes-Metals-eN7k4RRmRsu4FF3QzDM4HA==/RayTracing.class'
2020.09.03 14:43:53 INFO  skipping build import with status 'Installed'
2020.09.03 14:43:53 ERROR Unexpected error when compiling raytracing: '/Users/noahr/Desktop/raytracing/.bloop/raytracing/bloop-bsp-clients-classes/classes-Metals-eN7k4RRmRsu4FF3QzDM4HA==/RayTracing.class'
2020.09.03 14:44:08 INFO  skipping build import with status 'Installed'
2020.09.03 14:44:08 ERROR Unexpected error when compiling raytracing: '/Users/noahr/Desktop/raytracing/.bloop/raytracing/bloop-bsp-clients-classes/classes-Metals-eN7k4RRmRsu4FF3QzDM4HA==/RayTracing.class'
2020.09.03 14:44:13 INFO  skipping build import with status 'Installed'
2020.09.03 14:44:13 ERROR Unexpected error when compiling raytracing: '/Users/noahr/Desktop/raytracing/.bloop/raytracing/bloop-bsp-clients-classes/classes-Metals-eN7k4RRmRsu4FF3QzDM4HA==/RayTracing.class'
2020.09.03 14:44:18 INFO  skipping build import with status 'Installed'
2020.09.03 14:44:18 ERROR Unexpected error when compiling raytracing: '/Users/noahr/Desktop/raytracing/.bloop/raytracing/bloop-bsp-clients-classes/classes-Metals-eN7k4RRmRsu4FF3QzDM4HA==/RayTracing.class'
2020.09.03 14:44:38 INFO  skipping build import with status 'Installed'
2020.09.03 14:44:38 ERROR Unexpected error when compiling raytracing: '/Users/noahr/Desktop/raytracing/.bloop/raytracing/bloop-bsp-clients-classes/classes-Metals-eN7k4RRmRsu4FF3QzDM4HA==/RayTracing.class'
2020.09.03 14:45:51 INFO  skipping build import with status 'Installed'
2020.09.03 14:45:51 INFO  Deduplicating compilation of raytracing from bsp client 'Metals 0.9.3' (since 2h 13m 50.66s)
2020.09.03 14:45:51 ERROR Unexpected error when compiling raytracing: '/Users/noahr/Desktop/raytracing/.bloop/raytracing/bloop-bsp-clients-classes/classes-Metals-eN7k4RRmRsu4FF3QzDM4HA==/RayTracing.class'
2020.09.03 14:46:27 INFO  skipping build import with status 'Installed'
2020.09.03 14:46:27 ERROR Unexpected error when compiling raytracing: '/Users/noahr/Desktop/raytracing/.bloop/raytracing/bloop-bsp-clients-classes/classes-Metals-eN7k4RRmRsu4FF3QzDM4HA==/RayTracing.class'
2020.09.03 14:47:06 INFO  Deduplicating compilation of raytracing from bsp client 'Metals 0.9.3' (since 2h 15m 5.47s)
2020.09.03 14:47:06 ERROR Unexpected error when compiling raytracing: '/Users/noahr/Desktop/raytracing/.bloop/raytracing/bloop-bsp-clients-classes/classes-Metals-eN7k4RRmRsu4FF3QzDM4HA==/RayTracing.class'
2020.09.03 14:47:06 INFO  Deduplicating compilation of raytracing from bsp client 'Metals 0.9.3' (since 2h 15m 5.566s)
2020.09.03 14:47:06 ERROR Unexpected error when compiling raytracing: '/Users/noahr/Desktop/raytracing/.bloop/raytracing/bloop-bsp-clients-classes/classes-Metals-eN7k4RRmRsu4FF3QzDM4HA==/RayTracing.class'
2020.09.03 14:47:14 INFO  running '/Users/noahr/.jabba/jdk/adopt@1.11.0-7/Contents/Home/bin/java -Djline.terminal=jline.UnsupportedTerminal -Dsbt.log.noformat=true -Dfile.encoding=UTF-8 -jar /var/folders/0j/w5rgn65j37d8mnfz6z8w2jnr0000gn/T/metals16959625677929181430/sbt-launch.jar -Dbloop.export-jar-classifiers=sources bloopInstall'
2020.09.03 14:47:17 INFO  [info] welcome to sbt 1.3.13 (AdoptOpenJDK Java 11.0.7)
2020.09.03 14:47:17 INFO  [info] loading settings for project raytracing-build-build from metals.sbt ...
2020.09.03 14:47:19 INFO  [info] loading project definition from /Users/noahr/Desktop/raytracing/project/project
2020.09.03 14:47:19 INFO  [info] loading settings for project raytracing-build from metals.sbt ...
2020.09.03 14:47:20 INFO  [info] loading project definition from /Users/noahr/Desktop/raytracing/project
2020.09.03 14:47:22 INFO  [success] Generated .bloop/raytracing-build.json
2020.09.03 14:47:22 INFO  [success] Total time: 2 s, completed Sep 3, 2020, 2:47:22 PM
2020.09.03 14:47:22 INFO  [info] loading settings for project raytracing from raytracing.sbt ...
2020.09.03 14:47:22 INFO  [info] set current project to raytracing (in build file:/Users/noahr/Desktop/raytracing/)
2020.09.03 14:47:22 INFO  [success] Generated .bloop/raytracing.json
2020.09.03 14:47:22 INFO  [success] Generated .bloop/raytracing-test.json
2020.09.03 14:47:22 INFO  [success] Total time: 0 s, completed Sep 3, 2020, 2:47:22 PM
2020.09.03 14:47:22 INFO  build tool exit: 0
2020.09.03 14:47:23 INFO  time: ran 'sbt bloopInstall' in 8.35s
2020.09.03 14:47:23 INFO  disconnected: build server
No more data in the client stdin, exiting...
No more data in the client stdin, exiting...
Starting the bsp launcher for bloop...
No more data in the server stdin, exiting...
No more data in the server stdin, exiting...
No more data in the server stdin, exiting...
No more data in the server stdin, exiting...
Opening a bsp server connection with 'bsp --protocol local --socket /var/folders/0j/w5rgn65j37d8mnfz6z8w2jnr0000gn/T/bsp-launcher3429353085890284074/bsp.socket'...
Waiting for the bsp connection to come up...
[0m[32m[D][0m Loading workspace settings from bloop.settings.json
[0m[32m[D][0m Loading 2 projects from '/Users/noahr/Desktop/raytracing/.bloop'...
[0m[32m[D][0m Loading project from '/Users/noahr/Desktop/raytracing/.bloop/raytracing-test.json'
[0m[32m[D][0m Loading project from '/Users/noahr/Desktop/raytracing/.bloop/raytracing.json'
[0m[32m[D][0m Configured SemanticDB in projects 'raytracing-test', 'raytracing'
[0m[32m[D][0m Waiting for a connection at local:///var/folders/0j/w5rgn65j37d8mnfz6z8w2jnr0000gn/T/bsp-launcher3429353085890284074/bsp.socket...
The server is listening for incoming connections at local:///var/folders/0j/w5rgn65j37d8mnfz6z8w2jnr0000gn/T/bsp-launcher3429353085890284074/bsp.socket...
Starting thread that pumps stdin and redirects it to the bsp server...
Starting thread that pumps server stdout and redirects it to the client stdout...
2020.09.03 14:47:23 INFO  tracing is disabled for protocol BSP, to enable tracing of incoming and outgoing JSON messages create an empty file at /Users/noahr/Library/Caches/org.scalameta.metals/bsp.trace.json
Starting the bsp launcher for bloop...
Opening a bsp server connection with 'bsp --protocol local --socket /var/folders/0j/w5rgn65j37d8mnfz6z8w2jnr0000gn/T/bsp-launcher16529453451601308379/bsp.socket'...
Waiting for the bsp connection to come up...
[0m[32m[D][0m Loading workspace settings from bloop.settings.json
[0m[32m[D][0m Waiting for a connection at local:///var/folders/0j/w5rgn65j37d8mnfz6z8w2jnr0000gn/T/bsp-launcher16529453451601308379/bsp.socket...
The server is listening for incoming connections at local:///var/folders/0j/w5rgn65j37d8mnfz6z8w2jnr0000gn/T/bsp-launcher16529453451601308379/bsp.socket...
Starting thread that pumps stdin and redirects it to the bsp server...
Starting thread that pumps server stdout and redirects it to the client stdout...
2020.09.03 14:47:23 INFO  tracing is disabled for protocol BSP, to enable tracing of incoming and outgoing JSON messages create an empty file at /Users/noahr/Library/Caches/org.scalameta.metals/bsp.trace.json
2020.09.03 14:47:23 INFO  Connected to Build server v1.4.3-23-550c6c0a
2020.09.03 14:47:24 INFO  time: indexed workspace in 1.01s
2020.09.03 14:47:24 ERROR Unexpected error when compiling raytracing: '/Users/noahr/Desktop/raytracing/.bloop/raytracing/bloop-bsp-clients-classes/classes-Metals-eN7k4RRmRsu4FF3QzDM4HA==/RayTracing.class'
2020.09.03 14:47:31 INFO  Deduplicating compilation of raytracing from bsp client 'Metals 0.9.3' (since 8.054s)
2020.09.03 14:47:31 ERROR Unexpected error when compiling raytracing: '/Users/noahr/Desktop/raytracing/.bloop/raytracing/bloop-bsp-clients-classes/classes-Metals-eN7k4RRmRsu4FF3QzDM4HA==/RayTracing.class'
2020.09.03 14:47:48 INFO  skipping build import with status 'Installed'
2020.09.03 14:47:48 ERROR Unexpected error when compiling raytracing: '/Users/noahr/Desktop/raytracing/.bloop/raytracing/bloop-bsp-clients-classes/classes-Metals-eN7k4RRmRsu4FF3QzDM4HA==/RayTracing.class'
2020.09.03 14:48:09 ERROR code navigation does not work for the file '/Users/noahr/Desktop/raytracing/RayTracing.scala' because the SemanticDB file '/Users/noahr/Desktop/raytracing/.bloop/raytracing/bloop-bsp-clients-classes/classes-Metals-D6Ly52SsSG6VBfMm6N2v9w==/META-INF/semanticdb/RayTracing.scala.semanticdb' doesn't exist. There can be many reasons for this error. 
2020.09.03 14:48:09 INFO  skipping build import with status 'Installed'
2020.09.03 14:48:09 ERROR Unexpected error when compiling raytracing: '/Users/noahr/Desktop/raytracing/.bloop/raytracing/bloop-bsp-clients-classes/classes-Metals-eN7k4RRmRsu4FF3QzDM4HA==/RayTracing.class'
2020.09.03 14:48:30 INFO  skipping build import with status 'Installed'
2020.09.03 14:48:30 ERROR Unexpected error when compiling raytracing: '/Users/noahr/Desktop/raytracing/.bloop/raytracing/bloop-bsp-clients-classes/classes-Metals-eN7k4RRmRsu4FF3QzDM4HA==/RayTracing.class'
2020.09.03 14:48:42 INFO  skipping build import with status 'Installed'
2020.09.03 14:48:42 ERROR Unexpected error when compiling raytracing: '/Users/noahr/Desktop/raytracing/.bloop/raytracing/bloop-bsp-clients-classes/classes-Metals-eN7k4RRmRsu4FF3QzDM4HA==/RayTracing.class'
2020.09.03 14:48:49 INFO  skipping build import with status 'Installed'
2020.09.03 14:48:49 ERROR Unexpected error when compiling raytracing: '/Users/noahr/Desktop/raytracing/.bloop/raytracing/bloop-bsp-clients-classes/classes-Metals-eN7k4RRmRsu4FF3QzDM4HA==/RayTracing.class'
2020.09.03 14:49:17 INFO  skipping build import with status 'Installed'
2020.09.03 14:49:17 ERROR Unexpected error when compiling raytracing: '/Users/noahr/Desktop/raytracing/.bloop/raytracing/bloop-bsp-clients-classes/classes-Metals-eN7k4RRmRsu4FF3QzDM4HA==/RayTracing.class'
2020.09.03 14:49:20 INFO  skipping build import with status 'Installed'
2020.09.03 14:49:20 INFO  Deduplicating compilation of raytracing from bsp client 'Metals 0.9.3' (since 1m 57.112s)
2020.09.03 14:49:20 ERROR Unexpected error when compiling raytracing: '/Users/noahr/Desktop/raytracing/.bloop/raytracing/bloop-bsp-clients-classes/classes-Metals-eN7k4RRmRsu4FF3QzDM4HA==/RayTracing.class'
2020.09.03 14:58:44 WARN  no build target for: /Users/noahr/Desktop/raytracing/Hittable.scala
2020.09.03 14:58:44 WARN  no build target for: /Users/noahr/Desktop/raytracing/Hittable.scala
2020.09.03 14:58:44 INFO  skipping build import with status 'Installed'
2020.09.03 14:59:15 WARN  no build target for: /Users/noahr/Desktop/raytracing/Hittable.scala
2020.09.03 14:59:15 INFO  skipping build import with status 'Installed'
2020.09.03 14:59:29 WARN  no build target for: /Users/noahr/Desktop/raytracing/Hittable.scala
2020.09.03 14:59:29 INFO  skipping build import with status 'Installed'
2020.09.03 14:59:46 WARN  no build target for: /Users/noahr/Desktop/raytracing/Sphere.scala
2020.09.03 14:59:46 WARN  no build target for: /Users/noahr/Desktop/raytracing/Sphere.scala
2020.09.03 14:59:46 INFO  skipping build import with status 'Installed'
2020.09.03 15:00:09 WARN  no build target for: /Users/noahr/Desktop/raytracing/Sphere.scala
2020.09.03 15:00:09 INFO  skipping build import with status 'Installed'
2020.09.03 15:00:23 WARN  no build target for: /Users/noahr/Desktop/raytracing/Sphere.scala
2020.09.03 15:00:23 INFO  skipping build import with status 'Installed'
2020.09.03 15:00:34 WARN  code navigation does not work for the file '/Users/noahr/Desktop/raytracing/Hittable.scala' because it doesn't belong to a build target.
2020.09.03 15:00:37 WARN  no build target for: /Users/noahr/Desktop/raytracing/Sphere.scala
2020.09.03 15:00:37 INFO  skipping build import with status 'Installed'
2020.09.03 15:00:45 WARN  no build target for: /Users/noahr/Desktop/raytracing/Sphere.scala
2020.09.03 15:00:45 INFO  skipping build import with status 'Installed'
2020.09.03 15:00:47 WARN  no build target for: /Users/noahr/Desktop/raytracing/Sphere.scala
2020.09.03 15:00:47 INFO  skipping build import with status 'Installed'
2020.09.03 15:01:01 WARN  no build target for: /Users/noahr/Desktop/raytracing/Sphere.scala
2020.09.03 15:01:01 INFO  skipping build import with status 'Installed'
2020.09.03 15:01:06 WARN  no build target for: /Users/noahr/Desktop/raytracing/Sphere.scala
2020.09.03 15:01:06 INFO  skipping build import with status 'Installed'
2020.09.03 15:02:00 WARN  no build target for: /Users/noahr/Desktop/raytracing/Hittable.scala
2020.09.03 15:02:00 INFO  skipping build import with status 'Installed'
Sep 03, 2020 3:02:59 PM org.eclipse.lsp4j.jsonrpc.RemoteEndpoint handleCancellation
WARNING: Unmatched cancel notification for request id 7418
2020.09.03 15:03:00 WARN  no build target for: /Users/noahr/Desktop/raytracing/Hittable.scala
2020.09.03 15:03:00 INFO  skipping build import with status 'Installed'
2020.09.03 15:03:08 WARN  no build target for: /Users/noahr/Desktop/raytracing/Sphere.scala
2020.09.03 15:03:08 INFO  skipping build import with status 'Installed'
2020.09.03 15:03:39 ERROR code navigation does not work for the file '/Users/noahr/Desktop/raytracing/RayTracing.scala' because the SemanticDB file '/Users/noahr/Desktop/raytracing/.bloop/raytracing/bloop-bsp-clients-classes/classes-Metals-D6Ly52SsSG6VBfMm6N2v9w==/META-INF/semanticdb/RayTracing.scala.semanticdb' doesn't exist. There can be many reasons for this error. 
2020.09.03 15:03:39 INFO  skipping build import with status 'Installed'
2020.09.03 15:03:39 ERROR Unexpected error when compiling raytracing: '/Users/noahr/Desktop/raytracing/.bloop/raytracing/bloop-bsp-clients-classes/classes-Metals-eN7k4RRmRsu4FF3QzDM4HA==/RayTracing.class'
2020.09.03 15:04:03 WARN  no build target for: /Users/noahr/Desktop/raytracing/Sphere.scala
2020.09.03 15:04:03 INFO  skipping build import with status 'Installed'
2020.09.03 15:05:43 WARN  no build target for: /Users/noahr/Desktop/raytracing/Sphere.scala
2020.09.03 15:05:43 INFO  skipping build import with status 'Installed'
2020.09.03 15:05:59 WARN  no build target for: /Users/noahr/Desktop/raytracing/Sphere.scala
2020.09.03 15:05:59 INFO  skipping build import with status 'Installed'
2020.09.03 15:07:05 WARN  no build target for: /Users/noahr/Desktop/raytracing/Sphere.scala
2020.09.03 15:07:05 INFO  skipping build import with status 'Installed'
2020.09.03 15:07:14 WARN  no build target for: /Users/noahr/Desktop/raytracing/Sphere.scala
2020.09.03 15:07:14 INFO  skipping build import with status 'Installed'
2020.09.03 15:07:21 WARN  no build target for: /Users/noahr/Desktop/raytracing/Sphere.scala
2020.09.03 15:07:21 INFO  skipping build import with status 'Installed'
2020.09.03 15:07:26 WARN  no build target for: /Users/noahr/Desktop/raytracing/Hittable.scala
2020.09.03 15:07:26 INFO  skipping build import with status 'Installed'
2020.09.03 15:07:58 WARN  no build target for: /Users/noahr/Desktop/raytracing/Sphere.scala
2020.09.03 15:07:58 INFO  skipping build import with status 'Installed'
2020.09.03 15:08:15 WARN  no build target for: /Users/noahr/Desktop/raytracing/Sphere.scala
2020.09.03 15:08:15 INFO  skipping build import with status 'Installed'
2020.09.03 15:09:10 WARN  no build target for: /Users/noahr/Desktop/raytracing/Sphere.scala
2020.09.03 15:09:10 INFO  skipping build import with status 'Installed'
2020.09.03 15:09:17 WARN  no build target for: /Users/noahr/Desktop/raytracing/Sphere.scala
2020.09.03 15:09:17 INFO  skipping build import with status 'Installed'
2020.09.03 15:09:40 WARN  no build target for: /Users/noahr/Desktop/raytracing/Sphere.scala
2020.09.03 15:09:40 INFO  skipping build import with status 'Installed'
2020.09.03 15:09:50 WARN  no build target for: /Users/noahr/Desktop/raytracing/Sphere.scala
2020.09.03 15:09:50 INFO  skipping build import with status 'Installed'
2020.09.03 15:09:59 WARN  no build target for: /Users/noahr/Desktop/raytracing/Sphere.scala
2020.09.03 15:09:59 INFO  skipping build import with status 'Installed'
2020.09.03 15:11:07 WARN  no build target for: /Users/noahr/Desktop/raytracing/Sphere.scala
2020.09.03 15:11:07 INFO  skipping build import with status 'Installed'
2020.09.03 15:24:10 WARN  no build target for: /Users/noahr/Desktop/raytracing/Hittable.scala
2020.09.03 15:24:10 INFO  skipping build import with status 'Installed'
2020.09.03 15:25:26 WARN  no build target for: /Users/noahr/Desktop/raytracing/Hittable.scala
2020.09.03 15:25:26 INFO  skipping build import with status 'Installed'
2020.09.03 15:25:37 WARN  no build target for: /Users/noahr/Desktop/raytracing/Sphere.scala
2020.09.03 15:25:37 INFO  skipping build import with status 'Installed'
2020.09.03 15:32:57 WARN  no build target for: /Users/noahr/Desktop/raytracing/Hittable.scala
2020.09.03 15:32:57 INFO  skipping build import with status 'Installed'
2020.09.03 15:34:50 WARN  no build target for: /Users/noahr/Desktop/raytracing/Hittable.scala
2020.09.03 15:34:50 INFO  skipping build import with status 'Installed'
2020.09.03 15:38:00 WARN  no build target for: /Users/noahr/Desktop/raytracing/Hittable.scala
2020.09.03 15:38:00 INFO  skipping build import with status 'Installed'
2020.09.03 15:38:25 WARN  no build target for: /Users/noahr/Desktop/raytracing/Hittable.scala
2020.09.03 15:38:25 INFO  skipping build import with status 'Installed'
2020.09.03 15:38:45 WARN  no build target for: /Users/noahr/Desktop/raytracing/Hittable.scala
2020.09.03 15:38:45 INFO  skipping build import with status 'Installed'
2020.09.03 15:39:04 WARN  no build target for: /Users/noahr/Desktop/raytracing/Hittable.scala
2020.09.03 15:39:04 INFO  skipping build import with status 'Installed'
2020.09.03 15:39:10 WARN  no build target for: /Users/noahr/Desktop/raytracing/Hittable.scala
2020.09.03 15:39:10 INFO  skipping build import with status 'Installed'
2020.09.03 15:39:18 WARN  no build target for: /Users/noahr/Desktop/raytracing/Hittable.scala
2020.09.03 15:39:18 INFO  skipping build import with status 'Installed'
2020.09.03 15:39:36 WARN  no build target for: /Users/noahr/Desktop/raytracing/Hittable.scala
2020.09.03 15:39:36 INFO  skipping build import with status 'Installed'
something's wrong: no file:///Users/noahr/Desktop/raytracing/Hittable.scala in (Hittable, <error>)RangePosition(file:///Users/noahr/Desktop/raytracing/Hittable.scala, 449, 449, 475)
something's wrong: no file:///Users/noahr/Desktop/raytracing/Hittable.scala in (Hittable, <error>)RangePosition(file:///Users/noahr/Desktop/raytracing/Hittable.scala, 449, 449, 468)
something's wrong: no file:///Users/noahr/Desktop/raytracing/Hittable.scala in (Hittable, Double)RangePosition(file:///Users/noahr/Desktop/raytracing/Hittable.scala, 449, 449, 473)
2020.09.03 15:40:29 WARN  no build target for: /Users/noahr/Desktop/raytracing/Hittable.scala
2020.09.03 15:40:29 INFO  skipping build import with status 'Installed'
2020.09.03 15:41:59 WARN  no build target for: /Users/noahr/Desktop/raytracing/Hittable.scala
2020.09.03 15:41:59 INFO  skipping build import with status 'Installed'
2020.09.03 15:42:18 WARN  no build target for: /Users/noahr/Desktop/raytracing/Hittable.scala
2020.09.03 15:42:18 INFO  skipping build import with status 'Installed'
2020.09.03 15:42:31 WARN  no build target for: /Users/noahr/Desktop/raytracing/Hittable.scala
2020.09.03 15:42:31 INFO  skipping build import with status 'Installed'
2020.09.03 15:43:00 WARN  code navigation does not work for the file '/Users/noahr/Desktop/raytracing/Hittable.scala' because it doesn't belong to a build target.
2020.09.03 15:43:00 WARN  no build target for: /Users/noahr/Desktop/raytracing/Hittable.scala
2020.09.03 15:43:00 INFO  skipping build import with status 'Installed'
2020.09.03 15:43:14 WARN  no build target for: /Users/noahr/Desktop/raytracing/Hittable.scala
2020.09.03 15:43:14 INFO  skipping build import with status 'Installed'
something's wrong: no file:///Users/noahr/Desktop/raytracing/Hittable.scala in (Hittable, Double)RangePosition(file:///Users/noahr/Desktop/raytracing/Hittable.scala, 449, 449, 473)
something's wrong: no file:///Users/noahr/Desktop/raytracing/Hittable.scala in (Hittable, Double)RangePosition(file:///Users/noahr/Desktop/raytracing/Hittable.scala, 449, 449, 473)
something's wrong: no file:///Users/noahr/Desktop/raytracing/Hittable.scala in Option[Hittable]RangePosition(file:///Users/noahr/Desktop/raytracing/Hittable.scala, 439, 439, 455)
something's wrong: no file:///Users/noahr/Desktop/raytracing/Hittable.scala in Option[Hittable]RangePosition(file:///Users/noahr/Desktop/raytracing/Hittable.scala, 439, 439, 455)
2020.09.03 15:48:08 WARN  no build target for: /Users/noahr/Desktop/raytracing/Hittable.scala
2020.09.03 15:48:08 INFO  skipping build import with status 'Installed'
2020.09.03 15:48:24 WARN  no build target for: /Users/noahr/Desktop/raytracing/Hittable.scala
2020.09.03 15:48:24 INFO  skipping build import with status 'Installed'
2020.09.03 15:48:49 WARN  no build target for: /Users/noahr/Desktop/raytracing/Hittable.scala
2020.09.03 15:48:49 INFO  skipping build import with status 'Installed'
2020.09.03 15:50:36 WARN  no build target for: /Users/noahr/Desktop/raytracing/Hittable.scala
2020.09.03 15:50:36 INFO  skipping build import with status 'Installed'
something's wrong: no file:///Users/noahr/Desktop/raytracing/Hittable.scala in Option[<error>]RangePosition(file:///Users/noahr/Desktop/raytracing/Hittable.scala, 430, 430, 673)
2020.09.03 15:51:05 WARN  no build target for: /Users/noahr/Desktop/raytracing/Hittable.scala
2020.09.03 15:51:05 INFO  skipping build import with status 'Installed'
2020.09.03 15:52:50 WARN  no build target for: /Users/noahr/Desktop/raytracing/Hittable.scala
2020.09.03 15:52:50 INFO  skipping build import with status 'Installed'
2020.09.03 15:53:46 WARN  no build target for: /Users/noahr/Desktop/raytracing/Hittable.scala
2020.09.03 15:53:46 INFO  skipping build import with status 'Installed'
2020.09.03 15:54:58 WARN  no build target for: /Users/noahr/Desktop/raytracing/Hittable.scala
2020.09.03 15:54:58 INFO  skipping build import with status 'Installed'
something's wrong: no file:///Users/noahr/Desktop/raytracing/Hittable.scala in Option[Hit]RangePosition(file:///Users/noahr/Desktop/raytracing/Hittable.scala, 461, 461, 472)
something's wrong: no file:///Users/noahr/Desktop/raytracing/Hittable.scala in Option[Hit]RangePosition(file:///Users/noahr/Desktop/raytracing/Hittable.scala, 461, 461, 472)
2020.09.03 16:01:02 WARN  no build target for: /Users/noahr/Desktop/raytracing/Hittable.scala
2020.09.03 16:01:02 INFO  skipping build import with status 'Installed'
2020.09.03 16:01:13 WARN  no build target for: /Users/noahr/Desktop/raytracing/Hittable.scala
2020.09.03 16:01:13 INFO  skipping build import with status 'Installed'
something's wrong: no file:///Users/noahr/Desktop/raytracing/Hittable.scala in Vector[Hittable]RangePosition(file:///Users/noahr/Desktop/raytracing/Hittable.scala, 331, 331, 347)
2020.09.03 16:02:21 WARN  no build target for: /Users/noahr/Desktop/raytracing/Hittable.scala
2020.09.03 16:02:21 INFO  skipping build import with status 'Installed'
2020.09.03 16:08:26 ERROR code navigation does not work for the file '/Users/noahr/Desktop/raytracing/RayTracing.scala' because the SemanticDB file '/Users/noahr/Desktop/raytracing/.bloop/raytracing/bloop-bsp-clients-classes/classes-Metals-D6Ly52SsSG6VBfMm6N2v9w==/META-INF/semanticdb/RayTracing.scala.semanticdb' doesn't exist. There can be many reasons for this error. 
2020.09.03 16:08:32 INFO  skipping build import with status 'Installed'
2020.09.03 16:08:32 ERROR Unexpected error when compiling raytracing: '/Users/noahr/Desktop/raytracing/.bloop/raytracing/bloop-bsp-clients-classes/classes-Metals-eN7k4RRmRsu4FF3QzDM4HA==/RayTracing.class'
Sep 03, 2020 4:08:35 PM com.sun.jna.Native$1 uncaughtException
WARNING: JNA: Callback io.methvin.watchservice.MacOSXListeningWatchService$MacOSXListeningCallback@6abcfd00 threw the following exception
java.lang.IllegalStateException: Could not recursively list files for /Users/noahr/Desktop/raytracing/target/scala-2.12/classes.bak/
	at io.methvin.watchservice.MacOSXListeningWatchService$MacOSXListeningCallback.invoke(MacOSXListeningWatchService.java:231)
	at jdk.internal.reflect.GeneratedMethodAccessor20.invoke(Unknown Source)
	at java.base/jdk.internal.reflect.DelegatingMethodAccessorImpl.invoke(DelegatingMethodAccessorImpl.java:43)
	at java.base/java.lang.reflect.Method.invoke(Method.java:566)
	at com.sun.jna.CallbackReference$DefaultCallbackProxy.invokeCallback(CallbackReference.java:520)
	at com.sun.jna.CallbackReference$DefaultCallbackProxy.callback(CallbackReference.java:551)
	at com.sun.jna.Native.invokeVoid(Native Method)
	at com.sun.jna.Function.invoke(Function.java:415)
	at com.sun.jna.Function.invoke(Function.java:361)
	at com.sun.jna.Library$Handler.invoke(Library.java:265)
	at com.sun.proxy.$Proxy13.CFRunLoopRun(Unknown Source)
	at io.methvin.watchservice.MacOSXListeningWatchService$CFRunLoopThread.run(MacOSXListeningWatchService.java:174)
Caused by: java.nio.file.NoSuchFileException: /Users/noahr/Desktop/raytracing/target/scala-2.12/classes.bak/sbt4015030874040623225.class
	at java.base/sun.nio.fs.UnixException.translateToIOException(UnixException.java:92)
	at java.base/sun.nio.fs.UnixException.rethrowAsIOException(UnixException.java:111)
	at java.base/sun.nio.fs.UnixException.rethrowAsIOException(UnixException.java:116)
	at java.base/sun.nio.fs.UnixFileAttributeViews$Basic.readAttributes(UnixFileAttributeViews.java:55)
	at java.base/sun.nio.fs.UnixFileSystemProvider.readAttributes(UnixFileSystemProvider.java:149)
	at java.base/java.nio.file.Files.readAttributes(Files.java:1763)
	at java.base/java.nio.file.FileTreeWalker.getAttributes(FileTreeWalker.java:219)
	at java.base/java.nio.file.FileTreeWalker.visit(FileTreeWalker.java:276)
	at java.base/java.nio.file.FileTreeWalker.next(FileTreeWalker.java:373)
	at java.base/java.nio.file.Files.walkFileTree(Files.java:2760)
	at java.base/java.nio.file.Files.walkFileTree(Files.java:2796)
	at io.methvin.watcher.PathUtils.recursiveVisitFiles(PathUtils.java:86)
	at io.methvin.watcher.PathUtils.recursiveListFiles(PathUtils.java:75)
	at io.methvin.watchservice.MacOSXListeningWatchService$MacOSXListeningCallback.invoke(MacOSXListeningWatchService.java:229)
	... 11 more

something's wrong: no file:///Users/noahr/Desktop/raytracing/RayTracing.scala in Option[<error>]RangePosition(file:///Users/noahr/Desktop/raytracing/RayTracing.scala, 139, 139, 155)
something's wrong: no file:///Users/noahr/Desktop/raytracing/RayTracing.scala in Option[<error>]RangePosition(file:///Users/noahr/Desktop/raytracing/RayTracing.scala, 139, 139, 148)
something's wrong: no file:///Users/noahr/Desktop/raytracing/RayTracing.scala in Option[<error>]RangePosition(file:///Users/noahr/Desktop/raytracing/RayTracing.scala, 139, 139, 150)
something's wrong: no file:///Users/noahr/Desktop/raytracing/RayTracing.scala in Option[<error>]RangePosition(file:///Users/noahr/Desktop/raytracing/RayTracing.scala, 139, 139, 150)
2020.09.03 16:11:03 INFO  skipping build import with status 'Installed'
2020.09.03 16:11:03 ERROR Unexpected error when compiling raytracing: '/Users/noahr/Desktop/raytracing/.bloop/raytracing/bloop-bsp-clients-classes/classes-Metals-eN7k4RRmRsu4FF3QzDM4HA==/RayTracing.class'
2020.09.03 16:11:16 INFO  skipping build import with status 'Installed'
2020.09.03 16:11:16 ERROR Unexpected error when compiling raytracing: '/Users/noahr/Desktop/raytracing/.bloop/raytracing/bloop-bsp-clients-classes/classes-Metals-eN7k4RRmRsu4FF3QzDM4HA==/RayTracing.class'
2020.09.03 16:11:54 INFO  skipping build import with status 'Installed'
2020.09.03 16:11:54 ERROR Unexpected error when compiling raytracing: '/Users/noahr/Desktop/raytracing/.bloop/raytracing/bloop-bsp-clients-classes/classes-Metals-eN7k4RRmRsu4FF3QzDM4HA==/RayTracing.class'
2020.09.03 16:12:01 INFO  skipping build import with status 'Installed'
2020.09.03 16:12:01 ERROR Unexpected error when compiling raytracing: '/Users/noahr/Desktop/raytracing/.bloop/raytracing/bloop-bsp-clients-classes/classes-Metals-eN7k4RRmRsu4FF3QzDM4HA==/RayTracing.class'
2020.09.03 16:13:15 INFO  skipping build import with status 'Installed'
2020.09.03 16:13:15 ERROR Unexpected error when compiling raytracing: '/Users/noahr/Desktop/raytracing/.bloop/raytracing/bloop-bsp-clients-classes/classes-Metals-eN7k4RRmRsu4FF3QzDM4HA==/RayTracing.class'
2020.09.03 16:13:58 INFO  skipping build import with status 'Installed'
2020.09.03 16:13:58 ERROR Unexpected error when compiling raytracing: '/Users/noahr/Desktop/raytracing/.bloop/raytracing/bloop-bsp-clients-classes/classes-Metals-eN7k4RRmRsu4FF3QzDM4HA==/RayTracing.class'
something's wrong: no file:///Users/noahr/Desktop/raytracing/Hittable.scala in List[Hittable]RangePosition(file:///Users/noahr/Desktop/raytracing/Hittable.scala, 331, 331, 345)
something's wrong: no file:///Users/noahr/Desktop/raytracing/Hittable.scala in List[Hittable]RangePosition(file:///Users/noahr/Desktop/raytracing/Hittable.scala, 331, 331, 345)
something's wrong: no file:///Users/noahr/Desktop/raytracing/Hittable.scala in List[Hittable]RangePosition(file:///Users/noahr/Desktop/raytracing/Hittable.scala, 331, 331, 345)
2020.09.03 16:14:24 WARN  no build target for: /Users/noahr/Desktop/raytracing/Hittable.scala
2020.09.03 16:14:24 INFO  skipping build import with status 'Installed'
2020.09.03 16:14:30 INFO  skipping build import with status 'Installed'
2020.09.03 16:14:30 ERROR Unexpected error when compiling raytracing: '/Users/noahr/Desktop/raytracing/.bloop/raytracing/bloop-bsp-clients-classes/classes-Metals-eN7k4RRmRsu4FF3QzDM4HA==/RayTracing.class'
2020.09.03 16:14:55 INFO  skipping build import with status 'Installed'
2020.09.03 16:14:55 ERROR Unexpected error when compiling raytracing: '/Users/noahr/Desktop/raytracing/.bloop/raytracing/bloop-bsp-clients-classes/classes-Metals-eN7k4RRmRsu4FF3QzDM4HA==/RayTracing.class'
2020.09.03 16:15:42 INFO  Deduplicating compilation of raytracing from bsp client 'Metals 0.9.3' (since 1h 28m 19.241s)
2020.09.03 16:15:42 ERROR Unexpected error when compiling raytracing: '/Users/noahr/Desktop/raytracing/.bloop/raytracing/bloop-bsp-clients-classes/classes-Metals-eN7k4RRmRsu4FF3QzDM4HA==/RayTracing.class'
2020.09.03 16:16:03 INFO  skipping build import with status 'Installed'
2020.09.03 16:16:03 ERROR Unexpected error when compiling raytracing: '/Users/noahr/Desktop/raytracing/.bloop/raytracing/bloop-bsp-clients-classes/classes-Metals-eN7k4RRmRsu4FF3QzDM4HA==/RayTracing.class'
2020.09.03 16:16:10 ERROR code navigation does not work for the file '/Users/noahr/Desktop/raytracing/RayTracing.scala' because the SemanticDB file '/Users/noahr/Desktop/raytracing/.bloop/raytracing/bloop-bsp-clients-classes/classes-Metals-D6Ly52SsSG6VBfMm6N2v9w==/META-INF/semanticdb/RayTracing.scala.semanticdb' doesn't exist. There can be many reasons for this error. 
2020.09.03 16:16:24 INFO  skipping build import with status 'Installed'
2020.09.03 16:16:24 ERROR Unexpected error when compiling raytracing: '/Users/noahr/Desktop/raytracing/.bloop/raytracing/bloop-bsp-clients-classes/classes-Metals-eN7k4RRmRsu4FF3QzDM4HA==/RayTracing.class'
2020.09.03 16:16:31 INFO  skipping build import with status 'Installed'
2020.09.03 16:16:31 ERROR Unexpected error when compiling raytracing: '/Users/noahr/Desktop/raytracing/.bloop/raytracing/bloop-bsp-clients-classes/classes-Metals-eN7k4RRmRsu4FF3QzDM4HA==/RayTracing.class'
2020.09.03 16:16:47 INFO  skipping build import with status 'Installed'
2020.09.03 16:16:47 ERROR Unexpected error when compiling raytracing: '/Users/noahr/Desktop/raytracing/.bloop/raytracing/bloop-bsp-clients-classes/classes-Metals-eN7k4RRmRsu4FF3QzDM4HA==/RayTracing.class'
2020.09.03 16:16:56 INFO  skipping build import with status 'Installed'
2020.09.03 16:16:56 ERROR Unexpected error when compiling raytracing: '/Users/noahr/Desktop/raytracing/.bloop/raytracing/bloop-bsp-clients-classes/classes-Metals-eN7k4RRmRsu4FF3QzDM4HA==/RayTracing.class'
2020.09.03 16:20:29 INFO  skipping build import with status 'Installed'
2020.09.03 16:20:29 INFO  Deduplicating compilation of raytracing from bsp client 'Metals 0.9.3' (since 1h 33m 6.783s)
2020.09.03 16:20:29 ERROR Unexpected error when compiling raytracing: '/Users/noahr/Desktop/raytracing/.bloop/raytracing/bloop-bsp-clients-classes/classes-Metals-eN7k4RRmRsu4FF3QzDM4HA==/RayTracing.class'
2020.09.03 16:26:51 INFO  Deduplicating compilation of raytracing from bsp client 'Metals 0.9.3' (since 1h 39m 28.64s)
2020.09.03 16:26:51 ERROR Unexpected error when compiling raytracing: '/Users/noahr/Desktop/raytracing/.bloop/raytracing/bloop-bsp-clients-classes/classes-Metals-eN7k4RRmRsu4FF3QzDM4HA==/RayTracing.class'
2020.09.03 16:26:52 ERROR code navigation does not work for the file '/Users/noahr/Desktop/raytracing/Vec3.scala' because the SemanticDB file '/Users/noahr/Desktop/raytracing/.bloop/raytracing/bloop-bsp-clients-classes/classes-Metals-D6Ly52SsSG6VBfMm6N2v9w==/META-INF/semanticdb/Vec3.scala.semanticdb' doesn't exist. There can be many reasons for this error. 
2020.09.03 16:27:35 INFO  skipping build import with status 'Installed'
2020.09.03 16:27:35 ERROR Unexpected error when compiling raytracing: '/Users/noahr/Desktop/raytracing/.bloop/raytracing/bloop-bsp-clients-classes/classes-Metals-eN7k4RRmRsu4FF3QzDM4HA==/RayTracing.class'
2020.09.03 16:27:56 INFO  skipping build import with status 'Installed'
2020.09.03 16:27:57 ERROR Unexpected error when compiling raytracing: '/Users/noahr/Desktop/raytracing/.bloop/raytracing/bloop-bsp-clients-classes/classes-Metals-eN7k4RRmRsu4FF3QzDM4HA==/RayTracing.class'
2020.09.03 16:29:20 INFO  skipping build import with status 'Installed'
2020.09.03 16:29:20 ERROR Unexpected error when compiling raytracing: '/Users/noahr/Desktop/raytracing/.bloop/raytracing/bloop-bsp-clients-classes/classes-Metals-eN7k4RRmRsu4FF3QzDM4HA==/RayTracing.class'
2020.09.03 16:29:21 INFO  skipping build import with status 'Installed'
2020.09.03 16:29:21 INFO  Deduplicating compilation of raytracing from bsp client 'Metals 0.9.3' (since 1h 41m 58.658s)
2020.09.03 16:29:21 ERROR Unexpected error when compiling raytracing: '/Users/noahr/Desktop/raytracing/.bloop/raytracing/bloop-bsp-clients-classes/classes-Metals-eN7k4RRmRsu4FF3QzDM4HA==/RayTracing.class'
2020.09.03 16:30:06 INFO  skipping build import with status 'Installed'
2020.09.03 16:30:06 ERROR Unexpected error when compiling raytracing: '/Users/noahr/Desktop/raytracing/.bloop/raytracing/bloop-bsp-clients-classes/classes-Metals-eN7k4RRmRsu4FF3QzDM4HA==/RayTracing.class'
2020.09.03 16:30:14 ERROR code navigation does not work for the file '/Users/noahr/Desktop/raytracing/RayTracing.scala' because the SemanticDB file '/Users/noahr/Desktop/raytracing/.bloop/raytracing/bloop-bsp-clients-classes/classes-Metals-D6Ly52SsSG6VBfMm6N2v9w==/META-INF/semanticdb/RayTracing.scala.semanticdb' doesn't exist. There can be many reasons for this error. 
2020.09.03 16:30:19 INFO  skipping build import with status 'Installed'
2020.09.03 16:30:19 ERROR Unexpected error when compiling raytracing: '/Users/noahr/Desktop/raytracing/.bloop/raytracing/bloop-bsp-clients-classes/classes-Metals-eN7k4RRmRsu4FF3QzDM4HA==/RayTracing.class'
2020.09.03 16:30:39 INFO  skipping build import with status 'Installed'
2020.09.03 16:30:39 ERROR Unexpected error when compiling raytracing: '/Users/noahr/Desktop/raytracing/.bloop/raytracing/bloop-bsp-clients-classes/classes-Metals-eN7k4RRmRsu4FF3QzDM4HA==/RayTracing.class'
2020.09.03 16:31:19 INFO  skipping build import with status 'Installed'
2020.09.03 16:31:19 ERROR Unexpected error when compiling raytracing: '/Users/noahr/Desktop/raytracing/.bloop/raytracing/bloop-bsp-clients-classes/classes-Metals-eN7k4RRmRsu4FF3QzDM4HA==/RayTracing.class'
2020.09.03 16:32:17 INFO  skipping build import with status 'Installed'
2020.09.03 16:32:17 ERROR Unexpected error when compiling raytracing: '/Users/noahr/Desktop/raytracing/.bloop/raytracing/bloop-bsp-clients-classes/classes-Metals-eN7k4RRmRsu4FF3QzDM4HA==/RayTracing.class'
2020.09.03 16:32:27 INFO  skipping build import with status 'Installed'
2020.09.03 16:32:27 ERROR Unexpected error when compiling raytracing: '/Users/noahr/Desktop/raytracing/.bloop/raytracing/bloop-bsp-clients-classes/classes-Metals-eN7k4RRmRsu4FF3QzDM4HA==/RayTracing.class'
2020.09.03 16:32:38 INFO  skipping build import with status 'Installed'
2020.09.03 16:32:38 ERROR Unexpected error when compiling raytracing: '/Users/noahr/Desktop/raytracing/.bloop/raytracing/bloop-bsp-clients-classes/classes-Metals-eN7k4RRmRsu4FF3QzDM4HA==/RayTracing.class'
2020.09.03 16:32:49 INFO  skipping build import with status 'Installed'
2020.09.03 16:32:49 ERROR Unexpected error when compiling raytracing: '/Users/noahr/Desktop/raytracing/.bloop/raytracing/bloop-bsp-clients-classes/classes-Metals-eN7k4RRmRsu4FF3QzDM4HA==/RayTracing.class'
2020.09.03 16:33:06 INFO  skipping build import with status 'Installed'
2020.09.03 16:33:06 ERROR Unexpected error when compiling raytracing: '/Users/noahr/Desktop/raytracing/.bloop/raytracing/bloop-bsp-clients-classes/classes-Metals-eN7k4RRmRsu4FF3QzDM4HA==/RayTracing.class'
2020.09.03 16:33:43 INFO  skipping build import with status 'Installed'
2020.09.03 16:33:43 ERROR Unexpected error when compiling raytracing: '/Users/noahr/Desktop/raytracing/.bloop/raytracing/bloop-bsp-clients-classes/classes-Metals-eN7k4RRmRsu4FF3QzDM4HA==/RayTracing.class'
2020.09.03 16:33:58 INFO  skipping build import with status 'Installed'
2020.09.03 16:33:58 ERROR Unexpected error when compiling raytracing: '/Users/noahr/Desktop/raytracing/.bloop/raytracing/bloop-bsp-clients-classes/classes-Metals-eN7k4RRmRsu4FF3QzDM4HA==/RayTracing.class'
2020.09.03 16:34:52 INFO  skipping build import with status 'Installed'
2020.09.03 16:34:52 ERROR Unexpected error when compiling raytracing: '/Users/noahr/Desktop/raytracing/.bloop/raytracing/bloop-bsp-clients-classes/classes-Metals-eN7k4RRmRsu4FF3QzDM4HA==/RayTracing.class'
2020.09.03 16:35:06 INFO  skipping build import with status 'Installed'
2020.09.03 16:35:06 ERROR Unexpected error when compiling raytracing: '/Users/noahr/Desktop/raytracing/.bloop/raytracing/bloop-bsp-clients-classes/classes-Metals-eN7k4RRmRsu4FF3QzDM4HA==/RayTracing.class'
2020.09.03 16:35:14 INFO  skipping build import with status 'Installed'
2020.09.03 16:35:14 INFO  Deduplicating compilation of raytracing from bsp client 'Metals 0.9.3' (since 1h 47m 51.178s)
2020.09.03 16:35:14 ERROR Unexpected error when compiling raytracing: '/Users/noahr/Desktop/raytracing/.bloop/raytracing/bloop-bsp-clients-classes/classes-Metals-eN7k4RRmRsu4FF3QzDM4HA==/RayTracing.class'
2020.09.03 16:35:18 INFO  skipping build import with status 'Installed'
2020.09.03 16:35:18 ERROR Unexpected error when compiling raytracing: '/Users/noahr/Desktop/raytracing/.bloop/raytracing/bloop-bsp-clients-classes/classes-Metals-eN7k4RRmRsu4FF3QzDM4HA==/RayTracing.class'
2020.09.03 16:35:41 INFO  skipping build import with status 'Installed'
2020.09.03 16:35:41 ERROR Unexpected error when compiling raytracing: '/Users/noahr/Desktop/raytracing/.bloop/raytracing/bloop-bsp-clients-classes/classes-Metals-eN7k4RRmRsu4FF3QzDM4HA==/RayTracing.class'
2020.09.03 16:35:56 INFO  skipping build import with status 'Installed'
2020.09.03 16:35:56 ERROR Unexpected error when compiling raytracing: '/Users/noahr/Desktop/raytracing/.bloop/raytracing/bloop-bsp-clients-classes/classes-Metals-eN7k4RRmRsu4FF3QzDM4HA==/RayTracing.class'
2020.09.03 16:36:05 INFO  skipping build import with status 'Installed'
2020.09.03 16:36:05 INFO  Deduplicating compilation of raytracing from bsp client 'Metals 0.9.3' (since 1h 48m 42.13s)
2020.09.03 16:36:05 ERROR Unexpected error when compiling raytracing: '/Users/noahr/Desktop/raytracing/.bloop/raytracing/bloop-bsp-clients-classes/classes-Metals-eN7k4RRmRsu4FF3QzDM4HA==/RayTracing.class'
2020.09.03 16:36:08 INFO  skipping build import with status 'Installed'
2020.09.03 16:36:08 ERROR Unexpected error when compiling raytracing: '/Users/noahr/Desktop/raytracing/.bloop/raytracing/bloop-bsp-clients-classes/classes-Metals-eN7k4RRmRsu4FF3QzDM4HA==/RayTracing.class'
2020.09.03 16:36:19 INFO  skipping build import with status 'Installed'
2020.09.03 16:36:19 INFO  Deduplicating compilation of raytracing from bsp client 'Metals 0.9.3' (since 1h 48m 56.104s)
2020.09.03 16:36:19 ERROR Unexpected error when compiling raytracing: '/Users/noahr/Desktop/raytracing/.bloop/raytracing/bloop-bsp-clients-classes/classes-Metals-eN7k4RRmRsu4FF3QzDM4HA==/RayTracing.class'
Sep 03, 2020 5:10:23 PM scala.meta.internal.pc.CompilerAccess retryWithCleanCompiler
INFO: compiler crashed due to an error in the Scala compiler, retrying with new compiler instance.
Sep 03, 2020 5:10:23 PM scala.meta.internal.pc.CompilerAccess handleError
SEVERE: null
java.lang.NullPointerException
	at scala.reflect.internal.Definitions$DefinitionsClass.isByNameParamType(Definitions.scala:417)
	at scala.reflect.internal.TreeInfo.isStableIdent(TreeInfo.scala:137)
	at scala.reflect.internal.TreeInfo.isStableIdentifier(TreeInfo.scala:113)
	at scala.reflect.internal.TreeInfo.isPath(TreeInfo.scala:102)
	at scala.reflect.internal.TreeInfo.admitsTypeSelection(TreeInfo.scala:155)
	at scala.tools.nsc.interactive.Global.stabilizedType(Global.scala:959)
	at scala.tools.nsc.interactive.Global.typedTreeAt(Global.scala:807)
	at scala.meta.internal.pc.SignatureHelpProvider.signatureHelp(SignatureHelpProvider.scala:23)

2020.09.03 17:11:24 INFO  skipping build import with status 'Installed'
2020.09.03 17:11:24 ERROR Unexpected error when compiling raytracing: '/Users/noahr/Desktop/raytracing/.bloop/raytracing/bloop-bsp-clients-classes/classes-Metals-eN7k4RRmRsu4FF3QzDM4HA==/RayTracing.class'
2020.09.03 17:11:25 ERROR code navigation does not work for the file '/Users/noahr/Desktop/raytracing/Vec3.scala' because the SemanticDB file '/Users/noahr/Desktop/raytracing/.bloop/raytracing/bloop-bsp-clients-classes/classes-Metals-D6Ly52SsSG6VBfMm6N2v9w==/META-INF/semanticdb/Vec3.scala.semanticdb' doesn't exist. There can be many reasons for this error. 
2020.09.03 17:11:33 INFO  skipping build import with status 'Installed'
2020.09.03 17:11:33 ERROR Unexpected error when compiling raytracing: '/Users/noahr/Desktop/raytracing/.bloop/raytracing/bloop-bsp-clients-classes/classes-Metals-eN7k4RRmRsu4FF3QzDM4HA==/RayTracing.class'
2020.09.03 17:11:36 INFO  skipping build import with status 'Installed'
2020.09.03 17:11:36 ERROR Unexpected error when compiling raytracing: '/Users/noahr/Desktop/raytracing/.bloop/raytracing/bloop-bsp-clients-classes/classes-Metals-eN7k4RRmRsu4FF3QzDM4HA==/RayTracing.class'
2020.09.03 17:11:41 INFO  skipping build import with status 'Installed'
2020.09.03 17:11:41 ERROR Unexpected error when compiling raytracing: '/Users/noahr/Desktop/raytracing/.bloop/raytracing/bloop-bsp-clients-classes/classes-Metals-eN7k4RRmRsu4FF3QzDM4HA==/RayTracing.class'
2020.09.03 17:15:30 INFO  skipping build import with status 'Installed'
2020.09.03 17:15:30 ERROR Unexpected error when compiling raytracing: '/Users/noahr/Desktop/raytracing/.bloop/raytracing/bloop-bsp-clients-classes/classes-Metals-eN7k4RRmRsu4FF3QzDM4HA==/RayTracing.class'
2020.09.03 17:16:59 INFO  skipping build import with status 'Installed'
2020.09.03 17:16:59 ERROR Unexpected error when compiling raytracing: '/Users/noahr/Desktop/raytracing/.bloop/raytracing/bloop-bsp-clients-classes/classes-Metals-eN7k4RRmRsu4FF3QzDM4HA==/RayTracing.class'
2020.09.03 17:17:16 INFO  skipping build import with status 'Installed'
2020.09.03 17:17:16 ERROR Unexpected error when compiling raytracing: '/Users/noahr/Desktop/raytracing/.bloop/raytracing/bloop-bsp-clients-classes/classes-Metals-eN7k4RRmRsu4FF3QzDM4HA==/RayTracing.class'
2020.09.03 17:18:20 INFO  skipping build import with status 'Installed'
2020.09.03 17:18:20 ERROR Unexpected error when compiling raytracing: '/Users/noahr/Desktop/raytracing/.bloop/raytracing/bloop-bsp-clients-classes/classes-Metals-eN7k4RRmRsu4FF3QzDM4HA==/RayTracing.class'
2020.09.03 17:18:28 INFO  skipping build import with status 'Installed'
2020.09.03 17:18:28 ERROR Unexpected error when compiling raytracing: '/Users/noahr/Desktop/raytracing/.bloop/raytracing/bloop-bsp-clients-classes/classes-Metals-eN7k4RRmRsu4FF3QzDM4HA==/RayTracing.class'
2020.09.03 17:18:37 INFO  skipping build import with status 'Installed'
2020.09.03 17:18:37 ERROR Unexpected error when compiling raytracing: '/Users/noahr/Desktop/raytracing/.bloop/raytracing/bloop-bsp-clients-classes/classes-Metals-eN7k4RRmRsu4FF3QzDM4HA==/RayTracing.class'
2020.09.03 17:18:48 INFO  skipping build import with status 'Installed'
2020.09.03 17:18:48 ERROR Unexpected error when compiling raytracing: '/Users/noahr/Desktop/raytracing/.bloop/raytracing/bloop-bsp-clients-classes/classes-Metals-eN7k4RRmRsu4FF3QzDM4HA==/RayTracing.class'
2020.09.03 17:18:51 INFO  skipping build import with status 'Installed'
2020.09.03 17:18:51 ERROR Unexpected error when compiling raytracing: '/Users/noahr/Desktop/raytracing/.bloop/raytracing/bloop-bsp-clients-classes/classes-Metals-eN7k4RRmRsu4FF3QzDM4HA==/RayTracing.class'
2020.09.03 17:19:07 INFO  skipping build import with status 'Installed'
2020.09.03 17:19:07 ERROR Unexpected error when compiling raytracing: '/Users/noahr/Desktop/raytracing/.bloop/raytracing/bloop-bsp-clients-classes/classes-Metals-eN7k4RRmRsu4FF3QzDM4HA==/RayTracing.class'
2020.09.03 17:19:11 INFO  skipping build import with status 'Installed'
2020.09.03 17:19:11 INFO  Deduplicating compilation of raytracing from bsp client 'Metals 0.9.3' (since 2h 31m 48s)
2020.09.03 17:19:11 ERROR Unexpected error when compiling raytracing: '/Users/noahr/Desktop/raytracing/.bloop/raytracing/bloop-bsp-clients-classes/classes-Metals-eN7k4RRmRsu4FF3QzDM4HA==/RayTracing.class'
2020.09.03 17:20:26 INFO  skipping build import with status 'Installed'
2020.09.03 17:20:26 ERROR Unexpected error when compiling raytracing: '/Users/noahr/Desktop/raytracing/.bloop/raytracing/bloop-bsp-clients-classes/classes-Metals-eN7k4RRmRsu4FF3QzDM4HA==/RayTracing.class'
Sep 03, 2020 5:21:46 PM scala.meta.internal.pc.CompilerAccess handleError
SEVERE: offset 732, count -1, length 978
java.lang.StringIndexOutOfBoundsException: offset 732, count -1, length 978
	at java.base/java.lang.String.checkBoundsOffCount(String.java:3304)
	at java.base/java.lang.String.rangeCheck(String.java:280)
	at java.base/java.lang.String.<init>(String.java:276)
	at scala.tools.nsc.interactive.Global.typeCompletions$1(Global.scala:1230)
	at scala.tools.nsc.interactive.Global.completionsAt(Global.scala:1253)
	at scala.meta.internal.pc.SignatureHelpProvider.$anonfun$treeSymbol$1(SignatureHelpProvider.scala:376)
	at scala.Option.map(Option.scala:230)
	at scala.meta.internal.pc.SignatureHelpProvider.treeSymbol(SignatureHelpProvider.scala:374)
	at scala.meta.internal.pc.SignatureHelpProvider$MethodCall$.unapply(SignatureHelpProvider.scala:199)
	at scala.meta.internal.pc.SignatureHelpProvider$MethodCallTraverser.visit(SignatureHelpProvider.scala:310)
	at scala.meta.internal.pc.SignatureHelpProvider$MethodCallTraverser.traverse(SignatureHelpProvider.scala:304)
	at scala.meta.internal.pc.SignatureHelpProvider$MethodCallTraverser.fromTree(SignatureHelpProvider.scala:273)
	at scala.meta.internal.pc.SignatureHelpProvider.signatureHelp(SignatureHelpProvider.scala:27)

Sep 03, 2020 5:21:57 PM scala.meta.internal.pc.CompilerAccess handleError
SEVERE: offset 732, count -1, length 1009
java.lang.StringIndexOutOfBoundsException: offset 732, count -1, length 1009
	at java.base/java.lang.String.checkBoundsOffCount(String.java:3304)
	at java.base/java.lang.String.rangeCheck(String.java:280)
	at java.base/java.lang.String.<init>(String.java:276)
	at scala.tools.nsc.interactive.Global.typeCompletions$1(Global.scala:1230)
	at scala.tools.nsc.interactive.Global.completionsAt(Global.scala:1253)
	at scala.meta.internal.pc.SignatureHelpProvider.$anonfun$treeSymbol$1(SignatureHelpProvider.scala:376)
	at scala.Option.map(Option.scala:230)
	at scala.meta.internal.pc.SignatureHelpProvider.treeSymbol(SignatureHelpProvider.scala:374)
	at scala.meta.internal.pc.SignatureHelpProvider$MethodCall$.unapply(SignatureHelpProvider.scala:199)
	at scala.meta.internal.pc.SignatureHelpProvider$MethodCallTraverser.visit(SignatureHelpProvider.scala:310)
	at scala.meta.internal.pc.SignatureHelpProvider$MethodCallTraverser.traverse(SignatureHelpProvider.scala:304)
	at scala.meta.internal.pc.SignatureHelpProvider$MethodCallTraverser.fromTree(SignatureHelpProvider.scala:273)
	at scala.meta.internal.pc.SignatureHelpProvider.signatureHelp(SignatureHelpProvider.scala:27)

2020.09.03 17:21:59 INFO  skipping build import with status 'Installed'
2020.09.03 17:21:59 ERROR Unexpected error when compiling raytracing: '/Users/noahr/Desktop/raytracing/.bloop/raytracing/bloop-bsp-clients-classes/classes-Metals-eN7k4RRmRsu4FF3QzDM4HA==/RayTracing.class'
2020.09.03 17:23:14 INFO  skipping build import with status 'Installed'
2020.09.03 17:23:14 ERROR Unexpected error when compiling raytracing: '/Users/noahr/Desktop/raytracing/.bloop/raytracing/bloop-bsp-clients-classes/classes-Metals-eN7k4RRmRsu4FF3QzDM4HA==/RayTracing.class'
2020.09.03 17:23:22 INFO  skipping build import with status 'Installed'
2020.09.03 17:23:22 ERROR Unexpected error when compiling raytracing: '/Users/noahr/Desktop/raytracing/.bloop/raytracing/bloop-bsp-clients-classes/classes-Metals-eN7k4RRmRsu4FF3QzDM4HA==/RayTracing.class'
2020.09.03 17:23:31 INFO  skipping build import with status 'Installed'
2020.09.03 17:23:31 ERROR Unexpected error when compiling raytracing: '/Users/noahr/Desktop/raytracing/.bloop/raytracing/bloop-bsp-clients-classes/classes-Metals-eN7k4RRmRsu4FF3QzDM4HA==/RayTracing.class'
2020.09.03 17:23:51 INFO  skipping build import with status 'Installed'
2020.09.03 17:23:51 ERROR Unexpected error when compiling raytracing: '/Users/noahr/Desktop/raytracing/.bloop/raytracing/bloop-bsp-clients-classes/classes-Metals-eN7k4RRmRsu4FF3QzDM4HA==/RayTracing.class'
2020.09.03 17:23:57 INFO  skipping build import with status 'Installed'
2020.09.03 17:23:57 ERROR Unexpected error when compiling raytracing: '/Users/noahr/Desktop/raytracing/.bloop/raytracing/bloop-bsp-clients-classes/classes-Metals-eN7k4RRmRsu4FF3QzDM4HA==/RayTracing.class'
Sep 03, 2020 5:24:57 PM scala.meta.internal.pc.CompilerAccess handleError
SEVERE: offset 830, count -1, length 1117
java.lang.StringIndexOutOfBoundsException: offset 830, count -1, length 1117
	at java.base/java.lang.String.checkBoundsOffCount(String.java:3304)
	at java.base/java.lang.String.rangeCheck(String.java:280)
	at java.base/java.lang.String.<init>(String.java:276)
	at scala.tools.nsc.interactive.Global.typeCompletions$1(Global.scala:1230)
	at scala.tools.nsc.interactive.Global.completionsAt(Global.scala:1253)
	at scala.meta.internal.pc.SignatureHelpProvider.$anonfun$treeSymbol$1(SignatureHelpProvider.scala:376)
	at scala.Option.map(Option.scala:230)
	at scala.meta.internal.pc.SignatureHelpProvider.treeSymbol(SignatureHelpProvider.scala:374)
	at scala.meta.internal.pc.SignatureHelpProvider$MethodCall$.unapply(SignatureHelpProvider.scala:199)
	at scala.meta.internal.pc.SignatureHelpProvider$MethodCallTraverser.visit(SignatureHelpProvider.scala:310)
	at scala.meta.internal.pc.SignatureHelpProvider$MethodCallTraverser.traverse(SignatureHelpProvider.scala:304)
	at scala.meta.internal.pc.SignatureHelpProvider$MethodCallTraverser.fromTree(SignatureHelpProvider.scala:273)
	at scala.meta.internal.pc.SignatureHelpProvider.signatureHelp(SignatureHelpProvider.scala:27)

2020.09.03 17:24:59 INFO  skipping build import with status 'Installed'
2020.09.03 17:24:59 ERROR Unexpected error when compiling raytracing: '/Users/noahr/Desktop/raytracing/.bloop/raytracing/bloop-bsp-clients-classes/classes-Metals-eN7k4RRmRsu4FF3QzDM4HA==/RayTracing.class'
2020.09.03 17:25:03 INFO  skipping build import with status 'Installed'
2020.09.03 17:25:03 ERROR Unexpected error when compiling raytracing: '/Users/noahr/Desktop/raytracing/.bloop/raytracing/bloop-bsp-clients-classes/classes-Metals-eN7k4RRmRsu4FF3QzDM4HA==/RayTracing.class'
2020.09.03 17:25:35 INFO  skipping build import with status 'Installed'
2020.09.03 17:25:35 ERROR Unexpected error when compiling raytracing: '/Users/noahr/Desktop/raytracing/.bloop/raytracing/bloop-bsp-clients-classes/classes-Metals-eN7k4RRmRsu4FF3QzDM4HA==/RayTracing.class'
2020.09.03 17:25:37 INFO  skipping build import with status 'Installed'
2020.09.03 17:25:37 ERROR Unexpected error when compiling raytracing: '/Users/noahr/Desktop/raytracing/.bloop/raytracing/bloop-bsp-clients-classes/classes-Metals-eN7k4RRmRsu4FF3QzDM4HA==/RayTracing.class'
2020.09.03 17:25:59 INFO  skipping build import with status 'Installed'
2020.09.03 17:25:59 INFO  Deduplicating compilation of raytracing from bsp client 'Metals 0.9.3' (since 2h 38m 36.47s)
2020.09.03 17:25:59 ERROR Unexpected error when compiling raytracing: '/Users/noahr/Desktop/raytracing/.bloop/raytracing/bloop-bsp-clients-classes/classes-Metals-eN7k4RRmRsu4FF3QzDM4HA==/RayTracing.class'
2020.09.03 17:26:21 INFO  skipping build import with status 'Installed'
2020.09.03 17:26:21 ERROR Unexpected error when compiling raytracing: '/Users/noahr/Desktop/raytracing/.bloop/raytracing/bloop-bsp-clients-classes/classes-Metals-eN7k4RRmRsu4FF3QzDM4HA==/RayTracing.class'
2020.09.03 17:26:27 INFO  skipping build import with status 'Installed'
2020.09.03 17:26:27 ERROR Unexpected error when compiling raytracing: '/Users/noahr/Desktop/raytracing/.bloop/raytracing/bloop-bsp-clients-classes/classes-Metals-eN7k4RRmRsu4FF3QzDM4HA==/RayTracing.class'
2020.09.03 17:27:47 INFO  skipping build import with status 'Installed'
2020.09.03 17:27:47 ERROR Unexpected error when compiling raytracing: '/Users/noahr/Desktop/raytracing/.bloop/raytracing/bloop-bsp-clients-classes/classes-Metals-eN7k4RRmRsu4FF3QzDM4HA==/RayTracing.class'
2020.09.03 17:28:02 INFO  skipping build import with status 'Installed'
2020.09.03 17:28:02 ERROR Unexpected error when compiling raytracing: '/Users/noahr/Desktop/raytracing/.bloop/raytracing/bloop-bsp-clients-classes/classes-Metals-eN7k4RRmRsu4FF3QzDM4HA==/RayTracing.class'
2020.09.03 17:29:16 INFO  skipping build import with status 'Installed'
2020.09.03 17:29:16 ERROR Unexpected error when compiling raytracing: '/Users/noahr/Desktop/raytracing/.bloop/raytracing/bloop-bsp-clients-classes/classes-Metals-eN7k4RRmRsu4FF3QzDM4HA==/RayTracing.class'
2020.09.03 17:29:46 INFO  skipping build import with status 'Installed'
2020.09.03 17:29:46 ERROR Unexpected error when compiling raytracing: '/Users/noahr/Desktop/raytracing/.bloop/raytracing/bloop-bsp-clients-classes/classes-Metals-eN7k4RRmRsu4FF3QzDM4HA==/RayTracing.class'
2020.09.03 17:32:02 INFO  skipping build import with status 'Installed'
2020.09.03 17:32:02 ERROR Unexpected error when compiling raytracing: '/Users/noahr/Desktop/raytracing/.bloop/raytracing/bloop-bsp-clients-classes/classes-Metals-eN7k4RRmRsu4FF3QzDM4HA==/RayTracing.class'
2020.09.03 17:32:22 INFO  skipping build import with status 'Installed'
2020.09.03 17:32:22 ERROR Unexpected error when compiling raytracing: '/Users/noahr/Desktop/raytracing/.bloop/raytracing/bloop-bsp-clients-classes/classes-Metals-eN7k4RRmRsu4FF3QzDM4HA==/RayTracing.class'
2020.09.03 17:34:49 INFO  skipping build import with status 'Installed'
2020.09.03 17:34:49 ERROR Unexpected error when compiling raytracing: '/Users/noahr/Desktop/raytracing/.bloop/raytracing/bloop-bsp-clients-classes/classes-Metals-eN7k4RRmRsu4FF3QzDM4HA==/RayTracing.class'
2020.09.03 17:35:06 INFO  skipping build import with status 'Installed'
2020.09.03 17:35:06 ERROR Unexpected error when compiling raytracing: '/Users/noahr/Desktop/raytracing/.bloop/raytracing/bloop-bsp-clients-classes/classes-Metals-eN7k4RRmRsu4FF3QzDM4HA==/RayTracing.class'
2020.09.03 17:35:11 INFO  skipping build import with status 'Installed'
2020.09.03 17:35:11 INFO  Deduplicating compilation of raytracing from bsp client 'Metals 0.9.3' (since 2h 47m 47.96s)
2020.09.03 17:35:11 ERROR Unexpected error when compiling raytracing: '/Users/noahr/Desktop/raytracing/.bloop/raytracing/bloop-bsp-clients-classes/classes-Metals-eN7k4RRmRsu4FF3QzDM4HA==/RayTracing.class'
2020.09.03 17:37:27 INFO  skipping build import with status 'Installed'
2020.09.03 17:37:27 ERROR Unexpected error when compiling raytracing: '/Users/noahr/Desktop/raytracing/.bloop/raytracing/bloop-bsp-clients-classes/classes-Metals-eN7k4RRmRsu4FF3QzDM4HA==/RayTracing.class'
2020.09.03 17:37:56 INFO  skipping build import with status 'Installed'
2020.09.03 17:37:56 ERROR Unexpected error when compiling raytracing: '/Users/noahr/Desktop/raytracing/.bloop/raytracing/bloop-bsp-clients-classes/classes-Metals-eN7k4RRmRsu4FF3QzDM4HA==/RayTracing.class'
2020.09.03 17:38:01 INFO  skipping build import with status 'Installed'
2020.09.03 17:38:01 INFO  Deduplicating compilation of raytracing from bsp client 'Metals 0.9.3' (since 2h 50m 38.349s)
2020.09.03 17:38:01 ERROR Unexpected error when compiling raytracing: '/Users/noahr/Desktop/raytracing/.bloop/raytracing/bloop-bsp-clients-classes/classes-Metals-eN7k4RRmRsu4FF3QzDM4HA==/RayTracing.class'
2020.09.03 17:39:26 INFO  skipping build import with status 'Installed'
2020.09.03 17:39:26 ERROR Unexpected error when compiling raytracing: '/Users/noahr/Desktop/raytracing/.bloop/raytracing/bloop-bsp-clients-classes/classes-Metals-eN7k4RRmRsu4FF3QzDM4HA==/RayTracing.class'
2020.09.03 17:44:53 ERROR code navigation does not work for the file '/Users/noahr/Desktop/raytracing/Vec3.scala' because the SemanticDB file '/Users/noahr/Desktop/raytracing/.bloop/raytracing/bloop-bsp-clients-classes/classes-Metals-D6Ly52SsSG6VBfMm6N2v9w==/META-INF/semanticdb/Vec3.scala.semanticdb' doesn't exist. There can be many reasons for this error. 
2020.09.03 17:45:08 INFO  skipping build import with status 'Installed'
2020.09.03 17:45:08 INFO  skipping build import with status 'Installed'
2020.09.03 17:45:08 ERROR Unexpected error when compiling raytracing: '/Users/noahr/Desktop/raytracing/.bloop/raytracing/bloop-bsp-clients-classes/classes-Metals-eN7k4RRmRsu4FF3QzDM4HA==/RayTracing.class'
2020.09.03 17:45:08 INFO  Deduplicating compilation of raytracing from bsp client 'Metals 0.9.3' (since 2h 57m 45.185s)
2020.09.03 17:45:08 ERROR Unexpected error when compiling raytracing: '/Users/noahr/Desktop/raytracing/.bloop/raytracing/bloop-bsp-clients-classes/classes-Metals-eN7k4RRmRsu4FF3QzDM4HA==/RayTracing.class'
2020.09.03 17:45:12 INFO  skipping build import with status 'Installed'
2020.09.03 17:45:12 ERROR Unexpected error when compiling raytracing: '/Users/noahr/Desktop/raytracing/.bloop/raytracing/bloop-bsp-clients-classes/classes-Metals-eN7k4RRmRsu4FF3QzDM4HA==/RayTracing.class'
2020.09.03 17:46:59 INFO  skipping build import with status 'Installed'
2020.09.03 17:46:59 ERROR Unexpected error when compiling raytracing: '/Users/noahr/Desktop/raytracing/.bloop/raytracing/bloop-bsp-clients-classes/classes-Metals-eN7k4RRmRsu4FF3QzDM4HA==/RayTracing.class'
2020.09.03 17:49:02 INFO  skipping build import with status 'Installed'
2020.09.03 17:49:02 ERROR Unexpected error when compiling raytracing: '/Users/noahr/Desktop/raytracing/.bloop/raytracing/bloop-bsp-clients-classes/classes-Metals-eN7k4RRmRsu4FF3QzDM4HA==/RayTracing.class'
2020.09.03 17:51:03 INFO  running '/Users/noahr/.jabba/jdk/adopt@1.11.0-7/Contents/Home/bin/java -Djline.terminal=jline.UnsupportedTerminal -Dsbt.log.noformat=true -Dfile.encoding=UTF-8 -jar /var/folders/0j/w5rgn65j37d8mnfz6z8w2jnr0000gn/T/metals8475655613832638180/sbt-launch.jar -Dbloop.export-jar-classifiers=sources bloopInstall'
2020.09.03 17:51:06 INFO  [info] welcome to sbt 1.3.13 (AdoptOpenJDK Java 11.0.7)
2020.09.03 17:51:06 INFO  [info] loading settings for project raytracing-build-build from metals.sbt ...
2020.09.03 17:51:08 INFO  [info] loading project definition from /Users/noahr/Desktop/raytracing/project/project
2020.09.03 17:51:09 INFO  user cancelled sbt bloopInstall
2020.09.03 17:51:09 INFO  time: ran 'sbt bloopInstall' in 5.37s
2020.09.03 17:51:08 INFO  2020-09-03 17:51:09,168 shutdown-hooks-run-all ERROR No Log4j 2 configuration file found. Using default configuration (logging only errors to the console), or user programmatically provided configurations. Set system property 'log4j2.debug' to show Log4j 2 internal initialization logging. See https://logging.apache.org/log4j/2.x/manual/configuration.html for instructions on how to configure Log4j 2
2020.09.03 17:51:08 INFO  build tool exit: 143
2020.09.03 17:51:34 INFO  running '/Users/noahr/.jabba/jdk/adopt@1.11.0-7/Contents/Home/bin/java -Djline.terminal=jline.UnsupportedTerminal -Dsbt.log.noformat=true -Dfile.encoding=UTF-8 -jar /var/folders/0j/w5rgn65j37d8mnfz6z8w2jnr0000gn/T/metals18130346365316741855/sbt-launch.jar -Dbloop.export-jar-classifiers=sources bloopInstall'
2020.09.03 17:51:37 INFO  [info] welcome to sbt 1.3.13 (AdoptOpenJDK Java 11.0.7)
2020.09.03 17:51:39 INFO  [info] loading settings for project raytracing-build-build from metals.sbt ...
2020.09.03 17:51:40 INFO  [info] loading project definition from /Users/noahr/Desktop/raytracing/project/project
2020.09.03 17:51:42 INFO  [info] loading settings for project raytracing-build from metals.sbt ...
2020.09.03 17:51:42 INFO  [info] loading project definition from /Users/noahr/Desktop/raytracing/project
2020.09.03 17:51:45 INFO  [success] Generated .bloop/raytracing-build.json
2020.09.03 17:51:45 INFO  [success] Total time: 3 s, completed Sep 3, 2020, 5:51:45 PM
2020.09.03 17:51:45 INFO  [info] loading settings for project raytracing from raytracing.sbt ...
2020.09.03 17:51:45 INFO  [info] set current project to raytracing (in build file:/Users/noahr/Desktop/raytracing/)
2020.09.03 17:51:49 INFO  [success] Generated .bloop/raytracing.json
2020.09.03 17:51:49 INFO  [success] Generated .bloop/raytracing-test.json
2020.09.03 17:51:49 INFO  [success] Total time: 4 s, completed Sep 3, 2020, 5:51:49 PM
2020.09.03 17:51:49 INFO  build tool exit: 0
2020.09.03 17:51:50 INFO  time: ran 'sbt bloopInstall' in 15s
2020.09.03 17:51:50 INFO  disconnected: build server
No more data in the client stdin, exiting...
No more data in the client stdin, exiting...
No more data in the server stdin, exiting...
No more data in the server stdin, exiting...
No more data in the server stdin, exiting...
No more data in the server stdin, exiting...
Starting the bsp launcher for bloop...
Opening a bsp server connection with 'bsp --protocol local --socket /var/folders/0j/w5rgn65j37d8mnfz6z8w2jnr0000gn/T/bsp-launcher15733399889022514314/bsp.socket'...
Waiting for the bsp connection to come up...
Waiting for the bsp connection to come up...
[0m[32m[D][0m Loading workspace settings from bloop.settings.json
[0m[32m[D][0m Loading 2 projects from '/Users/noahr/Desktop/raytracing/.bloop'...
[0m[32m[D][0m Loading project from '/Users/noahr/Desktop/raytracing/.bloop/raytracing-test.json'
[0m[32m[D][0m Loading project from '/Users/noahr/Desktop/raytracing/.bloop/raytracing.json'
[0m[32m[D][0m Cache miss for scala instance org.scala-lang:scala-compiler:2.13.3.
[0m[32m[D][0m   => /Users/noahr/Library/Caches/Coursier/v1/https/repo1.maven.org/maven2/net/java/dev/jna/jna/5.3.1/jna-5.3.1.jar
[0m[32m[D][0m   => /Users/noahr/Library/Caches/Coursier/v1/https/repo1.maven.org/maven2/org/jline/jline/3.15.0/jline-3.15.0.jar
[0m[32m[D][0m   => /Users/noahr/Library/Caches/Coursier/v1/https/repo1.maven.org/maven2/org/scala-lang/scala-compiler/2.13.3/scala-compiler-2.13.3.jar
[0m[32m[D][0m   => /Users/noahr/Library/Caches/Coursier/v1/https/repo1.maven.org/maven2/org/scala-lang/scala-library/2.13.3/scala-library-2.13.3.jar
[0m[32m[D][0m   => /Users/noahr/Library/Caches/Coursier/v1/https/repo1.maven.org/maven2/org/scala-lang/scala-reflect/2.13.3/scala-reflect-2.13.3.jar
[0m[32m[D][0m Resolving org.scalameta:semanticdb-scalac_2.13.3:4.3.20
[0m[32m[D][0m Configured SemanticDB in projects 'raytracing', 'raytracing-test'
[0m[32m[D][0m Waiting for a connection at local:///var/folders/0j/w5rgn65j37d8mnfz6z8w2jnr0000gn/T/bsp-launcher15733399889022514314/bsp.socket...
The server is listening for incoming connections at local:///var/folders/0j/w5rgn65j37d8mnfz6z8w2jnr0000gn/T/bsp-launcher15733399889022514314/bsp.socket...
Starting thread that pumps stdin and redirects it to the bsp server...
Starting thread that pumps server stdout and redirects it to the client stdout...
2020.09.03 17:51:51 INFO  tracing is disabled for protocol BSP, to enable tracing of incoming and outgoing JSON messages create an empty file at /Users/noahr/Library/Caches/org.scalameta.metals/bsp.trace.json
Starting the bsp launcher for bloop...
Opening a bsp server connection with 'bsp --protocol local --socket /var/folders/0j/w5rgn65j37d8mnfz6z8w2jnr0000gn/T/bsp-launcher5561924272538194012/bsp.socket'...
Waiting for the bsp connection to come up...
[0m[32m[D][0m Loading workspace settings from bloop.settings.json
[0m[32m[D][0m Waiting for a connection at local:///var/folders/0j/w5rgn65j37d8mnfz6z8w2jnr0000gn/T/bsp-launcher5561924272538194012/bsp.socket...
The server is listening for incoming connections at local:///var/folders/0j/w5rgn65j37d8mnfz6z8w2jnr0000gn/T/bsp-launcher5561924272538194012/bsp.socket...
Starting thread that pumps stdin and redirects it to the bsp server...
Starting thread that pumps server stdout and redirects it to the client stdout...
2020.09.03 17:51:51 INFO  tracing is disabled for protocol BSP, to enable tracing of incoming and outgoing JSON messages create an empty file at /Users/noahr/Library/Caches/org.scalameta.metals/bsp.trace.json
2020.09.03 17:51:51 INFO  time: connected to build server in 1.28s
2020.09.03 17:51:51 INFO  Connected to Build server v1.4.3-23-550c6c0a
2020.09.03 17:51:52 INFO  time: indexed workspace in 1.44s
2020.09.03 17:52:15 ERROR Unexpected error when compiling raytracing: '/Users/noahr/Desktop/raytracing/.bloop/raytracing/bloop-bsp-clients-classes/classes-Metals-eN7k4RRmRsu4FF3QzDM4HA==/RayTracing.class'
2020.09.03 17:53:43 INFO  skipping build import with status 'Installed'
2020.09.03 17:53:43 ERROR Unexpected error when compiling raytracing: '/Users/noahr/Desktop/raytracing/.bloop/raytracing/bloop-bsp-clients-classes/classes-Metals-eN7k4RRmRsu4FF3QzDM4HA==/RayTracing.class'
Sep 03, 2020 5:55:17 PM scala.meta.internal.pc.CompilerAccess handleError
SEVERE: offset 792, count -1, length 1590
java.lang.StringIndexOutOfBoundsException: offset 792, count -1, length 1590
	at java.base/java.lang.String.checkBoundsOffCount(String.java:3304)
	at java.base/java.lang.String.rangeCheck(String.java:280)
	at java.base/java.lang.String.<init>(String.java:276)
	at scala.tools.nsc.interactive.Global.typeCompletions$1(Global.scala:1235)
	at scala.tools.nsc.interactive.Global.completionsAt(Global.scala:1258)
	at scala.meta.internal.pc.SignatureHelpProvider.$anonfun$treeSymbol$1(SignatureHelpProvider.scala:376)
	at scala.Option.map(Option.scala:242)
	at scala.meta.internal.pc.SignatureHelpProvider.treeSymbol(SignatureHelpProvider.scala:374)
	at scala.meta.internal.pc.SignatureHelpProvider$MethodCall$.unapply(SignatureHelpProvider.scala:199)
	at scala.meta.internal.pc.SignatureHelpProvider$MethodCallTraverser.visit(SignatureHelpProvider.scala:310)
	at scala.meta.internal.pc.SignatureHelpProvider$MethodCallTraverser.traverse(SignatureHelpProvider.scala:304)
	at scala.meta.internal.pc.SignatureHelpProvider$MethodCallTraverser.fromTree(SignatureHelpProvider.scala:273)
	at scala.meta.internal.pc.SignatureHelpProvider.signatureHelp(SignatureHelpProvider.scala:27)

Sep 03, 2020 5:55:20 PM scala.meta.internal.pc.CompilerAccess handleError
SEVERE: offset 802, count -1, length 1600
java.lang.StringIndexOutOfBoundsException: offset 802, count -1, length 1600
	at java.base/java.lang.String.checkBoundsOffCount(String.java:3304)
	at java.base/java.lang.String.rangeCheck(String.java:280)
	at java.base/java.lang.String.<init>(String.java:276)
	at scala.tools.nsc.interactive.Global.typeCompletions$1(Global.scala:1235)
	at scala.tools.nsc.interactive.Global.completionsAt(Global.scala:1258)
	at scala.meta.internal.pc.SignatureHelpProvider.$anonfun$treeSymbol$1(SignatureHelpProvider.scala:376)
	at scala.Option.map(Option.scala:242)
	at scala.meta.internal.pc.SignatureHelpProvider.treeSymbol(SignatureHelpProvider.scala:374)
	at scala.meta.internal.pc.SignatureHelpProvider$MethodCall$.unapply(SignatureHelpProvider.scala:199)
	at scala.meta.internal.pc.SignatureHelpProvider$MethodCallTraverser.visit(SignatureHelpProvider.scala:310)
	at scala.meta.internal.pc.SignatureHelpProvider$MethodCallTraverser.traverse(SignatureHelpProvider.scala:304)
	at scala.meta.internal.pc.SignatureHelpProvider$MethodCallTraverser.fromTree(SignatureHelpProvider.scala:273)
	at scala.meta.internal.pc.SignatureHelpProvider.signatureHelp(SignatureHelpProvider.scala:27)

2020.09.03 17:55:22 INFO  skipping build import with status 'Installed'
2020.09.03 17:55:22 ERROR Unexpected error when compiling raytracing: '/Users/noahr/Desktop/raytracing/.bloop/raytracing/bloop-bsp-clients-classes/classes-Metals-eN7k4RRmRsu4FF3QzDM4HA==/RayTracing.class'
2020.09.03 17:55:38 INFO  skipping build import with status 'Installed'
2020.09.03 17:55:38 ERROR Unexpected error when compiling raytracing: '/Users/noahr/Desktop/raytracing/.bloop/raytracing/bloop-bsp-clients-classes/classes-Metals-eN7k4RRmRsu4FF3QzDM4HA==/RayTracing.class'
2020.09.03 17:56:26 INFO  skipping build import with status 'Installed'
2020.09.03 17:56:26 ERROR Unexpected error when compiling raytracing: '/Users/noahr/Desktop/raytracing/.bloop/raytracing/bloop-bsp-clients-classes/classes-Metals-eN7k4RRmRsu4FF3QzDM4HA==/RayTracing.class'
Sep 03, 2020 5:56:43 PM com.sun.jna.Native$1 uncaughtException
WARNING: JNA: Callback io.methvin.watchservice.MacOSXListeningWatchService$MacOSXListeningCallback@1e1818c4 threw the following exception
java.lang.IllegalStateException: Could not recursively list files for /Users/noahr/Desktop/raytracing/
	at io.methvin.watchservice.MacOSXListeningWatchService$MacOSXListeningCallback.invoke(MacOSXListeningWatchService.java:231)
	at jdk.internal.reflect.GeneratedMethodAccessor23.invoke(Unknown Source)
	at java.base/jdk.internal.reflect.DelegatingMethodAccessorImpl.invoke(DelegatingMethodAccessorImpl.java:43)
	at java.base/java.lang.reflect.Method.invoke(Method.java:566)
	at com.sun.jna.CallbackReference$DefaultCallbackProxy.invokeCallback(CallbackReference.java:520)
	at com.sun.jna.CallbackReference$DefaultCallbackProxy.callback(CallbackReference.java:551)
	at com.sun.jna.Native.invokeVoid(Native Method)
	at com.sun.jna.Function.invoke(Function.java:415)
	at com.sun.jna.Function.invoke(Function.java:361)
	at com.sun.jna.Library$Handler.invoke(Library.java:265)
	at com.sun.proxy.$Proxy13.CFRunLoopRun(Unknown Source)
	at io.methvin.watchservice.MacOSXListeningWatchService$CFRunLoopThread.run(MacOSXListeningWatchService.java:174)
Caused by: java.nio.file.NoSuchFileException: /Users/noahr/Desktop/raytracing/img 2.ppm
	at java.base/sun.nio.fs.UnixException.translateToIOException(UnixException.java:92)
	at java.base/sun.nio.fs.UnixException.rethrowAsIOException(UnixException.java:111)
	at java.base/sun.nio.fs.UnixException.rethrowAsIOException(UnixException.java:116)
	at java.base/sun.nio.fs.UnixFileAttributeViews$Basic.readAttributes(UnixFileAttributeViews.java:55)
	at java.base/sun.nio.fs.UnixFileSystemProvider.readAttributes(UnixFileSystemProvider.java:149)
	at java.base/java.nio.file.Files.readAttributes(Files.java:1763)
	at java.base/java.nio.file.FileTreeWalker.getAttributes(FileTreeWalker.java:219)
	at java.base/java.nio.file.FileTreeWalker.visit(FileTreeWalker.java:276)
	at java.base/java.nio.file.FileTreeWalker.next(FileTreeWalker.java:373)
	at java.base/java.nio.file.Files.walkFileTree(Files.java:2760)
	at java.base/java.nio.file.Files.walkFileTree(Files.java:2796)
	at io.methvin.watcher.PathUtils.recursiveVisitFiles(PathUtils.java:86)
	at io.methvin.watcher.PathUtils.recursiveListFiles(PathUtils.java:75)
	at io.methvin.watchservice.MacOSXListeningWatchService$MacOSXListeningCallback.invoke(MacOSXListeningWatchService.java:229)
	... 11 more

2020.09.03 18:01:00 ERROR code navigation does not work for the file '/Users/noahr/Desktop/raytracing/Vec3.scala' because the SemanticDB file '/Users/noahr/Desktop/raytracing/.bloop/raytracing/bloop-bsp-clients-classes/test-classes-Metals-Q2uFRcroRnGv44yUXJK4KQ==/META-INF/semanticdb/Vec3.scala.semanticdb' doesn't exist. There can be many reasons for this error. 
2020.09.03 18:01:05 WARN  no build target for: /Users/noahr/Desktop/raytracing/Material.scala
2020.09.03 18:01:05 WARN  no build target for: /Users/noahr/Desktop/raytracing/Material.scala
2020.09.03 18:01:05 INFO  skipping build import with status 'Installed'
2020.09.03 18:01:14 WARN  no build target for: /Users/noahr/Desktop/raytracing/Material.scala
2020.09.03 18:01:14 INFO  skipping build import with status 'Installed'
2020.09.03 18:01:29 INFO  Deduplicating compilation of raytracing from bsp client 'Metals 0.9.3' (since 9m 37.68s)
2020.09.03 18:01:29 ERROR Unexpected error when compiling raytracing: '/Users/noahr/Desktop/raytracing/.bloop/raytracing/bloop-bsp-clients-classes/classes-Metals-eN7k4RRmRsu4FF3QzDM4HA==/RayTracing.class'
2020.09.03 18:01:32 INFO  Deduplicating compilation of raytracing from bsp client 'Metals 0.9.3' (since 9m 41.605s)
2020.09.03 18:01:32 ERROR Unexpected error when compiling raytracing: '/Users/noahr/Desktop/raytracing/.bloop/raytracing/bloop-bsp-clients-classes/classes-Metals-eN7k4RRmRsu4FF3QzDM4HA==/RayTracing.class'
2020.09.03 18:04:38 INFO  skipping build import with status 'Installed'
2020.09.03 18:04:39 ERROR Unexpected error when compiling raytracing: '/Users/noahr/Desktop/raytracing/.bloop/raytracing/bloop-bsp-clients-classes/classes-Metals-eN7k4RRmRsu4FF3QzDM4HA==/RayTracing.class'
2020.09.03 18:04:45 INFO  skipping build import with status 'Installed'
2020.09.03 18:04:45 ERROR Unexpected error when compiling raytracing: '/Users/noahr/Desktop/raytracing/.bloop/raytracing/bloop-bsp-clients-classes/classes-Metals-eN7k4RRmRsu4FF3QzDM4HA==/RayTracing.class'
2020.09.03 18:05:03 INFO  skipping build import with status 'Installed'
2020.09.03 18:05:03 ERROR Unexpected error when compiling raytracing: '/Users/noahr/Desktop/raytracing/.bloop/raytracing/bloop-bsp-clients-classes/classes-Metals-eN7k4RRmRsu4FF3QzDM4HA==/RayTracing.class'
2020.09.03 18:05:08 INFO  skipping build import with status 'Installed'
2020.09.03 18:05:08 ERROR Unexpected error when compiling raytracing: '/Users/noahr/Desktop/raytracing/.bloop/raytracing/bloop-bsp-clients-classes/classes-Metals-eN7k4RRmRsu4FF3QzDM4HA==/RayTracing.class'
2020.09.03 18:05:22 INFO  Deduplicating compilation of raytracing from bsp client 'Metals 0.9.3' (since 13m 30.941s)
2020.09.03 18:05:22 ERROR Unexpected error when compiling raytracing: '/Users/noahr/Desktop/raytracing/.bloop/raytracing/bloop-bsp-clients-classes/classes-Metals-eN7k4RRmRsu4FF3QzDM4HA==/RayTracing.class'
2020.09.03 18:06:01 INFO  skipping build import with status 'Installed'
2020.09.03 18:06:01 ERROR Unexpected error when compiling raytracing: '/Users/noahr/Desktop/raytracing/.bloop/raytracing/bloop-bsp-clients-classes/classes-Metals-eN7k4RRmRsu4FF3QzDM4HA==/RayTracing.class'
2020.09.03 18:06:05 INFO  skipping build import with status 'Installed'
2020.09.03 18:06:06 ERROR Unexpected error when compiling raytracing: '/Users/noahr/Desktop/raytracing/.bloop/raytracing/bloop-bsp-clients-classes/classes-Metals-eN7k4RRmRsu4FF3QzDM4HA==/RayTracing.class'
2020.09.03 18:06:20 INFO  skipping build import with status 'Installed'
2020.09.03 18:06:20 INFO  Deduplicating compilation of raytracing from bsp client 'Metals 0.9.3' (since 14m 29.465s)
2020.09.03 18:06:20 ERROR Unexpected error when compiling raytracing: '/Users/noahr/Desktop/raytracing/.bloop/raytracing/bloop-bsp-clients-classes/classes-Metals-eN7k4RRmRsu4FF3QzDM4HA==/RayTracing.class'
2020.09.03 18:06:27 INFO  skipping build import with status 'Installed'
2020.09.03 18:06:27 ERROR Unexpected error when compiling raytracing: '/Users/noahr/Desktop/raytracing/.bloop/raytracing/bloop-bsp-clients-classes/classes-Metals-eN7k4RRmRsu4FF3QzDM4HA==/RayTracing.class'
2020.09.03 18:06:40 INFO  skipping build import with status 'Installed'
2020.09.03 18:06:40 ERROR Unexpected error when compiling raytracing: '/Users/noahr/Desktop/raytracing/.bloop/raytracing/bloop-bsp-clients-classes/classes-Metals-eN7k4RRmRsu4FF3QzDM4HA==/RayTracing.class'
2020.09.03 18:11:15 WARN  code navigation does not work for the file '/Users/noahr/Desktop/raytracing/Material.scala' because it doesn't belong to a build target.
2020.09.03 18:11:22 WARN  no build target for: /Users/noahr/Desktop/raytracing/Materials.scala
Sep 03, 2020 6:11:28 PM org.eclipse.lsp4j.jsonrpc.RemoteEndpoint handleCancellation
WARNING: Unmatched cancel notification for request id 16735
2020.09.03 18:11:46 WARN  no build target for: /Users/noahr/Desktop/raytracing/Materials.scala
2020.09.03 18:11:46 INFO  skipping build import with status 'Installed'
Sep 03, 2020 6:14:41 PM scala.meta.internal.pc.CompilerAccess handleError
SEVERE: offset 1425, count -1, length 1654
java.lang.StringIndexOutOfBoundsException: offset 1425, count -1, length 1654
	at java.base/java.lang.String.checkBoundsOffCount(String.java:3304)
	at java.base/java.lang.String.rangeCheck(String.java:280)
	at java.base/java.lang.String.<init>(String.java:276)
	at scala.tools.nsc.interactive.Global.typeCompletions$1(Global.scala:1235)
	at scala.tools.nsc.interactive.Global.completionsAt(Global.scala:1258)
	at scala.meta.internal.pc.SignatureHelpProvider.$anonfun$treeSymbol$1(SignatureHelpProvider.scala:376)
	at scala.Option.map(Option.scala:242)
	at scala.meta.internal.pc.SignatureHelpProvider.treeSymbol(SignatureHelpProvider.scala:374)
	at scala.meta.internal.pc.SignatureHelpProvider$MethodCall$.unapply(SignatureHelpProvider.scala:199)
	at scala.meta.internal.pc.SignatureHelpProvider$MethodCallTraverser.visit(SignatureHelpProvider.scala:310)
	at scala.meta.internal.pc.SignatureHelpProvider$MethodCallTraverser.traverse(SignatureHelpProvider.scala:304)
	at scala.meta.internal.pc.SignatureHelpProvider$MethodCallTraverser.fromTree(SignatureHelpProvider.scala:273)
	at scala.meta.internal.pc.SignatureHelpProvider.signatureHelp(SignatureHelpProvider.scala:27)

2020.09.03 18:14:47 INFO  skipping build import with status 'Installed'
2020.09.03 18:14:47 ERROR Unexpected error when compiling raytracing: '/Users/noahr/Desktop/raytracing/.bloop/raytracing/bloop-bsp-clients-classes/classes-Metals-eN7k4RRmRsu4FF3QzDM4HA==/RayTracing.class'
2020.09.03 18:15:14 WARN  no build target for: /Users/noahr/Desktop/raytracing/Materials.scala
2020.09.03 18:15:14 INFO  skipping build import with status 'Installed'
2020.09.03 18:15:28 INFO  skipping build import with status 'Installed'
2020.09.03 18:15:28 ERROR Unexpected error when compiling raytracing: '/Users/noahr/Desktop/raytracing/.bloop/raytracing/bloop-bsp-clients-classes/classes-Metals-eN7k4RRmRsu4FF3QzDM4HA==/RayTracing.class'
2020.09.03 18:15:40 WARN  no build target for: /Users/noahr/Desktop/raytracing/Materials.scala
2020.09.03 18:15:40 INFO  skipping build import with status 'Installed'
2020.09.03 18:16:13 INFO  skipping build import with status 'Installed'
2020.09.03 18:16:13 ERROR Unexpected error when compiling raytracing: '/Users/noahr/Desktop/raytracing/.bloop/raytracing/bloop-bsp-clients-classes/classes-Metals-eN7k4RRmRsu4FF3QzDM4HA==/RayTracing.class'
2020.09.03 18:16:37 INFO  skipping build import with status 'Installed'
2020.09.03 18:16:37 INFO  Deduplicating compilation of raytracing from bsp client 'Metals 0.9.3' (since 24m 46.521s)
2020.09.03 18:16:37 ERROR Unexpected error when compiling raytracing: '/Users/noahr/Desktop/raytracing/.bloop/raytracing/bloop-bsp-clients-classes/classes-Metals-eN7k4RRmRsu4FF3QzDM4HA==/RayTracing.class'
2020.09.03 18:16:58 INFO  skipping build import with status 'Installed'
2020.09.03 18:16:58 ERROR Unexpected error when compiling raytracing: '/Users/noahr/Desktop/raytracing/.bloop/raytracing/bloop-bsp-clients-classes/classes-Metals-eN7k4RRmRsu4FF3QzDM4HA==/RayTracing.class'
2020.09.03 18:17:09 INFO  skipping build import with status 'Installed'
2020.09.03 18:17:09 ERROR Unexpected error when compiling raytracing: '/Users/noahr/Desktop/raytracing/.bloop/raytracing/bloop-bsp-clients-classes/classes-Metals-eN7k4RRmRsu4FF3QzDM4HA==/RayTracing.class'
2020.09.03 18:19:40 WARN  no build target for: /Users/noahr/Desktop/raytracing/Materials.scala
2020.09.03 18:19:40 INFO  skipping build import with status 'Installed'
2020.09.03 18:19:58 INFO  skipping build import with status 'Installed'
2020.09.03 18:19:58 ERROR Unexpected error when compiling raytracing: '/Users/noahr/Desktop/raytracing/.bloop/raytracing/bloop-bsp-clients-classes/classes-Metals-eN7k4RRmRsu4FF3QzDM4HA==/RayTracing.class'
2020.09.03 18:20:09 INFO  skipping build import with status 'Installed'
2020.09.03 18:20:09 ERROR Unexpected error when compiling raytracing: '/Users/noahr/Desktop/raytracing/.bloop/raytracing/bloop-bsp-clients-classes/classes-Metals-eN7k4RRmRsu4FF3QzDM4HA==/RayTracing.class'
2020.09.03 18:23:55 WARN  no build target for: /Users/noahr/Desktop/raytracing/Materials.scala
2020.09.03 18:23:55 INFO  skipping build import with status 'Installed'
2020.09.03 18:24:27 WARN  no build target for: /Users/noahr/Desktop/raytracing/Materials.scala
2020.09.03 18:24:27 INFO  skipping build import with status 'Installed'
2020.09.03 18:24:38 WARN  no build target for: /Users/noahr/Desktop/raytracing/Materials.scala
2020.09.03 18:24:38 INFO  skipping build import with status 'Installed'
2020.09.03 18:25:32 WARN  no build target for: /Users/noahr/Desktop/raytracing/Materials.scala
2020.09.03 18:25:32 INFO  skipping build import with status 'Installed'
2020.09.03 18:25:42 WARN  no build target for: /Users/noahr/Desktop/raytracing/Materials.scala
2020.09.03 18:25:42 INFO  skipping build import with status 'Installed'
2020.09.03 18:27:02 WARN  no build target for: /Users/noahr/Desktop/raytracing/Materials.scala
2020.09.03 18:27:02 INFO  skipping build import with status 'Installed'
2020.09.03 18:28:41 INFO  skipping build import with status 'Installed'
2020.09.03 18:28:41 ERROR Unexpected error when compiling raytracing: '/Users/noahr/Desktop/raytracing/.bloop/raytracing/bloop-bsp-clients-classes/classes-Metals-eN7k4RRmRsu4FF3QzDM4HA==/RayTracing.class'
2020.09.03 18:28:54 INFO  skipping build import with status 'Installed'
2020.09.03 18:28:54 ERROR Unexpected error when compiling raytracing: '/Users/noahr/Desktop/raytracing/.bloop/raytracing/bloop-bsp-clients-classes/classes-Metals-eN7k4RRmRsu4FF3QzDM4HA==/RayTracing.class'
2020.09.03 18:29:06 INFO  skipping build import with status 'Installed'
2020.09.03 18:29:06 ERROR Unexpected error when compiling raytracing: '/Users/noahr/Desktop/raytracing/.bloop/raytracing/bloop-bsp-clients-classes/classes-Metals-eN7k4RRmRsu4FF3QzDM4HA==/RayTracing.class'
Sep 03, 2020 6:30:53 PM scala.meta.internal.pc.CompilerAccess handleError
SEVERE: offset 487, count -2, length 530
java.lang.StringIndexOutOfBoundsException: offset 487, count -2, length 530
	at java.base/java.lang.String.checkBoundsOffCount(String.java:3304)
	at java.base/java.lang.String.rangeCheck(String.java:280)
	at java.base/java.lang.String.<init>(String.java:276)
	at scala.tools.nsc.interactive.Global.typeCompletions$1(Global.scala:1230)
	at scala.tools.nsc.interactive.Global.completionsAt(Global.scala:1253)
	at scala.meta.internal.pc.SignatureHelpProvider.$anonfun$treeSymbol$1(SignatureHelpProvider.scala:376)
	at scala.Option.map(Option.scala:230)
	at scala.meta.internal.pc.SignatureHelpProvider.treeSymbol(SignatureHelpProvider.scala:374)
	at scala.meta.internal.pc.SignatureHelpProvider$MethodCall$.unapply(SignatureHelpProvider.scala:199)
	at scala.meta.internal.pc.SignatureHelpProvider$MethodCallTraverser.visit(SignatureHelpProvider.scala:310)
	at scala.meta.internal.pc.SignatureHelpProvider$MethodCallTraverser.traverse(SignatureHelpProvider.scala:304)
	at scala.meta.internal.pc.SignatureHelpProvider$MethodCallTraverser.fromTree(SignatureHelpProvider.scala:273)
	at scala.meta.internal.pc.SignatureHelpProvider.signatureHelp(SignatureHelpProvider.scala:27)

2020.09.03 18:31:17 WARN  no build target for: /Users/noahr/Desktop/raytracing/Materials.scala
2020.09.03 18:31:17 INFO  skipping build import with status 'Installed'
2020.09.03 18:32:29 INFO  skipping build import with status 'Installed'
2020.09.03 18:32:29 ERROR Unexpected error when compiling raytracing: '/Users/noahr/Desktop/raytracing/.bloop/raytracing/bloop-bsp-clients-classes/classes-Metals-eN7k4RRmRsu4FF3QzDM4HA==/RayTracing.class'
2020.09.03 18:36:18 INFO  skipping build import with status 'Installed'
2020.09.03 18:36:18 ERROR Unexpected error when compiling raytracing: '/Users/noahr/Desktop/raytracing/.bloop/raytracing/bloop-bsp-clients-classes/classes-Metals-eN7k4RRmRsu4FF3QzDM4HA==/RayTracing.class'
2020.09.03 22:00:35 INFO  skipping build import with status 'Installed'
2020.09.03 22:00:35 ERROR Unexpected error when compiling raytracing: '/Users/noahr/Desktop/raytracing/.bloop/raytracing/bloop-bsp-clients-classes/classes-Metals-eN7k4RRmRsu4FF3QzDM4HA==/RayTracing.class'
2020.09.03 22:00:48 INFO  skipping build import with status 'Installed'
2020.09.03 22:00:48 INFO  Deduplicating compilation of raytracing from bsp client 'Metals 0.9.3' (since 4h 8m 57.014s)
2020.09.03 22:00:48 ERROR Unexpected error when compiling raytracing: '/Users/noahr/Desktop/raytracing/.bloop/raytracing/bloop-bsp-clients-classes/classes-Metals-eN7k4RRmRsu4FF3QzDM4HA==/RayTracing.class'
2020.09.03 22:00:51 INFO  skipping build import with status 'Installed'
2020.09.03 22:00:51 ERROR Unexpected error when compiling raytracing: '/Users/noahr/Desktop/raytracing/.bloop/raytracing/bloop-bsp-clients-classes/classes-Metals-eN7k4RRmRsu4FF3QzDM4HA==/RayTracing.class'
2020.09.03 22:01:05 INFO  skipping build import with status 'Installed'
2020.09.03 22:01:05 INFO  Deduplicating compilation of raytracing from bsp client 'Metals 0.9.3' (since 4h 9m 14.19s)
2020.09.03 22:01:05 ERROR Unexpected error when compiling raytracing: '/Users/noahr/Desktop/raytracing/.bloop/raytracing/bloop-bsp-clients-classes/classes-Metals-eN7k4RRmRsu4FF3QzDM4HA==/RayTracing.class'
2020.09.03 22:01:50 WARN  code navigation does not work for the file '/Users/noahr/Desktop/raytracing/Materials.scala' because it doesn't belong to a build target.
2020.09.03 22:01:50 WARN  code navigation does not work for the file '/Users/noahr/Desktop/raytracing/Materials.scala' because it doesn't belong to a build target.
2020.09.03 22:01:52 WARN  code navigation does not work for the file '/Users/noahr/Desktop/raytracing/Materials.scala' because it doesn't belong to a build target.
2020.09.03 22:01:56 INFO  Deduplicating compilation of raytracing from bsp client 'Metals 0.9.3' (since 4h 10m 5.286s)
2020.09.03 22:01:56 ERROR Unexpected error when compiling raytracing: '/Users/noahr/Desktop/raytracing/.bloop/raytracing/bloop-bsp-clients-classes/classes-Metals-eN7k4RRmRsu4FF3QzDM4HA==/RayTracing.class'
2020.09.03 22:01:58 ERROR code navigation does not work for the file '/Users/noahr/Desktop/raytracing/Vec3.scala' because the SemanticDB file '/Users/noahr/Desktop/raytracing/.bloop/raytracing/bloop-bsp-clients-classes/test-classes-Metals-Q2uFRcroRnGv44yUXJK4KQ==/META-INF/semanticdb/Vec3.scala.semanticdb' doesn't exist. There can be many reasons for this error. 
2020.09.03 22:02:33 WARN  no build target for: /Users/noahr/Desktop/raytracing/Materials.scala
2020.09.03 22:02:33 INFO  skipping build import with status 'Installed'
2020.09.03 22:02:39 INFO  skipping build import with status 'Installed'
2020.09.03 22:02:39 ERROR Unexpected error when compiling raytracing: '/Users/noahr/Desktop/raytracing/.bloop/raytracing/bloop-bsp-clients-classes/classes-Metals-eN7k4RRmRsu4FF3QzDM4HA==/RayTracing.class'
2020.09.03 22:04:32 INFO  skipping build import with status 'Installed'
2020.09.03 22:04:32 ERROR Unexpected error when compiling raytracing: '/Users/noahr/Desktop/raytracing/.bloop/raytracing/bloop-bsp-clients-classes/classes-Metals-eN7k4RRmRsu4FF3QzDM4HA==/RayTracing.class'
2020.09.03 22:05:32 WARN  no build target for: /Users/noahr/Desktop/raytracing/Materials.scala
2020.09.03 22:05:32 INFO  skipping build import with status 'Installed'
2020.09.03 22:06:22 WARN  no build target for: /Users/noahr/Desktop/raytracing/Materials.scala
2020.09.03 22:06:22 INFO  skipping build import with status 'Installed'
2020.09.03 22:06:37 INFO  skipping build import with status 'Installed'
2020.09.03 22:06:37 ERROR Unexpected error when compiling raytracing: '/Users/noahr/Desktop/raytracing/.bloop/raytracing/bloop-bsp-clients-classes/classes-Metals-eN7k4RRmRsu4FF3QzDM4HA==/RayTracing.class'
2020.09.03 22:07:11 WARN  no build target for: /Users/noahr/Desktop/raytracing/Materials.scala
2020.09.03 22:07:11 INFO  skipping build import with status 'Installed'
2020.09.03 22:07:28 WARN  code navigation does not work for the file '/Users/noahr/Desktop/raytracing/Materials.scala' because it doesn't belong to a build target.
2020.09.03 22:07:30 WARN  no build target for: /Users/noahr/Desktop/raytracing/Materials.scala
2020.09.03 22:07:30 INFO  skipping build import with status 'Installed'
2020.09.03 22:07:48 WARN  no build target for: /Users/noahr/Desktop/raytracing/Materials.scala
2020.09.03 22:07:48 INFO  skipping build import with status 'Installed'
2020.09.03 22:08:24 WARN  no build target for: /Users/noahr/Desktop/raytracing/Materials.scala
2020.09.03 22:08:24 INFO  skipping build import with status 'Installed'
2020.09.03 22:08:56 WARN  no build target for: /Users/noahr/Desktop/raytracing/Materials.scala
2020.09.03 22:08:56 INFO  skipping build import with status 'Installed'
2020.09.03 22:13:37 INFO  skipping build import with status 'Installed'
2020.09.03 22:13:37 ERROR Unexpected error when compiling raytracing: '/Users/noahr/Desktop/raytracing/.bloop/raytracing/bloop-bsp-clients-classes/classes-Metals-eN7k4RRmRsu4FF3QzDM4HA==/RayTracing.class'
2020.09.03 22:14:03 INFO  skipping build import with status 'Installed'
2020.09.03 22:14:03 ERROR Unexpected error when compiling raytracing: '/Users/noahr/Desktop/raytracing/.bloop/raytracing/bloop-bsp-clients-classes/classes-Metals-eN7k4RRmRsu4FF3QzDM4HA==/RayTracing.class'
2020.09.03 22:14:27 INFO  skipping build import with status 'Installed'
2020.09.03 22:14:27 ERROR Unexpected error when compiling raytracing: '/Users/noahr/Desktop/raytracing/.bloop/raytracing/bloop-bsp-clients-classes/classes-Metals-eN7k4RRmRsu4FF3QzDM4HA==/RayTracing.class'
2020.09.03 22:14:30 INFO  skipping build import with status 'Installed'
2020.09.03 22:14:30 ERROR Unexpected error when compiling raytracing: '/Users/noahr/Desktop/raytracing/.bloop/raytracing/bloop-bsp-clients-classes/classes-Metals-eN7k4RRmRsu4FF3QzDM4HA==/RayTracing.class'
2020.09.03 22:14:54 INFO  skipping build import with status 'Installed'
2020.09.03 22:14:54 ERROR Unexpected error when compiling raytracing: '/Users/noahr/Desktop/raytracing/.bloop/raytracing/bloop-bsp-clients-classes/classes-Metals-eN7k4RRmRsu4FF3QzDM4HA==/RayTracing.class'
2020.09.03 22:15:18 INFO  skipping build import with status 'Installed'
2020.09.03 22:15:18 ERROR Unexpected error when compiling raytracing: '/Users/noahr/Desktop/raytracing/.bloop/raytracing/bloop-bsp-clients-classes/classes-Metals-eN7k4RRmRsu4FF3QzDM4HA==/RayTracing.class'
2020.09.03 22:15:41 INFO  skipping build import with status 'Installed'
2020.09.03 22:15:41 ERROR Unexpected error when compiling raytracing: '/Users/noahr/Desktop/raytracing/.bloop/raytracing/bloop-bsp-clients-classes/classes-Metals-eN7k4RRmRsu4FF3QzDM4HA==/RayTracing.class'
2020.09.03 22:16:01 INFO  skipping build import with status 'Installed'
2020.09.03 22:16:01 ERROR Unexpected error when compiling raytracing: '/Users/noahr/Desktop/raytracing/.bloop/raytracing/bloop-bsp-clients-classes/classes-Metals-eN7k4RRmRsu4FF3QzDM4HA==/RayTracing.class'
2020.09.03 22:16:31 INFO  skipping build import with status 'Installed'
2020.09.03 22:16:31 ERROR Unexpected error when compiling raytracing: '/Users/noahr/Desktop/raytracing/.bloop/raytracing/bloop-bsp-clients-classes/classes-Metals-eN7k4RRmRsu4FF3QzDM4HA==/RayTracing.class'
2020.09.03 22:16:38 INFO  skipping build import with status 'Installed'
2020.09.03 22:16:38 ERROR Unexpected error when compiling raytracing: '/Users/noahr/Desktop/raytracing/.bloop/raytracing/bloop-bsp-clients-classes/classes-Metals-eN7k4RRmRsu4FF3QzDM4HA==/RayTracing.class'
2020.09.04 07:25:06 WARN  no build target for: /Users/noahr/Desktop/raytracing/Materials.scala
2020.09.04 07:25:06 INFO  skipping build import with status 'Installed'
2020.09.04 07:27:21 WARN  no build target for: /Users/noahr/Desktop/raytracing/Materials.scala
2020.09.04 07:27:21 INFO  skipping build import with status 'Installed'
2020.09.04 07:27:31 WARN  no build target for: /Users/noahr/Desktop/raytracing/Materials.scala
2020.09.04 07:27:31 INFO  skipping build import with status 'Installed'
2020.09.04 07:29:15 WARN  no build target for: /Users/noahr/Desktop/raytracing/Materials.scala
2020.09.04 07:29:15 INFO  skipping build import with status 'Installed'
2020.09.04 07:29:26 WARN  no build target for: /Users/noahr/Desktop/raytracing/Materials.scala
2020.09.04 07:29:26 INFO  skipping build import with status 'Installed'
2020.09.04 07:29:38 WARN  no build target for: /Users/noahr/Desktop/raytracing/Materials.scala
2020.09.04 07:29:38 INFO  skipping build import with status 'Installed'
2020.09.04 07:30:13 WARN  no build target for: /Users/noahr/Desktop/raytracing/Materials.scala
2020.09.04 07:30:13 INFO  skipping build import with status 'Installed'
2020.09.04 07:31:36 WARN  no build target for: /Users/noahr/Desktop/raytracing/Materials.scala
2020.09.04 07:31:36 INFO  skipping build import with status 'Installed'
Sep 04, 2020 7:32:09 AM scala.meta.internal.pc.CompilerAccess handleError
SEVERE: offset 1059, count -2, length 1099
java.lang.StringIndexOutOfBoundsException: offset 1059, count -2, length 1099
	at java.base/java.lang.String.checkBoundsOffCount(String.java:3304)
	at java.base/java.lang.String.rangeCheck(String.java:280)
	at java.base/java.lang.String.<init>(String.java:276)
	at scala.tools.nsc.interactive.Global.typeCompletions$1(Global.scala:1230)
	at scala.tools.nsc.interactive.Global.completionsAt(Global.scala:1253)
	at scala.meta.internal.pc.SignatureHelpProvider.$anonfun$treeSymbol$1(SignatureHelpProvider.scala:376)
	at scala.Option.map(Option.scala:230)
	at scala.meta.internal.pc.SignatureHelpProvider.treeSymbol(SignatureHelpProvider.scala:374)
	at scala.meta.internal.pc.SignatureHelpProvider$MethodCall$.unapply(SignatureHelpProvider.scala:199)
	at scala.meta.internal.pc.SignatureHelpProvider$MethodCallTraverser.visit(SignatureHelpProvider.scala:310)
	at scala.meta.internal.pc.SignatureHelpProvider$MethodCallTraverser.traverse(SignatureHelpProvider.scala:304)
	at scala.meta.internal.pc.SignatureHelpProvider$MethodCallTraverser.fromTree(SignatureHelpProvider.scala:273)
	at scala.meta.internal.pc.SignatureHelpProvider.signatureHelp(SignatureHelpProvider.scala:27)

2020.09.04 07:32:34 WARN  no build target for: /Users/noahr/Desktop/raytracing/Materials.scala
2020.09.04 07:32:34 INFO  skipping build import with status 'Installed'
2020.09.04 07:33:25 WARN  no build target for: /Users/noahr/Desktop/raytracing/Materials.scala
2020.09.04 07:33:25 INFO  skipping build import with status 'Installed'
2020.09.04 07:33:29 WARN  no build target for: /Users/noahr/Desktop/raytracing/Materials.scala
2020.09.04 07:33:29 INFO  skipping build import with status 'Installed'
2020.09.04 07:33:49 INFO  skipping build import with status 'Installed'
2020.09.04 07:33:49 ERROR Unexpected error when compiling raytracing: '/Users/noahr/Desktop/raytracing/.bloop/raytracing/bloop-bsp-clients-classes/classes-Metals-eN7k4RRmRsu4FF3QzDM4HA==/RayTracing.class'
2020.09.04 07:37:03 WARN  no build target for: /Users/noahr/Desktop/raytracing/Materials.scala
2020.09.04 07:37:03 INFO  skipping build import with status 'Installed'
Sep 04, 2020 7:37:17 AM scala.meta.internal.pc.CompilerAccess handleError
SEVERE: offset 1231, count -1, length 1400
java.lang.StringIndexOutOfBoundsException: offset 1231, count -1, length 1400
	at java.base/java.lang.String.checkBoundsOffCount(String.java:3304)
	at java.base/java.lang.String.rangeCheck(String.java:280)
	at java.base/java.lang.String.<init>(String.java:276)
	at scala.tools.nsc.interactive.Global.typeCompletions$1(Global.scala:1230)
	at scala.tools.nsc.interactive.Global.completionsAt(Global.scala:1253)
	at scala.meta.internal.pc.SignatureHelpProvider.$anonfun$treeSymbol$1(SignatureHelpProvider.scala:376)
	at scala.Option.map(Option.scala:230)
	at scala.meta.internal.pc.SignatureHelpProvider.treeSymbol(SignatureHelpProvider.scala:374)
	at scala.meta.internal.pc.SignatureHelpProvider$MethodCall$.unapply(SignatureHelpProvider.scala:199)
	at scala.meta.internal.pc.SignatureHelpProvider$MethodCallTraverser.visit(SignatureHelpProvider.scala:310)
	at scala.meta.internal.pc.SignatureHelpProvider$MethodCallTraverser.traverse(SignatureHelpProvider.scala:304)
	at scala.meta.internal.pc.SignatureHelpProvider$MethodCallTraverser.fromTree(SignatureHelpProvider.scala:273)
	at scala.meta.internal.pc.SignatureHelpProvider.signatureHelp(SignatureHelpProvider.scala:27)

2020.09.04 07:39:29 WARN  code navigation does not work for the file '/Users/noahr/Desktop/raytracing/Materials.scala' because it doesn't belong to a build target.
2020.09.04 07:39:29 WARN  no build target for: /Users/noahr/Desktop/raytracing/Materials.scala
2020.09.04 07:39:29 INFO  skipping build import with status 'Installed'
2020.09.04 07:42:38 WARN  no build target for: /Users/noahr/Desktop/raytracing/Materials.scala
2020.09.04 07:42:38 INFO  skipping build import with status 'Installed'
2020.09.04 07:42:50 INFO  skipping build import with status 'Installed'
2020.09.04 07:42:50 ERROR Unexpected error when compiling raytracing: '/Users/noahr/Desktop/raytracing/.bloop/raytracing/bloop-bsp-clients-classes/classes-Metals-eN7k4RRmRsu4FF3QzDM4HA==/RayTracing.class'
2020.09.04 07:43:01 WARN  no build target for: /Users/noahr/Desktop/raytracing/Materials.scala
2020.09.04 07:43:01 INFO  skipping build import with status 'Installed'
2020.09.04 07:43:28 WARN  no build target for: /Users/noahr/Desktop/raytracing/Materials.scala
2020.09.04 07:43:28 INFO  skipping build import with status 'Installed'
2020.09.04 07:43:30 WARN  no build target for: /Users/noahr/Desktop/raytracing/Materials.scala
2020.09.04 07:43:30 INFO  skipping build import with status 'Installed'
2020.09.04 07:45:08 WARN  no build target for: /Users/noahr/Desktop/raytracing/Materials.scala
2020.09.04 07:45:08 INFO  skipping build import with status 'Installed'
2020.09.04 07:45:17 WARN  no build target for: /Users/noahr/Desktop/raytracing/Materials.scala
2020.09.04 07:45:17 INFO  skipping build import with status 'Installed'
2020.09.04 07:45:22 WARN  no build target for: /Users/noahr/Desktop/raytracing/Materials.scala
2020.09.04 07:45:22 INFO  skipping build import with status 'Installed'
2020.09.04 07:45:45 WARN  no build target for: /Users/noahr/Desktop/raytracing/Materials.scala
2020.09.04 07:45:45 INFO  skipping build import with status 'Installed'
2020.09.04 07:47:51 WARN  no build target for: /Users/noahr/Desktop/raytracing/Materials.scala
2020.09.04 07:47:51 INFO  skipping build import with status 'Installed'
2020.09.04 07:48:29 INFO  skipping build import with status 'Installed'
2020.09.04 07:48:29 ERROR Unexpected error when compiling raytracing: '/Users/noahr/Desktop/raytracing/.bloop/raytracing/bloop-bsp-clients-classes/classes-Metals-eN7k4RRmRsu4FF3QzDM4HA==/RayTracing.class'
2020.09.04 07:48:54 ERROR code navigation does not work for the file '/Users/noahr/Desktop/raytracing/RayTracing.scala' because the SemanticDB file '/Users/noahr/Desktop/raytracing/.bloop/raytracing/bloop-bsp-clients-classes/test-classes-Metals-Q2uFRcroRnGv44yUXJK4KQ==/META-INF/semanticdb/RayTracing.scala.semanticdb' doesn't exist. There can be many reasons for this error. 
2020.09.04 07:48:54 INFO  skipping build import with status 'Installed'
2020.09.04 07:48:54 INFO  Deduplicating compilation of raytracing from bsp client 'Metals 0.9.3' (since 13h 57m 3.402s)
2020.09.04 07:48:54 ERROR Unexpected error when compiling raytracing: '/Users/noahr/Desktop/raytracing/.bloop/raytracing/bloop-bsp-clients-classes/classes-Metals-eN7k4RRmRsu4FF3QzDM4HA==/RayTracing.class'
2020.09.04 07:49:29 INFO  skipping build import with status 'Installed'
2020.09.04 07:49:29 ERROR Unexpected error when compiling raytracing: '/Users/noahr/Desktop/raytracing/.bloop/raytracing/bloop-bsp-clients-classes/classes-Metals-eN7k4RRmRsu4FF3QzDM4HA==/RayTracing.class'
2020.09.04 07:49:51 INFO  skipping build import with status 'Installed'
2020.09.04 07:49:51 INFO  Deduplicating compilation of raytracing from bsp client 'Metals 0.9.3' (since 13h 57m 59.95s)
2020.09.04 07:49:51 ERROR Unexpected error when compiling raytracing: '/Users/noahr/Desktop/raytracing/.bloop/raytracing/bloop-bsp-clients-classes/classes-Metals-eN7k4RRmRsu4FF3QzDM4HA==/RayTracing.class'
2020.09.04 07:51:42 INFO  skipping build import with status 'Installed'
2020.09.04 07:51:42 ERROR Unexpected error when compiling raytracing: '/Users/noahr/Desktop/raytracing/.bloop/raytracing/bloop-bsp-clients-classes/classes-Metals-eN7k4RRmRsu4FF3QzDM4HA==/RayTracing.class'
2020.09.04 07:52:28 INFO  skipping build import with status 'Installed'
2020.09.04 07:52:28 ERROR Unexpected error when compiling raytracing: '/Users/noahr/Desktop/raytracing/.bloop/raytracing/bloop-bsp-clients-classes/classes-Metals-eN7k4RRmRsu4FF3QzDM4HA==/RayTracing.class'
2020.09.04 07:52:39 INFO  skipping build import with status 'Installed'
2020.09.04 07:52:39 ERROR Unexpected error when compiling raytracing: '/Users/noahr/Desktop/raytracing/.bloop/raytracing/bloop-bsp-clients-classes/classes-Metals-eN7k4RRmRsu4FF3QzDM4HA==/RayTracing.class'
2020.09.04 07:53:11 INFO  skipping build import with status 'Installed'
2020.09.04 07:53:11 ERROR Unexpected error when compiling raytracing: '/Users/noahr/Desktop/raytracing/.bloop/raytracing/bloop-bsp-clients-classes/classes-Metals-eN7k4RRmRsu4FF3QzDM4HA==/RayTracing.class'
2020.09.04 07:53:24 INFO  skipping build import with status 'Installed'
2020.09.04 07:53:24 ERROR Unexpected error when compiling raytracing: '/Users/noahr/Desktop/raytracing/.bloop/raytracing/bloop-bsp-clients-classes/classes-Metals-eN7k4RRmRsu4FF3QzDM4HA==/RayTracing.class'
2020.09.04 07:53:25 ERROR code navigation does not work for the file '/Users/noahr/Desktop/raytracing/RayTracing.scala' because the SemanticDB file '/Users/noahr/Desktop/raytracing/.bloop/raytracing/bloop-bsp-clients-classes/test-classes-Metals-Q2uFRcroRnGv44yUXJK4KQ==/META-INF/semanticdb/RayTracing.scala.semanticdb' doesn't exist. There can be many reasons for this error. 
2020.09.04 07:53:56 ERROR code navigation does not work for the file '/Users/noahr/Desktop/raytracing/RayTracing.scala' because the SemanticDB file '/Users/noahr/Desktop/raytracing/.bloop/raytracing/bloop-bsp-clients-classes/test-classes-Metals-Q2uFRcroRnGv44yUXJK4KQ==/META-INF/semanticdb/RayTracing.scala.semanticdb' doesn't exist. There can be many reasons for this error. 
2020.09.04 07:54:08 INFO  skipping build import with status 'Installed'
2020.09.04 07:54:08 ERROR Unexpected error when compiling raytracing: '/Users/noahr/Desktop/raytracing/.bloop/raytracing/bloop-bsp-clients-classes/classes-Metals-eN7k4RRmRsu4FF3QzDM4HA==/RayTracing.class'
2020.09.04 07:54:16 INFO  skipping build import with status 'Installed'
2020.09.04 07:54:16 ERROR Unexpected error when compiling raytracing: '/Users/noahr/Desktop/raytracing/.bloop/raytracing/bloop-bsp-clients-classes/classes-Metals-eN7k4RRmRsu4FF3QzDM4HA==/RayTracing.class'
2020.09.04 07:55:11 INFO  skipping build import with status 'Installed'
2020.09.04 07:55:11 ERROR Unexpected error when compiling raytracing: '/Users/noahr/Desktop/raytracing/.bloop/raytracing/bloop-bsp-clients-classes/classes-Metals-eN7k4RRmRsu4FF3QzDM4HA==/RayTracing.class'
2020.09.04 07:55:14 INFO  skipping build import with status 'Installed'
2020.09.04 07:55:14 ERROR Unexpected error when compiling raytracing: '/Users/noahr/Desktop/raytracing/.bloop/raytracing/bloop-bsp-clients-classes/classes-Metals-eN7k4RRmRsu4FF3QzDM4HA==/RayTracing.class'
2020.09.04 08:00:11 INFO  skipping build import with status 'Installed'
2020.09.04 08:00:11 ERROR Unexpected error when compiling raytracing: '/Users/noahr/Desktop/raytracing/.bloop/raytracing/bloop-bsp-clients-classes/classes-Metals-eN7k4RRmRsu4FF3QzDM4HA==/RayTracing.class'
2020.09.04 08:01:49 INFO  skipping build import with status 'Installed'
2020.09.04 08:01:49 ERROR Unexpected error when compiling raytracing: '/Users/noahr/Desktop/raytracing/.bloop/raytracing/bloop-bsp-clients-classes/classes-Metals-eN7k4RRmRsu4FF3QzDM4HA==/RayTracing.class'
2020.09.04 08:02:05 ERROR code navigation does not work for the file '/Users/noahr/Desktop/raytracing/Camera.scala' because the SemanticDB file '/Users/noahr/Desktop/raytracing/.bloop/raytracing/bloop-bsp-clients-classes/test-classes-Metals-Q2uFRcroRnGv44yUXJK4KQ==/META-INF/semanticdb/Camera.scala.semanticdb' doesn't exist. There can be many reasons for this error. 
2020.09.04 08:02:05 INFO  skipping build import with status 'Installed'
2020.09.04 08:02:05 ERROR Unexpected error when compiling raytracing: '/Users/noahr/Desktop/raytracing/.bloop/raytracing/bloop-bsp-clients-classes/classes-Metals-eN7k4RRmRsu4FF3QzDM4HA==/RayTracing.class'
2020.09.04 08:03:24 INFO  skipping build import with status 'Installed'
2020.09.04 08:03:24 ERROR Unexpected error when compiling raytracing: '/Users/noahr/Desktop/raytracing/.bloop/raytracing/bloop-bsp-clients-classes/classes-Metals-eN7k4RRmRsu4FF3QzDM4HA==/RayTracing.class'
2020.09.04 08:03:45 INFO  skipping build import with status 'Installed'
2020.09.04 08:03:45 ERROR Unexpected error when compiling raytracing: '/Users/noahr/Desktop/raytracing/.bloop/raytracing/bloop-bsp-clients-classes/classes-Metals-eN7k4RRmRsu4FF3QzDM4HA==/RayTracing.class'
2020.09.04 08:03:49 INFO  skipping build import with status 'Installed'
2020.09.04 08:03:49 ERROR Unexpected error when compiling raytracing: '/Users/noahr/Desktop/raytracing/.bloop/raytracing/bloop-bsp-clients-classes/classes-Metals-eN7k4RRmRsu4FF3QzDM4HA==/RayTracing.class'
2020.09.04 08:03:55 INFO  skipping build import with status 'Installed'
2020.09.04 08:03:55 ERROR Unexpected error when compiling raytracing: '/Users/noahr/Desktop/raytracing/.bloop/raytracing/bloop-bsp-clients-classes/classes-Metals-eN7k4RRmRsu4FF3QzDM4HA==/RayTracing.class'
2020.09.04 08:04:02 INFO  skipping build import with status 'Installed'
2020.09.04 08:04:02 ERROR Unexpected error when compiling raytracing: '/Users/noahr/Desktop/raytracing/.bloop/raytracing/bloop-bsp-clients-classes/classes-Metals-eN7k4RRmRsu4FF3QzDM4HA==/RayTracing.class'
2020.09.04 08:04:21 INFO  skipping build import with status 'Installed'
2020.09.04 08:04:21 ERROR Unexpected error when compiling raytracing: '/Users/noahr/Desktop/raytracing/.bloop/raytracing/bloop-bsp-clients-classes/classes-Metals-eN7k4RRmRsu4FF3QzDM4HA==/RayTracing.class'
2020.09.04 08:04:47 INFO  skipping build import with status 'Installed'
2020.09.04 08:04:47 INFO  Deduplicating compilation of raytracing from bsp client 'Metals 0.9.3' (since 14h 12m 56.538s)
2020.09.04 08:04:47 ERROR Unexpected error when compiling raytracing: '/Users/noahr/Desktop/raytracing/.bloop/raytracing/bloop-bsp-clients-classes/classes-Metals-eN7k4RRmRsu4FF3QzDM4HA==/RayTracing.class'
2020.09.04 08:05:12 INFO  skipping build import with status 'Installed'
2020.09.04 08:05:12 ERROR Unexpected error when compiling raytracing: '/Users/noahr/Desktop/raytracing/.bloop/raytracing/bloop-bsp-clients-classes/classes-Metals-eN7k4RRmRsu4FF3QzDM4HA==/RayTracing.class'
2020.09.04 08:05:20 INFO  skipping build import with status 'Installed'
2020.09.04 08:05:20 ERROR Unexpected error when compiling raytracing: '/Users/noahr/Desktop/raytracing/.bloop/raytracing/bloop-bsp-clients-classes/classes-Metals-eN7k4RRmRsu4FF3QzDM4HA==/RayTracing.class'
2020.09.04 08:05:36 INFO  skipping build import with status 'Installed'
2020.09.04 08:05:36 INFO  Deduplicating compilation of raytracing from bsp client 'Metals 0.9.3' (since 14h 13m 45.415s)
2020.09.04 08:05:36 ERROR Unexpected error when compiling raytracing: '/Users/noahr/Desktop/raytracing/.bloop/raytracing/bloop-bsp-clients-classes/classes-Metals-eN7k4RRmRsu4FF3QzDM4HA==/RayTracing.class'
2020.09.04 08:05:43 INFO  skipping build import with status 'Installed'
2020.09.04 08:05:43 INFO  Deduplicating compilation of raytracing from bsp client 'Metals 0.9.3' (since 14h 13m 51.871s)
2020.09.04 08:05:43 ERROR Unexpected error when compiling raytracing: '/Users/noahr/Desktop/raytracing/.bloop/raytracing/bloop-bsp-clients-classes/classes-Metals-eN7k4RRmRsu4FF3QzDM4HA==/RayTracing.class'
2020.09.04 08:06:18 INFO  skipping build import with status 'Installed'
2020.09.04 08:06:18 ERROR Unexpected error when compiling raytracing: '/Users/noahr/Desktop/raytracing/.bloop/raytracing/bloop-bsp-clients-classes/classes-Metals-eN7k4RRmRsu4FF3QzDM4HA==/RayTracing.class'
2020.09.04 08:06:41 INFO  skipping build import with status 'Installed'
2020.09.04 08:06:41 ERROR Unexpected error when compiling raytracing: '/Users/noahr/Desktop/raytracing/.bloop/raytracing/bloop-bsp-clients-classes/classes-Metals-eN7k4RRmRsu4FF3QzDM4HA==/RayTracing.class'
2020.09.04 08:08:41 INFO  Deduplicating compilation of raytracing from bsp client 'Metals 0.9.3' (since 14h 16m 50.122s)
2020.09.04 08:08:41 ERROR Unexpected error when compiling raytracing: '/Users/noahr/Desktop/raytracing/.bloop/raytracing/bloop-bsp-clients-classes/classes-Metals-eN7k4RRmRsu4FF3QzDM4HA==/RayTracing.class'
2020.09.04 08:10:10 INFO  skipping build import with status 'Installed'
2020.09.04 08:10:10 ERROR Unexpected error when compiling raytracing: '/Users/noahr/Desktop/raytracing/.bloop/raytracing/bloop-bsp-clients-classes/classes-Metals-eN7k4RRmRsu4FF3QzDM4HA==/RayTracing.class'
2020.09.04 08:11:15 INFO  skipping build import with status 'Installed'
2020.09.04 08:11:15 ERROR Unexpected error when compiling raytracing: '/Users/noahr/Desktop/raytracing/.bloop/raytracing/bloop-bsp-clients-classes/classes-Metals-eN7k4RRmRsu4FF3QzDM4HA==/RayTracing.class'
2020.09.04 08:11:45 INFO  Deduplicating compilation of raytracing from bsp client 'Metals 0.9.3' (since 14h 19m 54.613s)
2020.09.04 08:11:45 ERROR Unexpected error when compiling raytracing: '/Users/noahr/Desktop/raytracing/.bloop/raytracing/bloop-bsp-clients-classes/classes-Metals-eN7k4RRmRsu4FF3QzDM4HA==/RayTracing.class'
Sep 04, 2020 8:16:40 AM scala.meta.internal.pc.CompilerAccess handleError
SEVERE: offset 1019, count -2, length 1748
java.lang.StringIndexOutOfBoundsException: offset 1019, count -2, length 1748
	at java.base/java.lang.String.checkBoundsOffCount(String.java:3304)
	at java.base/java.lang.String.rangeCheck(String.java:280)
	at java.base/java.lang.String.<init>(String.java:276)
	at scala.tools.nsc.interactive.Global.typeCompletions$1(Global.scala:1235)
	at scala.tools.nsc.interactive.Global.completionsAt(Global.scala:1258)
	at scala.meta.internal.pc.SignatureHelpProvider.$anonfun$treeSymbol$1(SignatureHelpProvider.scala:376)
	at scala.Option.map(Option.scala:242)
	at scala.meta.internal.pc.SignatureHelpProvider.treeSymbol(SignatureHelpProvider.scala:374)
	at scala.meta.internal.pc.SignatureHelpProvider$MethodCall$.unapply(SignatureHelpProvider.scala:199)
	at scala.meta.internal.pc.SignatureHelpProvider$MethodCallTraverser.visit(SignatureHelpProvider.scala:310)
	at scala.meta.internal.pc.SignatureHelpProvider$MethodCallTraverser.traverse(SignatureHelpProvider.scala:304)
	at scala.meta.internal.pc.SignatureHelpProvider$MethodCallTraverser.fromTree(SignatureHelpProvider.scala:273)
	at scala.meta.internal.pc.SignatureHelpProvider.signatureHelp(SignatureHelpProvider.scala:27)

Sep 04, 2020 8:16:42 AM scala.meta.internal.pc.CompilerAccess handleError
SEVERE: offset 1019, count -2, length 1751
java.lang.StringIndexOutOfBoundsException: offset 1019, count -2, length 1751
	at java.base/java.lang.String.checkBoundsOffCount(String.java:3304)
	at java.base/java.lang.String.rangeCheck(String.java:280)
	at java.base/java.lang.String.<init>(String.java:276)
	at scala.tools.nsc.interactive.Global.typeCompletions$1(Global.scala:1235)
	at scala.tools.nsc.interactive.Global.completionsAt(Global.scala:1258)
	at scala.meta.internal.pc.SignatureHelpProvider.$anonfun$treeSymbol$1(SignatureHelpProvider.scala:376)
	at scala.Option.map(Option.scala:242)
	at scala.meta.internal.pc.SignatureHelpProvider.treeSymbol(SignatureHelpProvider.scala:374)
	at scala.meta.internal.pc.SignatureHelpProvider$MethodCall$.unapply(SignatureHelpProvider.scala:199)
	at scala.meta.internal.pc.SignatureHelpProvider$MethodCallTraverser.visit(SignatureHelpProvider.scala:310)
	at scala.meta.internal.pc.SignatureHelpProvider$MethodCallTraverser.traverse(SignatureHelpProvider.scala:304)
	at scala.meta.internal.pc.SignatureHelpProvider$MethodCallTraverser.fromTree(SignatureHelpProvider.scala:273)
	at scala.meta.internal.pc.SignatureHelpProvider.signatureHelp(SignatureHelpProvider.scala:27)

2020.09.04 08:17:11 INFO  skipping build import with status 'Installed'
2020.09.04 08:17:11 ERROR Unexpected error when compiling raytracing: '/Users/noahr/Desktop/raytracing/.bloop/raytracing/bloop-bsp-clients-classes/classes-Metals-eN7k4RRmRsu4FF3QzDM4HA==/RayTracing.class'
2020.09.04 08:19:03 INFO  skipping build import with status 'Installed'
2020.09.04 08:19:03 ERROR Unexpected error when compiling raytracing: '/Users/noahr/Desktop/raytracing/.bloop/raytracing/bloop-bsp-clients-classes/classes-Metals-eN7k4RRmRsu4FF3QzDM4HA==/RayTracing.class'
2020.09.04 08:19:04 INFO  skipping build import with status 'Installed'
2020.09.04 08:19:04 ERROR Unexpected error when compiling raytracing: '/Users/noahr/Desktop/raytracing/.bloop/raytracing/bloop-bsp-clients-classes/classes-Metals-eN7k4RRmRsu4FF3QzDM4HA==/RayTracing.class'
2020.09.04 08:19:34 INFO  skipping build import with status 'Installed'
2020.09.04 08:19:34 ERROR Unexpected error when compiling raytracing: '/Users/noahr/Desktop/raytracing/.bloop/raytracing/bloop-bsp-clients-classes/classes-Metals-eN7k4RRmRsu4FF3QzDM4HA==/RayTracing.class'
2020.09.04 08:22:36 INFO  skipping build import with status 'Installed'
2020.09.04 08:22:36 ERROR Unexpected error when compiling raytracing: '/Users/noahr/Desktop/raytracing/.bloop/raytracing/bloop-bsp-clients-classes/classes-Metals-eN7k4RRmRsu4FF3QzDM4HA==/RayTracing.class'
Sep 04, 2020 8:25:45 AM scala.meta.internal.pc.completions.Completions completionPosition
SEVERE: null
java.lang.NullPointerException
	at scala.meta.internal.pc.completions.MatchCaseCompletions$Parents.<init>(MatchCaseCompletions.scala:409)
	at scala.meta.internal.pc.completions.MatchCaseCompletions$Parents.<init>(MatchCaseCompletions.scala:399)
	at scala.meta.internal.pc.completions.MatchCaseCompletions$CaseKeywordCompletion.<init>(MatchCaseCompletions.scala:66)
	at scala.meta.internal.pc.completions.Completions.completionPositionUnsafe(Completions.scala:481)
	at scala.meta.internal.pc.completions.Completions.completionPositionUnsafe$(Completions.scala:409)
	at scala.meta.internal.pc.MetalsGlobal.completionPositionUnsafe(MetalsGlobal.scala:29)
	at scala.meta.internal.pc.completions.Completions.completionPosition(Completions.scala:401)
	at scala.meta.internal.pc.completions.Completions.completionPosition$(Completions.scala:386)
	at scala.meta.internal.pc.MetalsGlobal.completionPosition(MetalsGlobal.scala:29)
	at scala.meta.internal.pc.CompletionProvider.safeCompletionsAt(CompletionProvider.scala:444)
	at scala.meta.internal.pc.CompletionProvider.completions(CompletionProvider.scala:57)
	at scala.meta.internal.pc.ScalaPresentationCompiler.$anonfun$complete$1(ScalaPresentationCompiler.scala:184)
	at scala.meta.internal.pc.CompilerAccess.withSharedCompiler(CompilerAccess.scala:137)
	at scala.meta.internal.pc.CompilerAccess.$anonfun$withInterruptableCompiler$1(CompilerAccess.scala:87)
	at scala.meta.internal.pc.CompilerAccess.$anonfun$onCompilerJobQueue$1(CompilerAccess.scala:197)
	at scala.meta.internal.pc.CompilerJobQueue$Job.run(CompilerJobQueue.scala:103)
	at java.base/java.util.concurrent.ThreadPoolExecutor.runWorker(ThreadPoolExecutor.java:1128)
	at java.base/java.util.concurrent.ThreadPoolExecutor$Worker.run(ThreadPoolExecutor.java:628)
	at java.base/java.lang.Thread.run(Thread.java:834)

Sep 04, 2020 8:25:46 AM scala.meta.internal.pc.completions.Completions completionPosition
SEVERE: null
java.lang.NullPointerException
	at scala.meta.internal.pc.completions.MatchCaseCompletions$Parents.<init>(MatchCaseCompletions.scala:409)
	at scala.meta.internal.pc.completions.MatchCaseCompletions$Parents.<init>(MatchCaseCompletions.scala:399)
	at scala.meta.internal.pc.completions.MatchCaseCompletions$CaseKeywordCompletion.<init>(MatchCaseCompletions.scala:66)
	at scala.meta.internal.pc.completions.Completions.completionPositionUnsafe(Completions.scala:481)
	at scala.meta.internal.pc.completions.Completions.completionPositionUnsafe$(Completions.scala:409)
	at scala.meta.internal.pc.MetalsGlobal.completionPositionUnsafe(MetalsGlobal.scala:29)
	at scala.meta.internal.pc.completions.Completions.completionPosition(Completions.scala:401)
	at scala.meta.internal.pc.completions.Completions.completionPosition$(Completions.scala:386)
	at scala.meta.internal.pc.MetalsGlobal.completionPosition(MetalsGlobal.scala:29)
	at scala.meta.internal.pc.CompletionProvider.safeCompletionsAt(CompletionProvider.scala:444)
	at scala.meta.internal.pc.CompletionProvider.completions(CompletionProvider.scala:57)
	at scala.meta.internal.pc.ScalaPresentationCompiler.$anonfun$complete$1(ScalaPresentationCompiler.scala:184)
	at scala.meta.internal.pc.CompilerAccess.withSharedCompiler(CompilerAccess.scala:137)
	at scala.meta.internal.pc.CompilerAccess.$anonfun$withInterruptableCompiler$1(CompilerAccess.scala:87)
	at scala.meta.internal.pc.CompilerAccess.$anonfun$onCompilerJobQueue$1(CompilerAccess.scala:197)
	at scala.meta.internal.pc.CompilerJobQueue$Job.run(CompilerJobQueue.scala:103)
	at java.base/java.util.concurrent.ThreadPoolExecutor.runWorker(ThreadPoolExecutor.java:1128)
	at java.base/java.util.concurrent.ThreadPoolExecutor$Worker.run(ThreadPoolExecutor.java:628)
	at java.base/java.lang.Thread.run(Thread.java:834)

2020.09.04 08:30:35 INFO  skipping build import with status 'Installed'
2020.09.04 08:30:35 ERROR Unexpected error when compiling raytracing: '/Users/noahr/Desktop/raytracing/.bloop/raytracing/bloop-bsp-clients-classes/classes-Metals-eN7k4RRmRsu4FF3QzDM4HA==/RayTracing.class'
2020.09.04 08:31:17 INFO  skipping build import with status 'Installed'
2020.09.04 08:31:17 ERROR Unexpected error when compiling raytracing: '/Users/noahr/Desktop/raytracing/.bloop/raytracing/bloop-bsp-clients-classes/classes-Metals-eN7k4RRmRsu4FF3QzDM4HA==/RayTracing.class'
2020.09.04 08:35:32 INFO  skipping build import with status 'Installed'
2020.09.04 08:35:32 ERROR Unexpected error when compiling raytracing: '/Users/noahr/Desktop/raytracing/.bloop/raytracing/bloop-bsp-clients-classes/classes-Metals-eN7k4RRmRsu4FF3QzDM4HA==/RayTracing.class'
2020.09.04 08:35:41 INFO  skipping build import with status 'Installed'
2020.09.04 08:35:41 ERROR Unexpected error when compiling raytracing: '/Users/noahr/Desktop/raytracing/.bloop/raytracing/bloop-bsp-clients-classes/classes-Metals-eN7k4RRmRsu4FF3QzDM4HA==/RayTracing.class'
2020.09.04 08:35:57 INFO  skipping build import with status 'Installed'
2020.09.04 08:35:57 ERROR Unexpected error when compiling raytracing: '/Users/noahr/Desktop/raytracing/.bloop/raytracing/bloop-bsp-clients-classes/classes-Metals-eN7k4RRmRsu4FF3QzDM4HA==/RayTracing.class'
2020.09.04 08:36:49 INFO  skipping build import with status 'Installed'
2020.09.04 08:36:49 ERROR Unexpected error when compiling raytracing: '/Users/noahr/Desktop/raytracing/.bloop/raytracing/bloop-bsp-clients-classes/classes-Metals-eN7k4RRmRsu4FF3QzDM4HA==/RayTracing.class'
2020.09.04 08:38:36 INFO  skipping build import with status 'Installed'
2020.09.04 08:38:36 ERROR Unexpected error when compiling raytracing: '/Users/noahr/Desktop/raytracing/.bloop/raytracing/bloop-bsp-clients-classes/classes-Metals-eN7k4RRmRsu4FF3QzDM4HA==/RayTracing.class'
2020.09.04 08:38:53 INFO  skipping build import with status 'Installed'
2020.09.04 08:38:53 ERROR Unexpected error when compiling raytracing: '/Users/noahr/Desktop/raytracing/.bloop/raytracing/bloop-bsp-clients-classes/classes-Metals-eN7k4RRmRsu4FF3QzDM4HA==/RayTracing.class'
2020.09.04 08:40:55 ERROR code navigation does not work for the file '/Users/noahr/Desktop/raytracing/RayTracing.scala' because the SemanticDB file '/Users/noahr/Desktop/raytracing/.bloop/raytracing/bloop-bsp-clients-classes/test-classes-Metals-Q2uFRcroRnGv44yUXJK4KQ==/META-INF/semanticdb/RayTracing.scala.semanticdb' doesn't exist. There can be many reasons for this error. 
2020.09.04 08:40:56 INFO  skipping build import with status 'Installed'
2020.09.04 08:40:56 ERROR Unexpected error when compiling raytracing: '/Users/noahr/Desktop/raytracing/.bloop/raytracing/bloop-bsp-clients-classes/classes-Metals-eN7k4RRmRsu4FF3QzDM4HA==/RayTracing.class'
2020.09.04 08:40:58 INFO  skipping build import with status 'Installed'
2020.09.04 08:40:58 INFO  Deduplicating compilation of raytracing from bsp client 'Metals 0.9.3' (since 14h 49m 7.522s)
2020.09.04 08:40:58 ERROR Unexpected error when compiling raytracing: '/Users/noahr/Desktop/raytracing/.bloop/raytracing/bloop-bsp-clients-classes/classes-Metals-eN7k4RRmRsu4FF3QzDM4HA==/RayTracing.class'
2020.09.04 08:41:44 INFO  skipping build import with status 'Installed'
2020.09.04 08:41:44 ERROR Unexpected error when compiling raytracing: '/Users/noahr/Desktop/raytracing/.bloop/raytracing/bloop-bsp-clients-classes/classes-Metals-eN7k4RRmRsu4FF3QzDM4HA==/RayTracing.class'
2020.09.04 08:42:07 INFO  skipping build import with status 'Installed'
2020.09.04 08:42:07 ERROR Unexpected error when compiling raytracing: '/Users/noahr/Desktop/raytracing/.bloop/raytracing/bloop-bsp-clients-classes/classes-Metals-eN7k4RRmRsu4FF3QzDM4HA==/RayTracing.class'
2020.09.04 08:42:12 INFO  skipping build import with status 'Installed'
2020.09.04 08:42:12 INFO  Deduplicating compilation of raytracing from bsp client 'Metals 0.9.3' (since 14h 50m 21.44s)
2020.09.04 08:42:12 ERROR Unexpected error when compiling raytracing: '/Users/noahr/Desktop/raytracing/.bloop/raytracing/bloop-bsp-clients-classes/classes-Metals-eN7k4RRmRsu4FF3QzDM4HA==/RayTracing.class'
2020.09.04 08:43:19 INFO  skipping build import with status 'Installed'
2020.09.04 08:43:19 ERROR Unexpected error when compiling raytracing: '/Users/noahr/Desktop/raytracing/.bloop/raytracing/bloop-bsp-clients-classes/classes-Metals-eN7k4RRmRsu4FF3QzDM4HA==/RayTracing.class'
2020.09.04 08:43:39 INFO  skipping build import with status 'Installed'
2020.09.04 08:43:39 ERROR Unexpected error when compiling raytracing: '/Users/noahr/Desktop/raytracing/.bloop/raytracing/bloop-bsp-clients-classes/classes-Metals-eN7k4RRmRsu4FF3QzDM4HA==/RayTracing.class'
2020.09.04 08:44:36 INFO  skipping build import with status 'Installed'
2020.09.04 08:44:36 ERROR Unexpected error when compiling raytracing: '/Users/noahr/Desktop/raytracing/.bloop/raytracing/bloop-bsp-clients-classes/classes-Metals-eN7k4RRmRsu4FF3QzDM4HA==/RayTracing.class'
2020.09.04 08:44:51 INFO  skipping build import with status 'Installed'
2020.09.04 08:44:51 INFO  Deduplicating compilation of raytracing from bsp client 'Metals 0.9.3' (since 14h 53m 0.116s)
2020.09.04 08:44:51 ERROR Unexpected error when compiling raytracing: '/Users/noahr/Desktop/raytracing/.bloop/raytracing/bloop-bsp-clients-classes/classes-Metals-eN7k4RRmRsu4FF3QzDM4HA==/RayTracing.class'
2020.09.04 08:45:31 INFO  skipping build import with status 'Installed'
2020.09.04 08:45:31 ERROR Unexpected error when compiling raytracing: '/Users/noahr/Desktop/raytracing/.bloop/raytracing/bloop-bsp-clients-classes/classes-Metals-eN7k4RRmRsu4FF3QzDM4HA==/RayTracing.class'
2020.09.04 08:45:43 INFO  skipping build import with status 'Installed'
2020.09.04 08:45:43 ERROR Unexpected error when compiling raytracing: '/Users/noahr/Desktop/raytracing/.bloop/raytracing/bloop-bsp-clients-classes/classes-Metals-eN7k4RRmRsu4FF3QzDM4HA==/RayTracing.class'
2020.09.04 08:46:03 INFO  skipping build import with status 'Installed'
2020.09.04 08:46:03 ERROR Unexpected error when compiling raytracing: '/Users/noahr/Desktop/raytracing/.bloop/raytracing/bloop-bsp-clients-classes/classes-Metals-eN7k4RRmRsu4FF3QzDM4HA==/RayTracing.class'
2020.09.04 08:47:23 INFO  skipping build import with status 'Installed'
2020.09.04 08:47:23 ERROR Unexpected error when compiling raytracing: '/Users/noahr/Desktop/raytracing/.bloop/raytracing/bloop-bsp-clients-classes/classes-Metals-eN7k4RRmRsu4FF3QzDM4HA==/RayTracing.class'
2020.09.04 08:47:52 INFO  skipping build import with status 'Installed'
2020.09.04 08:47:52 ERROR Unexpected error when compiling raytracing: '/Users/noahr/Desktop/raytracing/.bloop/raytracing/bloop-bsp-clients-classes/classes-Metals-eN7k4RRmRsu4FF3QzDM4HA==/RayTracing.class'
2020.09.04 08:48:28 INFO  skipping build import with status 'Installed'
2020.09.04 08:48:28 ERROR Unexpected error when compiling raytracing: '/Users/noahr/Desktop/raytracing/.bloop/raytracing/bloop-bsp-clients-classes/classes-Metals-eN7k4RRmRsu4FF3QzDM4HA==/RayTracing.class'
2020.09.04 08:48:51 INFO  skipping build import with status 'Installed'
2020.09.04 08:48:51 ERROR Unexpected error when compiling raytracing: '/Users/noahr/Desktop/raytracing/.bloop/raytracing/bloop-bsp-clients-classes/classes-Metals-eN7k4RRmRsu4FF3QzDM4HA==/RayTracing.class'
2020.09.04 08:49:17 INFO  skipping build import with status 'Installed'
2020.09.04 08:49:17 ERROR Unexpected error when compiling raytracing: '/Users/noahr/Desktop/raytracing/.bloop/raytracing/bloop-bsp-clients-classes/classes-Metals-eN7k4RRmRsu4FF3QzDM4HA==/RayTracing.class'
2020.09.04 08:49:54 INFO  skipping build import with status 'Installed'
2020.09.04 08:49:54 ERROR Unexpected error when compiling raytracing: '/Users/noahr/Desktop/raytracing/.bloop/raytracing/bloop-bsp-clients-classes/classes-Metals-eN7k4RRmRsu4FF3QzDM4HA==/RayTracing.class'
2020.09.04 08:56:10 INFO  Deduplicating compilation of raytracing from bsp client 'Metals 0.9.3' (since 15h 4m 18.835s)
2020.09.04 08:56:10 ERROR Unexpected error when compiling raytracing: '/Users/noahr/Desktop/raytracing/.bloop/raytracing/bloop-bsp-clients-classes/classes-Metals-eN7k4RRmRsu4FF3QzDM4HA==/RayTracing.class'
2020.09.04 08:56:12 INFO  Deduplicating compilation of raytracing from bsp client 'Metals 0.9.3' (since 15h 4m 21.315s)
2020.09.04 08:56:12 ERROR Unexpected error when compiling raytracing: '/Users/noahr/Desktop/raytracing/.bloop/raytracing/bloop-bsp-clients-classes/classes-Metals-eN7k4RRmRsu4FF3QzDM4HA==/RayTracing.class'
2020.09.04 08:56:14 INFO  Deduplicating compilation of raytracing from bsp client 'Metals 0.9.3' (since 15h 4m 23.142s)
2020.09.04 08:56:14 ERROR Unexpected error when compiling raytracing: '/Users/noahr/Desktop/raytracing/.bloop/raytracing/bloop-bsp-clients-classes/classes-Metals-eN7k4RRmRsu4FF3QzDM4HA==/RayTracing.class'
2020.09.04 08:59:36 INFO  skipping build import with status 'Installed'
2020.09.04 08:59:36 ERROR Unexpected error when compiling raytracing: '/Users/noahr/Desktop/raytracing/.bloop/raytracing/bloop-bsp-clients-classes/classes-Metals-eN7k4RRmRsu4FF3QzDM4HA==/RayTracing.class'
2020.09.04 09:02:57 INFO  skipping build import with status 'Installed'
2020.09.04 09:02:57 ERROR Unexpected error when compiling raytracing: '/Users/noahr/Desktop/raytracing/.bloop/raytracing/bloop-bsp-clients-classes/classes-Metals-eN7k4RRmRsu4FF3QzDM4HA==/RayTracing.class'
2020.09.04 09:03:09 INFO  skipping build import with status 'Installed'
2020.09.04 09:03:09 ERROR Unexpected error when compiling raytracing: '/Users/noahr/Desktop/raytracing/.bloop/raytracing/bloop-bsp-clients-classes/classes-Metals-eN7k4RRmRsu4FF3QzDM4HA==/RayTracing.class'
2020.09.04 09:04:30 INFO  skipping build import with status 'Installed'
2020.09.04 09:04:30 ERROR Unexpected error when compiling raytracing: '/Users/noahr/Desktop/raytracing/.bloop/raytracing/bloop-bsp-clients-classes/classes-Metals-eN7k4RRmRsu4FF3QzDM4HA==/RayTracing.class'
2020.09.04 09:20:35 INFO  skipping build import with status 'Installed'
2020.09.04 09:20:35 ERROR Unexpected error when compiling raytracing: '/Users/noahr/Desktop/raytracing/.bloop/raytracing/bloop-bsp-clients-classes/classes-Metals-eN7k4RRmRsu4FF3QzDM4HA==/RayTracing.class'
2020.09.04 09:21:44 INFO  skipping build import with status 'Installed'
2020.09.04 09:21:44 ERROR Unexpected error when compiling raytracing: '/Users/noahr/Desktop/raytracing/.bloop/raytracing/bloop-bsp-clients-classes/classes-Metals-eN7k4RRmRsu4FF3QzDM4HA==/RayTracing.class'
2020.09.04 09:22:11 INFO  skipping build import with status 'Installed'
2020.09.04 09:22:11 ERROR Unexpected error when compiling raytracing: '/Users/noahr/Desktop/raytracing/.bloop/raytracing/bloop-bsp-clients-classes/classes-Metals-eN7k4RRmRsu4FF3QzDM4HA==/RayTracing.class'
2020.09.04 09:22:16 INFO  skipping build import with status 'Installed'
2020.09.04 09:22:16 ERROR Unexpected error when compiling raytracing: '/Users/noahr/Desktop/raytracing/.bloop/raytracing/bloop-bsp-clients-classes/classes-Metals-eN7k4RRmRsu4FF3QzDM4HA==/RayTracing.class'
2020.09.04 09:22:28 INFO  skipping build import with status 'Installed'
2020.09.04 09:22:28 ERROR Unexpected error when compiling raytracing: '/Users/noahr/Desktop/raytracing/.bloop/raytracing/bloop-bsp-clients-classes/classes-Metals-eN7k4RRmRsu4FF3QzDM4HA==/RayTracing.class'
2020.09.04 09:23:07 INFO  skipping build import with status 'Installed'
2020.09.04 09:23:07 ERROR Unexpected error when compiling raytracing: '/Users/noahr/Desktop/raytracing/.bloop/raytracing/bloop-bsp-clients-classes/classes-Metals-eN7k4RRmRsu4FF3QzDM4HA==/RayTracing.class'
2020.09.04 09:23:45 ERROR code navigation does not work for the file '/Users/noahr/Desktop/raytracing/RayTracing.scala' because the SemanticDB file '/Users/noahr/Desktop/raytracing/.bloop/raytracing/bloop-bsp-clients-classes/test-classes-Metals-Q2uFRcroRnGv44yUXJK4KQ==/META-INF/semanticdb/RayTracing.scala.semanticdb' doesn't exist. There can be many reasons for this error. 
2020.09.04 09:23:45 ERROR code navigation does not work for the file '/Users/noahr/Desktop/raytracing/RayTracing.scala' because the SemanticDB file '/Users/noahr/Desktop/raytracing/.bloop/raytracing/bloop-bsp-clients-classes/test-classes-Metals-Q2uFRcroRnGv44yUXJK4KQ==/META-INF/semanticdb/RayTracing.scala.semanticdb' doesn't exist. There can be many reasons for this error. 
2020.09.04 09:28:02 INFO  skipping build import with status 'Installed'
2020.09.04 09:28:02 ERROR Unexpected error when compiling raytracing: '/Users/noahr/Desktop/raytracing/.bloop/raytracing/bloop-bsp-clients-classes/classes-Metals-eN7k4RRmRsu4FF3QzDM4HA==/RayTracing.class'
2020.09.04 09:28:14 INFO  skipping build import with status 'Installed'
2020.09.04 09:28:14 ERROR Unexpected error when compiling raytracing: '/Users/noahr/Desktop/raytracing/.bloop/raytracing/bloop-bsp-clients-classes/classes-Metals-eN7k4RRmRsu4FF3QzDM4HA==/RayTracing.class'
2020.09.04 09:28:31 INFO  skipping build import with status 'Installed'
2020.09.04 09:28:31 ERROR Unexpected error when compiling raytracing: '/Users/noahr/Desktop/raytracing/.bloop/raytracing/bloop-bsp-clients-classes/classes-Metals-eN7k4RRmRsu4FF3QzDM4HA==/RayTracing.class'
2020.09.04 09:28:42 INFO  skipping build import with status 'Installed'
2020.09.04 09:28:42 ERROR Unexpected error when compiling raytracing: '/Users/noahr/Desktop/raytracing/.bloop/raytracing/bloop-bsp-clients-classes/classes-Metals-eN7k4RRmRsu4FF3QzDM4HA==/RayTracing.class'
2020.09.04 09:30:59 ERROR code navigation does not work for the file '/Users/noahr/Desktop/raytracing/RayTracing.scala' because the SemanticDB file '/Users/noahr/Desktop/raytracing/.bloop/raytracing/bloop-bsp-clients-classes/test-classes-Metals-Q2uFRcroRnGv44yUXJK4KQ==/META-INF/semanticdb/RayTracing.scala.semanticdb' doesn't exist. There can be many reasons for this error. 
2020.09.04 09:30:59 INFO  skipping build import with status 'Installed'
2020.09.04 09:30:59 ERROR Unexpected error when compiling raytracing: '/Users/noahr/Desktop/raytracing/.bloop/raytracing/bloop-bsp-clients-classes/classes-Metals-eN7k4RRmRsu4FF3QzDM4HA==/RayTracing.class'
2020.09.04 09:32:53 INFO  skipping build import with status 'Installed'
2020.09.04 09:32:53 ERROR Unexpected error when compiling raytracing: '/Users/noahr/Desktop/raytracing/.bloop/raytracing/bloop-bsp-clients-classes/classes-Metals-eN7k4RRmRsu4FF3QzDM4HA==/RayTracing.class'
2020.09.04 09:33:00 ERROR code navigation does not work for the file '/Users/noahr/Desktop/raytracing/RayTracing.scala' because the SemanticDB file '/Users/noahr/Desktop/raytracing/.bloop/raytracing/bloop-bsp-clients-classes/test-classes-Metals-Q2uFRcroRnGv44yUXJK4KQ==/META-INF/semanticdb/RayTracing.scala.semanticdb' doesn't exist. There can be many reasons for this error. 
2020.09.04 09:33:01 INFO  skipping build import with status 'Installed'
2020.09.04 09:33:01 INFO  Deduplicating compilation of raytracing from bsp client 'Metals 0.9.3' (since 15h 41m 10.106s)
2020.09.04 09:33:01 ERROR Unexpected error when compiling raytracing: '/Users/noahr/Desktop/raytracing/.bloop/raytracing/bloop-bsp-clients-classes/classes-Metals-eN7k4RRmRsu4FF3QzDM4HA==/RayTracing.class'
2020.09.04 09:33:49 INFO  skipping build import with status 'Installed'
2020.09.04 09:33:49 INFO  Deduplicating compilation of raytracing from bsp client 'Metals 0.9.3' (since 15h 41m 58.177s)
2020.09.04 09:33:49 ERROR Unexpected error when compiling raytracing: '/Users/noahr/Desktop/raytracing/.bloop/raytracing/bloop-bsp-clients-classes/classes-Metals-eN7k4RRmRsu4FF3QzDM4HA==/RayTracing.class'
2020.09.04 09:45:00 INFO  skipping build import with status 'Installed'
2020.09.04 09:45:00 ERROR Unexpected error when compiling raytracing: '/Users/noahr/Desktop/raytracing/.bloop/raytracing/bloop-bsp-clients-classes/classes-Metals-eN7k4RRmRsu4FF3QzDM4HA==/RayTracing.class'
2020.09.04 09:45:20 INFO  skipping build import with status 'Installed'
2020.09.04 09:45:20 ERROR Unexpected error when compiling raytracing: '/Users/noahr/Desktop/raytracing/.bloop/raytracing/bloop-bsp-clients-classes/classes-Metals-eN7k4RRmRsu4FF3QzDM4HA==/RayTracing.class'
2020.09.04 09:45:29 INFO  skipping build import with status 'Installed'
2020.09.04 09:45:29 ERROR Unexpected error when compiling raytracing: '/Users/noahr/Desktop/raytracing/.bloop/raytracing/bloop-bsp-clients-classes/classes-Metals-eN7k4RRmRsu4FF3QzDM4HA==/RayTracing.class'
2020.09.04 09:45:49 INFO  skipping build import with status 'Installed'
2020.09.04 09:45:49 ERROR Unexpected error when compiling raytracing: '/Users/noahr/Desktop/raytracing/.bloop/raytracing/bloop-bsp-clients-classes/classes-Metals-eN7k4RRmRsu4FF3QzDM4HA==/RayTracing.class'
2020.09.04 09:53:35 INFO  skipping build import with status 'Installed'
2020.09.04 09:53:35 ERROR Unexpected error when compiling raytracing: '/Users/noahr/Desktop/raytracing/.bloop/raytracing/bloop-bsp-clients-classes/classes-Metals-eN7k4RRmRsu4FF3QzDM4HA==/RayTracing.class'
2020.09.04 09:55:34 INFO  skipping build import with status 'Installed'
2020.09.04 09:55:34 ERROR Unexpected error when compiling raytracing: '/Users/noahr/Desktop/raytracing/.bloop/raytracing/bloop-bsp-clients-classes/classes-Metals-eN7k4RRmRsu4FF3QzDM4HA==/RayTracing.class'
2020.09.04 09:55:37 INFO  skipping build import with status 'Installed'
2020.09.04 09:55:37 ERROR Unexpected error when compiling raytracing: '/Users/noahr/Desktop/raytracing/.bloop/raytracing/bloop-bsp-clients-classes/classes-Metals-eN7k4RRmRsu4FF3QzDM4HA==/RayTracing.class'
2020.09.04 09:55:42 INFO  skipping build import with status 'Installed'
2020.09.04 09:55:42 ERROR Unexpected error when compiling raytracing: '/Users/noahr/Desktop/raytracing/.bloop/raytracing/bloop-bsp-clients-classes/classes-Metals-eN7k4RRmRsu4FF3QzDM4HA==/RayTracing.class'
2020.09.04 09:58:12 INFO  skipping build import with status 'Installed'
2020.09.04 09:58:12 ERROR Unexpected error when compiling raytracing: '/Users/noahr/Desktop/raytracing/.bloop/raytracing/bloop-bsp-clients-classes/classes-Metals-eN7k4RRmRsu4FF3QzDM4HA==/RayTracing.class'
2020.09.04 09:58:59 INFO  skipping build import with status 'Installed'
2020.09.04 09:58:59 ERROR Unexpected error when compiling raytracing: '/Users/noahr/Desktop/raytracing/.bloop/raytracing/bloop-bsp-clients-classes/classes-Metals-eN7k4RRmRsu4FF3QzDM4HA==/RayTracing.class'
2020.09.04 09:59:07 INFO  skipping build import with status 'Installed'
2020.09.04 09:59:07 ERROR Unexpected error when compiling raytracing: '/Users/noahr/Desktop/raytracing/.bloop/raytracing/bloop-bsp-clients-classes/classes-Metals-eN7k4RRmRsu4FF3QzDM4HA==/RayTracing.class'
2020.09.04 09:59:15 INFO  skipping build import with status 'Installed'
2020.09.04 09:59:15 INFO  Deduplicating compilation of raytracing from bsp client 'Metals 0.9.3' (since 16h 7m 24.245s)
2020.09.04 09:59:15 ERROR Unexpected error when compiling raytracing: '/Users/noahr/Desktop/raytracing/.bloop/raytracing/bloop-bsp-clients-classes/classes-Metals-eN7k4RRmRsu4FF3QzDM4HA==/RayTracing.class'
2020.09.04 10:01:56 ERROR code navigation does not work for the file '/Users/noahr/Desktop/raytracing/RayTracing.scala' because the SemanticDB file '/Users/noahr/Desktop/raytracing/.bloop/raytracing/bloop-bsp-clients-classes/test-classes-Metals-Q2uFRcroRnGv44yUXJK4KQ==/META-INF/semanticdb/RayTracing.scala.semanticdb' doesn't exist. There can be many reasons for this error. 
2020.09.04 10:01:56 INFO  skipping build import with status 'Installed'
2020.09.04 10:01:56 ERROR Unexpected error when compiling raytracing: '/Users/noahr/Desktop/raytracing/.bloop/raytracing/bloop-bsp-clients-classes/classes-Metals-eN7k4RRmRsu4FF3QzDM4HA==/RayTracing.class'
2020.09.04 10:02:10 ERROR code navigation does not work for the file '/Users/noahr/Desktop/raytracing/RayTracing.scala' because the SemanticDB file '/Users/noahr/Desktop/raytracing/.bloop/raytracing/bloop-bsp-clients-classes/test-classes-Metals-Q2uFRcroRnGv44yUXJK4KQ==/META-INF/semanticdb/RayTracing.scala.semanticdb' doesn't exist. There can be many reasons for this error. 
2020.09.04 10:02:10 INFO  skipping build import with status 'Installed'
2020.09.04 10:02:10 ERROR Unexpected error when compiling raytracing: '/Users/noahr/Desktop/raytracing/.bloop/raytracing/bloop-bsp-clients-classes/classes-Metals-eN7k4RRmRsu4FF3QzDM4HA==/RayTracing.class'
2020.09.04 10:04:05 INFO  skipping build import with status 'Installed'
2020.09.04 10:04:05 ERROR Unexpected error when compiling raytracing: '/Users/noahr/Desktop/raytracing/.bloop/raytracing/bloop-bsp-clients-classes/classes-Metals-eN7k4RRmRsu4FF3QzDM4HA==/RayTracing.class'
2020.09.04 10:04:06 INFO  skipping build import with status 'Installed'
2020.09.04 10:04:05 ERROR Unexpected error when compiling raytracing: '/Users/noahr/Desktop/raytracing/.bloop/raytracing/bloop-bsp-clients-classes/classes-Metals-eN7k4RRmRsu4FF3QzDM4HA==/RayTracing.class'
2020.09.04 10:04:12 INFO  skipping build import with status 'Installed'
2020.09.04 10:04:12 ERROR Unexpected error when compiling raytracing: '/Users/noahr/Desktop/raytracing/.bloop/raytracing/bloop-bsp-clients-classes/classes-Metals-eN7k4RRmRsu4FF3QzDM4HA==/RayTracing.class'
2020.09.04 10:04:24 INFO  skipping build import with status 'Installed'
2020.09.04 10:04:24 ERROR Unexpected error when compiling raytracing: '/Users/noahr/Desktop/raytracing/.bloop/raytracing/bloop-bsp-clients-classes/classes-Metals-eN7k4RRmRsu4FF3QzDM4HA==/RayTracing.class'
2020.09.04 10:04:54 INFO  skipping build import with status 'Installed'
2020.09.04 10:04:54 ERROR Unexpected error when compiling raytracing: '/Users/noahr/Desktop/raytracing/.bloop/raytracing/bloop-bsp-clients-classes/classes-Metals-eN7k4RRmRsu4FF3QzDM4HA==/RayTracing.class'
2020.09.04 10:05:10 ERROR code navigation does not work for the file '/Users/noahr/Desktop/raytracing/RayTracing.scala' because the SemanticDB file '/Users/noahr/Desktop/raytracing/.bloop/raytracing/bloop-bsp-clients-classes/test-classes-Metals-Q2uFRcroRnGv44yUXJK4KQ==/META-INF/semanticdb/RayTracing.scala.semanticdb' doesn't exist. There can be many reasons for this error. 
2020.09.04 10:05:23 INFO  skipping build import with status 'Installed'
2020.09.04 10:05:23 ERROR Unexpected error when compiling raytracing: '/Users/noahr/Desktop/raytracing/.bloop/raytracing/bloop-bsp-clients-classes/classes-Metals-eN7k4RRmRsu4FF3QzDM4HA==/RayTracing.class'
2020.09.04 10:07:42 ERROR code navigation does not work for the file '/Users/noahr/Desktop/raytracing/RayTracing.scala' because the SemanticDB file '/Users/noahr/Desktop/raytracing/.bloop/raytracing/bloop-bsp-clients-classes/test-classes-Metals-Q2uFRcroRnGv44yUXJK4KQ==/META-INF/semanticdb/RayTracing.scala.semanticdb' doesn't exist. There can be many reasons for this error. 
2020.09.04 10:07:49 INFO  skipping build import with status 'Installed'
2020.09.04 10:07:49 ERROR Unexpected error when compiling raytracing: '/Users/noahr/Desktop/raytracing/.bloop/raytracing/bloop-bsp-clients-classes/classes-Metals-eN7k4RRmRsu4FF3QzDM4HA==/RayTracing.class'
2020.09.04 10:07:58 INFO  skipping build import with status 'Installed'
2020.09.04 10:07:58 ERROR Unexpected error when compiling raytracing: '/Users/noahr/Desktop/raytracing/.bloop/raytracing/bloop-bsp-clients-classes/classes-Metals-eN7k4RRmRsu4FF3QzDM4HA==/RayTracing.class'
2020.09.04 10:08:10 INFO  skipping build import with status 'Installed'
2020.09.04 10:08:10 ERROR Unexpected error when compiling raytracing: '/Users/noahr/Desktop/raytracing/.bloop/raytracing/bloop-bsp-clients-classes/classes-Metals-eN7k4RRmRsu4FF3QzDM4HA==/RayTracing.class'
2020.09.04 10:09:46 INFO  skipping build import with status 'Installed'
2020.09.04 10:09:46 ERROR Unexpected error when compiling raytracing: '/Users/noahr/Desktop/raytracing/.bloop/raytracing/bloop-bsp-clients-classes/classes-Metals-eN7k4RRmRsu4FF3QzDM4HA==/RayTracing.class'
2020.09.04 10:12:14 INFO  skipping build import with status 'Installed'
2020.09.04 10:12:14 ERROR Unexpected error when compiling raytracing: '/Users/noahr/Desktop/raytracing/.bloop/raytracing/bloop-bsp-clients-classes/classes-Metals-eN7k4RRmRsu4FF3QzDM4HA==/RayTracing.class'
2020.09.04 10:17:11 INFO  skipping build import with status 'Installed'
2020.09.04 10:17:11 ERROR Unexpected error when compiling raytracing: '/Users/noahr/Desktop/raytracing/.bloop/raytracing/bloop-bsp-clients-classes/classes-Metals-eN7k4RRmRsu4FF3QzDM4HA==/RayTracing.class'
2020.09.04 10:24:23 ERROR code navigation does not work for the file '/Users/noahr/Desktop/raytracing/RayTracing.scala' because the SemanticDB file '/Users/noahr/Desktop/raytracing/.bloop/raytracing/bloop-bsp-clients-classes/test-classes-Metals-Q2uFRcroRnGv44yUXJK4KQ==/META-INF/semanticdb/RayTracing.scala.semanticdb' doesn't exist. There can be many reasons for this error. 
2020.09.04 10:25:00 INFO  skipping build import with status 'Installed'
2020.09.04 10:25:00 ERROR Unexpected error when compiling raytracing: '/Users/noahr/Desktop/raytracing/.bloop/raytracing/bloop-bsp-clients-classes/classes-Metals-eN7k4RRmRsu4FF3QzDM4HA==/RayTracing.class'
2020.09.04 10:25:08 INFO  skipping build import with status 'Installed'
2020.09.04 10:25:08 ERROR Unexpected error when compiling raytracing: '/Users/noahr/Desktop/raytracing/.bloop/raytracing/bloop-bsp-clients-classes/classes-Metals-eN7k4RRmRsu4FF3QzDM4HA==/RayTracing.class'
2020.09.04 10:26:21 INFO  skipping build import with status 'Installed'
2020.09.04 10:26:21 ERROR Unexpected error when compiling raytracing: '/Users/noahr/Desktop/raytracing/.bloop/raytracing/bloop-bsp-clients-classes/classes-Metals-eN7k4RRmRsu4FF3QzDM4HA==/RayTracing.class'
2020.09.04 10:27:28 INFO  skipping build import with status 'Installed'
2020.09.04 10:27:28 INFO  Deduplicating compilation of raytracing from bsp client 'Metals 0.9.3' (since 16h 35m 37.631s)
2020.09.04 10:27:28 ERROR Unexpected error when compiling raytracing: '/Users/noahr/Desktop/raytracing/.bloop/raytracing/bloop-bsp-clients-classes/classes-Metals-eN7k4RRmRsu4FF3QzDM4HA==/RayTracing.class'
2020.09.04 10:28:49 INFO  running '/Users/noahr/.jabba/jdk/adopt@1.11.0-7/Contents/Home/bin/java -Djline.terminal=jline.UnsupportedTerminal -Dsbt.log.noformat=true -Dfile.encoding=UTF-8 -jar /var/folders/0j/w5rgn65j37d8mnfz6z8w2jnr0000gn/T/metals16213172705794248882/sbt-launch.jar -Dbloop.export-jar-classifiers=sources bloopInstall'
2020.09.04 10:28:56 INFO  [info] welcome to sbt 1.3.13 (AdoptOpenJDK Java 11.0.7)
2020.09.04 10:28:59 INFO  [info] loading settings for project raytracing-build-build from metals.sbt ...
2020.09.04 10:29:02 INFO  [info] loading project definition from /Users/noahr/Desktop/raytracing/project/project
2020.09.04 10:29:03 INFO  skipping build import with status 'Started'
2020.09.04 10:29:03 ERROR Unexpected error when compiling raytracing: '/Users/noahr/Desktop/raytracing/.bloop/raytracing/bloop-bsp-clients-classes/classes-Metals-eN7k4RRmRsu4FF3QzDM4HA==/RayTracing.class'
2020.09.04 10:29:04 INFO  [info] loading settings for project raytracing-build from metals.sbt ...
2020.09.04 10:29:04 INFO  [info] loading project definition from /Users/noahr/Desktop/raytracing/project
2020.09.04 10:29:10 INFO  [success] Generated .bloop/raytracing-build.json
2020.09.04 10:29:10 INFO  [success] Total time: 5 s, completed Sep 4, 2020, 10:29:10 AM
2020.09.04 10:29:15 INFO  [info] loading settings for project raytracing from raytracing.sbt ...
2020.09.04 10:29:15 INFO  [info] set current project to raytracing (in build file:/Users/noahr/Desktop/raytracing/)
2020.09.04 10:29:19 INFO  [success] Generated .bloop/raytracing.json
2020.09.04 10:29:19 INFO  [success] Generated .bloop/raytracing-test.json
2020.09.04 10:29:19 INFO  [success] Total time: 2 s, completed Sep 4, 2020, 10:29:19 AM
2020.09.04 10:29:19 INFO  build tool exit: 0
2020.09.04 10:29:20 INFO  time: ran 'sbt bloopInstall' in 31s
2020.09.04 10:29:20 INFO  disconnected: build server
No more data in the client stdin, exiting...
No more data in the client stdin, exiting...
No more data in the server stdin, exiting...
No more data in the server stdin, exiting...
No more data in the server stdin, exiting...
No more data in the server stdin, exiting...
Starting the bsp launcher for bloop...
Opening a bsp server connection with 'bsp --protocol local --socket /var/folders/0j/w5rgn65j37d8mnfz6z8w2jnr0000gn/T/bsp-launcher6415315848047156720/bsp.socket'...
Waiting for the bsp connection to come up...
[0m[32m[D][0m Loading workspace settings from bloop.settings.json
[0m[32m[D][0m Loading 2 projects from '/Users/noahr/Desktop/raytracing/.bloop'...
[0m[32m[D][0m Loading project from '/Users/noahr/Desktop/raytracing/.bloop/raytracing.json'
[0m[32m[D][0m Loading project from '/Users/noahr/Desktop/raytracing/.bloop/raytracing-test.json'
[0m[32m[D][0m Configured SemanticDB in projects 'raytracing-test', 'raytracing'
[0m[32m[D][0m Waiting for a connection at local:///var/folders/0j/w5rgn65j37d8mnfz6z8w2jnr0000gn/T/bsp-launcher6415315848047156720/bsp.socket...
The server is listening for incoming connections at local:///var/folders/0j/w5rgn65j37d8mnfz6z8w2jnr0000gn/T/bsp-launcher6415315848047156720/bsp.socket...
Starting thread that pumps stdin and redirects it to the bsp server...
Starting thread that pumps server stdout and redirects it to the client stdout...
2020.09.04 10:29:20 INFO  tracing is disabled for protocol BSP, to enable tracing of incoming and outgoing JSON messages create an empty file at /Users/noahr/Library/Caches/org.scalameta.metals/bsp.trace.json
Starting the bsp launcher for bloop...
Opening a bsp server connection with 'bsp --protocol local --socket /var/folders/0j/w5rgn65j37d8mnfz6z8w2jnr0000gn/T/bsp-launcher14467601078638595830/bsp.socket'...
Waiting for the bsp connection to come up...
[0m[32m[D][0m Loading workspace settings from bloop.settings.json
[0m[32m[D][0m Waiting for a connection at local:///var/folders/0j/w5rgn65j37d8mnfz6z8w2jnr0000gn/T/bsp-launcher14467601078638595830/bsp.socket...
The server is listening for incoming connections at local:///var/folders/0j/w5rgn65j37d8mnfz6z8w2jnr0000gn/T/bsp-launcher14467601078638595830/bsp.socket...
Starting thread that pumps stdin and redirects it to the bsp server...
Starting thread that pumps server stdout and redirects it to the client stdout...
2020.09.04 10:29:20 INFO  tracing is disabled for protocol BSP, to enable tracing of incoming and outgoing JSON messages create an empty file at /Users/noahr/Library/Caches/org.scalameta.metals/bsp.trace.json
2020.09.04 10:29:20 INFO  time: connected to build server in 0.1s
2020.09.04 10:29:20 INFO  Connected to Build server v1.4.3-23-550c6c0a
2020.09.04 10:29:27 INFO  time: indexed workspace in 6.85s
2020.09.04 10:29:27 ERROR Unexpected error when compiling raytracing: '/Users/noahr/Desktop/raytracing/.bloop/raytracing/bloop-bsp-clients-classes/classes-Metals-eN7k4RRmRsu4FF3QzDM4HA==/RayTracing.class'
2020.09.04 10:29:44 INFO  skipping build import with status 'Installed'
2020.09.04 10:29:44 ERROR Unexpected error when compiling raytracing: '/Users/noahr/Desktop/raytracing/.bloop/raytracing/bloop-bsp-clients-classes/classes-Metals-eN7k4RRmRsu4FF3QzDM4HA==/RayTracing.class'
2020.09.04 10:31:18 INFO  skipping build import with status 'Installed'
2020.09.04 10:31:18 INFO  Deduplicating compilation of raytracing from bsp client 'Metals 0.9.3' (since 1m 58.774s)
2020.09.04 10:31:18 ERROR Unexpected error when compiling raytracing: '/Users/noahr/Desktop/raytracing/.bloop/raytracing/bloop-bsp-clients-classes/classes-Metals-eN7k4RRmRsu4FF3QzDM4HA==/RayTracing.class'
2020.09.04 10:42:45 ERROR code navigation does not work for the file '/Users/noahr/Desktop/raytracing/RayTracing.scala' because the SemanticDB file '/Users/noahr/Desktop/raytracing/.bloop/raytracing/bloop-bsp-clients-classes/classes-Metals-T4Kk6vRIQAOVAGnZ2MgGrQ==/META-INF/semanticdb/RayTracing.scala.semanticdb' doesn't exist. There can be many reasons for this error. 
2020.09.04 10:42:47 ERROR code navigation does not work for the file '/Users/noahr/Desktop/raytracing/RayTracing.scala' because the SemanticDB file '/Users/noahr/Desktop/raytracing/.bloop/raytracing/bloop-bsp-clients-classes/classes-Metals-T4Kk6vRIQAOVAGnZ2MgGrQ==/META-INF/semanticdb/RayTracing.scala.semanticdb' doesn't exist. There can be many reasons for this error. 
2020.09.04 10:42:51 ERROR code navigation does not work for the file '/Users/noahr/Desktop/raytracing/RayTracing.scala' because the SemanticDB file '/Users/noahr/Desktop/raytracing/.bloop/raytracing/bloop-bsp-clients-classes/classes-Metals-T4Kk6vRIQAOVAGnZ2MgGrQ==/META-INF/semanticdb/RayTracing.scala.semanticdb' doesn't exist. There can be many reasons for this error. 
2020.09.04 10:42:53 ERROR code navigation does not work for the file '/Users/noahr/Desktop/raytracing/RayTracing.scala' because the SemanticDB file '/Users/noahr/Desktop/raytracing/.bloop/raytracing/bloop-bsp-clients-classes/classes-Metals-T4Kk6vRIQAOVAGnZ2MgGrQ==/META-INF/semanticdb/RayTracing.scala.semanticdb' doesn't exist. There can be many reasons for this error. 
2020.09.04 10:42:54 INFO  skipping build import with status 'Installed'
2020.09.04 10:42:54 ERROR Unexpected error when compiling raytracing: '/Users/noahr/Desktop/raytracing/.bloop/raytracing/bloop-bsp-clients-classes/classes-Metals-eN7k4RRmRsu4FF3QzDM4HA==/RayTracing.class'
2020.09.04 10:44:30 ERROR code navigation does not work for the file '/Users/noahr/Desktop/raytracing/RayTracing.scala' because the SemanticDB file '/Users/noahr/Desktop/raytracing/.bloop/raytracing/bloop-bsp-clients-classes/classes-Metals-T4Kk6vRIQAOVAGnZ2MgGrQ==/META-INF/semanticdb/RayTracing.scala.semanticdb' doesn't exist. There can be many reasons for this error. 
2020.09.04 10:44:30 INFO  skipping build import with status 'Installed'
2020.09.04 10:44:30 ERROR Unexpected error when compiling raytracing: '/Users/noahr/Desktop/raytracing/.bloop/raytracing/bloop-bsp-clients-classes/classes-Metals-eN7k4RRmRsu4FF3QzDM4HA==/RayTracing.class'
2020.09.04 10:44:34 ERROR code navigation does not work for the file '/Users/noahr/Desktop/raytracing/RayTracing.scala' because the SemanticDB file '/Users/noahr/Desktop/raytracing/.bloop/raytracing/bloop-bsp-clients-classes/classes-Metals-T4Kk6vRIQAOVAGnZ2MgGrQ==/META-INF/semanticdb/RayTracing.scala.semanticdb' doesn't exist. There can be many reasons for this error. 
2020.09.04 10:44:34 INFO  skipping build import with status 'Installed'
2020.09.04 10:44:34 ERROR Unexpected error when compiling raytracing: '/Users/noahr/Desktop/raytracing/.bloop/raytracing/bloop-bsp-clients-classes/classes-Metals-eN7k4RRmRsu4FF3QzDM4HA==/RayTracing.class'
2020.09.04 10:46:04 INFO  skipping build import with status 'Installed'
2020.09.04 10:46:04 ERROR Unexpected error when compiling raytracing: '/Users/noahr/Desktop/raytracing/.bloop/raytracing/bloop-bsp-clients-classes/classes-Metals-eN7k4RRmRsu4FF3QzDM4HA==/RayTracing.class'
2020.09.04 10:46:12 INFO  running '/Users/noahr/.jabba/jdk/adopt@1.11.0-7/Contents/Home/bin/java -Djline.terminal=jline.UnsupportedTerminal -Dsbt.log.noformat=true -Dfile.encoding=UTF-8 -jar /var/folders/0j/w5rgn65j37d8mnfz6z8w2jnr0000gn/T/metals14421640776607939721/sbt-launch.jar -Dbloop.export-jar-classifiers=sources bloopInstall'
2020.09.04 10:46:15 INFO  [info] welcome to sbt 1.3.13 (AdoptOpenJDK Java 11.0.7)
2020.09.04 10:46:17 INFO  [info] loading settings for project raytracing-build-build from metals.sbt ...
2020.09.04 10:46:18 INFO  [info] loading project definition from /Users/noahr/Desktop/raytracing/project/project
2020.09.04 10:46:19 INFO  [info] loading settings for project raytracing-build from metals.sbt ...
2020.09.04 10:46:19 INFO  [info] loading project definition from /Users/noahr/Desktop/raytracing/project
2020.09.04 10:46:21 INFO  [success] Generated .bloop/raytracing-build.json
2020.09.04 10:46:21 INFO  [success] Total time: 2 s, completed Sep 4, 2020, 10:46:21 AM
2020.09.04 10:46:21 INFO  [info] loading settings for project raytracing from raytracing.sbt ...
2020.09.04 10:46:21 INFO  [info] set current project to raytracing (in build file:/Users/noahr/Desktop/raytracing/)
2020.09.04 10:46:22 INFO  [success] Generated .bloop/raytracing.json
2020.09.04 10:46:22 INFO  [success] Generated .bloop/raytracing-test.json
2020.09.04 10:46:22 INFO  [success] Total time: 0 s, completed Sep 4, 2020, 10:46:22 AM
2020.09.04 10:46:22 INFO  build tool exit: 0
2020.09.04 10:46:22 INFO  time: ran 'sbt bloopInstall' in 10s
2020.09.04 10:46:22 INFO  disconnected: build server
No more data in the client stdin, exiting...
No more data in the client stdin, exiting...
Starting the bsp launcher for bloop...
Opening a bsp server connection with 'bsp --protocol local --socket /var/folders/0j/w5rgn65j37d8mnfz6z8w2jnr0000gn/T/bsp-launcher2880046145052759697/bsp.socket'...
Waiting for the bsp connection to come up...
No more data in the server stdin, exiting...
No more data in the server stdin, exiting...
No more data in the server stdin, exiting...
No more data in the server stdin, exiting...
[0m[32m[D][0m Loading workspace settings from bloop.settings.json
[0m[32m[D][0m Loading 2 projects from '/Users/noahr/Desktop/raytracing/.bloop'...
[0m[32m[D][0m Loading project from '/Users/noahr/Desktop/raytracing/.bloop/raytracing.json'
[0m[32m[D][0m Loading project from '/Users/noahr/Desktop/raytracing/.bloop/raytracing-test.json'
[0m[32m[D][0m Configured SemanticDB in projects 'raytracing-test', 'raytracing'
[0m[32m[D][0m Waiting for a connection at local:///var/folders/0j/w5rgn65j37d8mnfz6z8w2jnr0000gn/T/bsp-launcher2880046145052759697/bsp.socket...
The server is listening for incoming connections at local:///var/folders/0j/w5rgn65j37d8mnfz6z8w2jnr0000gn/T/bsp-launcher2880046145052759697/bsp.socket...
Starting thread that pumps stdin and redirects it to the bsp server...
Starting thread that pumps server stdout and redirects it to the client stdout...
2020.09.04 10:46:22 INFO  tracing is disabled for protocol BSP, to enable tracing of incoming and outgoing JSON messages create an empty file at /Users/noahr/Library/Caches/org.scalameta.metals/bsp.trace.json
Starting the bsp launcher for bloop...
Opening a bsp server connection with 'bsp --protocol local --socket /var/folders/0j/w5rgn65j37d8mnfz6z8w2jnr0000gn/T/bsp-launcher2205333212779367769/bsp.socket'...
Waiting for the bsp connection to come up...
[0m[32m[D][0m Loading workspace settings from bloop.settings.json
[0m[32m[D][0m Waiting for a connection at local:///var/folders/0j/w5rgn65j37d8mnfz6z8w2jnr0000gn/T/bsp-launcher2205333212779367769/bsp.socket...
The server is listening for incoming connections at local:///var/folders/0j/w5rgn65j37d8mnfz6z8w2jnr0000gn/T/bsp-launcher2205333212779367769/bsp.socket...
Starting thread that pumps stdin and redirects it to the bsp server...
Starting thread that pumps server stdout and redirects it to the client stdout...
2020.09.04 10:46:22 INFO  tracing is disabled for protocol BSP, to enable tracing of incoming and outgoing JSON messages create an empty file at /Users/noahr/Library/Caches/org.scalameta.metals/bsp.trace.json
2020.09.04 10:46:22 INFO  Connected to Build server v1.4.3-23-550c6c0a
2020.09.04 10:46:26 INFO  time: indexed workspace in 3.43s
2020.09.04 10:54:03 ERROR Unexpected error when compiling raytracing: '/Users/noahr/Desktop/raytracing/.bloop/raytracing/bloop-bsp-clients-classes/classes-Metals-eN7k4RRmRsu4FF3QzDM4HA==/RayTracing.class'
2020.09.04 10:57:18 INFO  skipping build import with status 'Installed'
2020.09.04 10:57:18 ERROR Unexpected error when compiling raytracing: '/Users/noahr/Desktop/raytracing/.bloop/raytracing/bloop-bsp-clients-classes/classes-Metals-eN7k4RRmRsu4FF3QzDM4HA==/RayTracing.class'
2020.09.04 10:57:57 INFO  skipping build import with status 'Installed'
2020.09.04 10:57:57 INFO  Deduplicating compilation of raytracing from bsp client 'Metals 0.9.3' (since 11m 34.293s)
2020.09.04 10:57:57 ERROR Unexpected error when compiling raytracing: '/Users/noahr/Desktop/raytracing/.bloop/raytracing/bloop-bsp-clients-classes/classes-Metals-eN7k4RRmRsu4FF3QzDM4HA==/RayTracing.class'
2020.09.04 12:13:47 INFO  skipping build import with status 'Installed'
2020.09.04 12:13:47 ERROR Unexpected error when compiling raytracing: '/Users/noahr/Desktop/raytracing/.bloop/raytracing/bloop-bsp-clients-classes/classes-Metals-eN7k4RRmRsu4FF3QzDM4HA==/RayTracing.class'
2020.09.04 12:14:11 INFO  skipping build import with status 'Installed'
2020.09.04 12:14:11 ERROR Unexpected error when compiling raytracing: '/Users/noahr/Desktop/raytracing/.bloop/raytracing/bloop-bsp-clients-classes/classes-Metals-eN7k4RRmRsu4FF3QzDM4HA==/RayTracing.class'
2020.09.04 12:14:12 INFO  skipping build import with status 'Installed'
2020.09.04 12:14:12 INFO  Deduplicating compilation of raytracing from bsp client 'Metals 0.9.3' (since 1h 27m 49.341s)
2020.09.04 12:14:12 ERROR Unexpected error when compiling raytracing: '/Users/noahr/Desktop/raytracing/.bloop/raytracing/bloop-bsp-clients-classes/classes-Metals-eN7k4RRmRsu4FF3QzDM4HA==/RayTracing.class'
2020.09.04 12:21:39 INFO  skipping build import with status 'Installed'
2020.09.04 12:21:39 ERROR Unexpected error when compiling raytracing: '/Users/noahr/Desktop/raytracing/.bloop/raytracing/bloop-bsp-clients-classes/classes-Metals-eN7k4RRmRsu4FF3QzDM4HA==/RayTracing.class'
2020.09.04 12:29:24 WARN  no build target for: /Users/noahr/Desktop/raytracing/ArgParser.scala
2020.09.04 12:29:24 WARN  no build target for: /Users/noahr/Desktop/raytracing/ArgParser.scala
2020.09.04 12:29:24 INFO  skipping build import with status 'Installed'
2020.09.04 13:02:48 WARN  no build target for: /Users/noahr/Desktop/raytracing/ArgParser.scala
2020.09.04 13:02:48 INFO  skipping build import with status 'Installed'
2020.09.04 13:02:50 WARN  no build target for: /Users/noahr/Desktop/raytracing/ArgParser.scala
2020.09.04 13:02:50 INFO  skipping build import with status 'Installed'
2020.09.04 13:03:15 WARN  no build target for: /Users/noahr/Desktop/raytracing/ArgParser.scala
2020.09.04 13:03:15 INFO  skipping build import with status 'Installed'
2020.09.04 13:04:14 WARN  no build target for: /Users/noahr/Desktop/raytracing/ArgParser.scala
2020.09.04 13:04:14 INFO  skipping build import with status 'Installed'
something's wrong: no file:///Users/noahr/Desktop/raytracing/ArgParser.scala in Array[<error>]RangePosition(file:///Users/noahr/Desktop/raytracing/ArgParser.scala, 54, 54, 69)
something's wrong: no file:///Users/noahr/Desktop/raytracing/ArgParser.scala in Array[<error>]RangePosition(file:///Users/noahr/Desktop/raytracing/ArgParser.scala, 54, 54, 62)
something's wrong: no file:///Users/noahr/Desktop/raytracing/ArgParser.scala in Array[<error>]RangePosition(file:///Users/noahr/Desktop/raytracing/ArgParser.scala, 54, 54, 63)
something's wrong: no file:///Users/noahr/Desktop/raytracing/ArgParser.scala in Array[String]RangePosition(file:///Users/noahr/Desktop/raytracing/ArgParser.scala, 54, 54, 67)
something's wrong: no file:///Users/noahr/Desktop/raytracing/ArgParser.scala in Array[String]RangePosition(file:///Users/noahr/Desktop/raytracing/ArgParser.scala, 54, 54, 67)
something's wrong: no file:///Users/noahr/Desktop/raytracing/ArgParser.scala in Array[String]RangePosition(file:///Users/noahr/Desktop/raytracing/ArgParser.scala, 54, 54, 67)
2020.09.04 13:05:08 WARN  no build target for: /Users/noahr/Desktop/raytracing/ArgParser.scala
2020.09.04 13:05:08 INFO  skipping build import with status 'Installed'
2020.09.04 13:05:37 WARN  no build target for: /Users/noahr/Desktop/raytracing/ArgParser.scala
2020.09.04 13:05:37 INFO  skipping build import with status 'Installed'
2020.09.04 13:06:00 WARN  no build target for: /Users/noahr/Desktop/raytracing/ArgParser.scala
2020.09.04 13:06:00 INFO  skipping build import with status 'Installed'
2020.09.04 13:06:18 WARN  no build target for: /Users/noahr/Desktop/raytracing/ArgParser.scala
2020.09.04 13:06:18 INFO  skipping build import with status 'Installed'
2020.09.04 13:25:22 INFO  skipping build import with status 'Installed'
2020.09.04 13:25:22 ERROR Unexpected error when compiling raytracing: '/Users/noahr/Desktop/raytracing/.bloop/raytracing/bloop-bsp-clients-classes/classes-Metals-eN7k4RRmRsu4FF3QzDM4HA==/RayTracing.class'
2020.09.04 13:27:50 INFO  skipping build import with status 'Installed'
2020.09.04 13:27:50 INFO  Deduplicating compilation of raytracing from bsp client 'Metals 0.9.3' (since 2h 41m 27.66s)
2020.09.04 13:27:50 ERROR Unexpected error when compiling raytracing: '/Users/noahr/Desktop/raytracing/.bloop/raytracing/bloop-bsp-clients-classes/classes-Metals-eN7k4RRmRsu4FF3QzDM4HA==/RayTracing.class'
2020.09.04 13:47:37 ERROR code navigation does not work for the file '/Users/noahr/Desktop/raytracing/RayTracing.scala' because the SemanticDB file '/Users/noahr/Desktop/raytracing/.bloop/raytracing/bloop-bsp-clients-classes/classes-Metals-_zRk4UHuTc2mid695zYiXQ==/META-INF/semanticdb/RayTracing.scala.semanticdb' doesn't exist. There can be many reasons for this error. 
2020.09.04 13:48:29 WARN  no build target for: /Users/noahr/Desktop/raytracing/ArgParser.scala
2020.09.04 13:48:29 INFO  skipping build import with status 'Installed'
2020.09.04 13:48:31 INFO  skipping build import with status 'Installed'
2020.09.04 13:48:31 ERROR Unexpected error when compiling raytracing: '/Users/noahr/Desktop/raytracing/.bloop/raytracing/bloop-bsp-clients-classes/classes-Metals-eN7k4RRmRsu4FF3QzDM4HA==/RayTracing.class'
2020.09.04 13:48:34 INFO  skipping build import with status 'Installed'
2020.09.04 13:48:34 ERROR Unexpected error when compiling raytracing: '/Users/noahr/Desktop/raytracing/.bloop/raytracing/bloop-bsp-clients-classes/classes-Metals-eN7k4RRmRsu4FF3QzDM4HA==/RayTracing.class'
2020.09.04 13:49:28 INFO  skipping build import with status 'Installed'
2020.09.04 13:49:28 ERROR Unexpected error when compiling raytracing: '/Users/noahr/Desktop/raytracing/.bloop/raytracing/bloop-bsp-clients-classes/classes-Metals-eN7k4RRmRsu4FF3QzDM4HA==/RayTracing.class'
2020.09.04 13:49:46 INFO  skipping build import with status 'Installed'
2020.09.04 13:49:46 ERROR Unexpected error when compiling raytracing: '/Users/noahr/Desktop/raytracing/.bloop/raytracing/bloop-bsp-clients-classes/classes-Metals-eN7k4RRmRsu4FF3QzDM4HA==/RayTracing.class'
2020.09.04 13:50:33 INFO  skipping build import with status 'Installed'
2020.09.04 13:50:33 INFO  Deduplicating compilation of raytracing from bsp client 'Metals 0.9.3' (since 3h 4m 10.27s)
2020.09.04 13:50:33 ERROR Unexpected error when compiling raytracing: '/Users/noahr/Desktop/raytracing/.bloop/raytracing/bloop-bsp-clients-classes/classes-Metals-eN7k4RRmRsu4FF3QzDM4HA==/RayTracing.class'
2020.09.04 13:51:58 INFO  skipping build import with status 'Installed'
2020.09.04 13:51:58 INFO  Deduplicating compilation of raytracing from bsp client 'Metals 0.9.3' (since 3h 5m 35.861s)
2020.09.04 13:51:58 ERROR Unexpected error when compiling raytracing: '/Users/noahr/Desktop/raytracing/.bloop/raytracing/bloop-bsp-clients-classes/classes-Metals-eN7k4RRmRsu4FF3QzDM4HA==/RayTracing.class'
something's wrong: no file:///Users/noahr/Desktop/raytracing/RayTracing.scala in Option[String]RangePosition(file:///Users/noahr/Desktop/raytracing/RayTracing.scala, 216, 216, 230)
something's wrong: no file:///Users/noahr/Desktop/raytracing/RayTracing.scala in Option[String]RangePosition(file:///Users/noahr/Desktop/raytracing/RayTracing.scala, 369, 369, 382)
something's wrong: no file:///Users/noahr/Desktop/raytracing/RayTracing.scala in Option[String]RangePosition(file:///Users/noahr/Desktop/raytracing/RayTracing.scala, 429, 429, 455)
2020.09.04 13:54:03 INFO  skipping build import with status 'Installed'
2020.09.04 13:54:03 ERROR Unexpected error when compiling raytracing: '/Users/noahr/Desktop/raytracing/.bloop/raytracing/bloop-bsp-clients-classes/classes-Metals-eN7k4RRmRsu4FF3QzDM4HA==/RayTracing.class'
something's wrong: no file:///Users/noahr/Desktop/raytracing/RayTracing.scala in Array[<error>]RangePosition(file:///Users/noahr/Desktop/raytracing/RayTracing.scala, 485, 485, 500)
something's wrong: no file:///Users/noahr/Desktop/raytracing/RayTracing.scala in Array[<error>]RangePosition(file:///Users/noahr/Desktop/raytracing/RayTracing.scala, 485, 485, 493)
something's wrong: no file:///Users/noahr/Desktop/raytracing/RayTracing.scala in Array[<error>]RangePosition(file:///Users/noahr/Desktop/raytracing/RayTracing.scala, 485, 485, 500)
something's wrong: no file:///Users/noahr/Desktop/raytracing/RayTracing.scala in Array[<error>]RangePosition(file:///Users/noahr/Desktop/raytracing/RayTracing.scala, 485, 485, 493)
something's wrong: no file:///Users/noahr/Desktop/raytracing/RayTracing.scala in Array[<error>]RangePosition(file:///Users/noahr/Desktop/raytracing/RayTracing.scala, 485, 485, 493)
something's wrong: no file:///Users/noahr/Desktop/raytracing/RayTracing.scala in Array[<error>]RangePosition(file:///Users/noahr/Desktop/raytracing/RayTracing.scala, 485, 485, 494)
something's wrong: no file:///Users/noahr/Desktop/raytracing/RayTracing.scala in Array[String]RangePosition(file:///Users/noahr/Desktop/raytracing/RayTracing.scala, 485, 485, 498)
something's wrong: no file:///Users/noahr/Desktop/raytracing/RayTracing.scala in Array[String]RangePosition(file:///Users/noahr/Desktop/raytracing/RayTracing.scala, 485, 485, 498)
something's wrong: no file:///Users/noahr/Desktop/raytracing/RayTracing.scala in Array[String]RangePosition(file:///Users/noahr/Desktop/raytracing/RayTracing.scala, 485, 485, 498)
2020.09.04 13:55:31 INFO  skipping build import with status 'Installed'
2020.09.04 13:55:31 ERROR Unexpected error when compiling raytracing: '/Users/noahr/Desktop/raytracing/.bloop/raytracing/bloop-bsp-clients-classes/classes-Metals-eN7k4RRmRsu4FF3QzDM4HA==/RayTracing.class'
something's wrong: no file:///Users/noahr/Desktop/raytracing/RayTracing.scala in List[String]RangePosition(file:///Users/noahr/Desktop/raytracing/RayTracing.scala, 485, 485, 497)
something's wrong: no file:///Users/noahr/Desktop/raytracing/RayTracing.scala in List[String]RangePosition(file:///Users/noahr/Desktop/raytracing/RayTracing.scala, 485, 485, 497)
2020.09.04 13:58:53 ERROR code navigation does not work for the file '/Users/noahr/Desktop/raytracing/RayTracing.scala' because the SemanticDB file '/Users/noahr/Desktop/raytracing/.bloop/raytracing/bloop-bsp-clients-classes/classes-Metals-_zRk4UHuTc2mid695zYiXQ==/META-INF/semanticdb/RayTracing.scala.semanticdb' doesn't exist. There can be many reasons for this error. 
2020.09.04 13:58:53 ERROR code navigation does not work for the file '/Users/noahr/Desktop/raytracing/RayTracing.scala' because the SemanticDB file '/Users/noahr/Desktop/raytracing/.bloop/raytracing/bloop-bsp-clients-classes/classes-Metals-_zRk4UHuTc2mid695zYiXQ==/META-INF/semanticdb/RayTracing.scala.semanticdb' doesn't exist. There can be many reasons for this error. 
2020.09.04 13:58:58 INFO  skipping build import with status 'Installed'
2020.09.04 13:58:58 ERROR Unexpected error when compiling raytracing: '/Users/noahr/Desktop/raytracing/.bloop/raytracing/bloop-bsp-clients-classes/classes-Metals-eN7k4RRmRsu4FF3QzDM4HA==/RayTracing.class'
2020.09.04 13:59:12 INFO  skipping build import with status 'Installed'
2020.09.04 13:59:12 ERROR Unexpected error when compiling raytracing: '/Users/noahr/Desktop/raytracing/.bloop/raytracing/bloop-bsp-clients-classes/classes-Metals-eN7k4RRmRsu4FF3QzDM4HA==/RayTracing.class'
2020.09.04 13:59:18 INFO  skipping build import with status 'Installed'
2020.09.04 13:59:18 ERROR Unexpected error when compiling raytracing: '/Users/noahr/Desktop/raytracing/.bloop/raytracing/bloop-bsp-clients-classes/classes-Metals-eN7k4RRmRsu4FF3QzDM4HA==/RayTracing.class'
2020.09.04 14:00:14 INFO  skipping build import with status 'Installed'
2020.09.04 14:00:14 ERROR Unexpected error when compiling raytracing: '/Users/noahr/Desktop/raytracing/.bloop/raytracing/bloop-bsp-clients-classes/classes-Metals-eN7k4RRmRsu4FF3QzDM4HA==/RayTracing.class'
2020.09.04 14:00:43 INFO  skipping build import with status 'Installed'
2020.09.04 14:00:43 ERROR Unexpected error when compiling raytracing: '/Users/noahr/Desktop/raytracing/.bloop/raytracing/bloop-bsp-clients-classes/classes-Metals-eN7k4RRmRsu4FF3QzDM4HA==/RayTracing.class'
2020.09.04 14:00:50 INFO  skipping build import with status 'Installed'
2020.09.04 14:00:50 ERROR Unexpected error when compiling raytracing: '/Users/noahr/Desktop/raytracing/.bloop/raytracing/bloop-bsp-clients-classes/classes-Metals-eN7k4RRmRsu4FF3QzDM4HA==/RayTracing.class'
2020.09.04 14:01:20 INFO  skipping build import with status 'Installed'
2020.09.04 14:01:20 ERROR Unexpected error when compiling raytracing: '/Users/noahr/Desktop/raytracing/.bloop/raytracing/bloop-bsp-clients-classes/classes-Metals-eN7k4RRmRsu4FF3QzDM4HA==/RayTracing.class'
2020.09.04 14:02:16 INFO  skipping build import with status 'Installed'
2020.09.04 14:02:16 INFO  Deduplicating compilation of raytracing from bsp client 'Metals 0.9.3' (since 3h 15m 53.842s)
2020.09.04 14:02:16 ERROR Unexpected error when compiling raytracing: '/Users/noahr/Desktop/raytracing/.bloop/raytracing/bloop-bsp-clients-classes/classes-Metals-eN7k4RRmRsu4FF3QzDM4HA==/RayTracing.class'
something's wrong: no file:///Users/noahr/Desktop/raytracing/RayTracing.scala in Option[RayTracing.Options]RangePosition(file:///Users/noahr/Desktop/raytracing/RayTracing.scala, 508, 508, 522)
2020.09.04 14:03:30 INFO  skipping build import with status 'Installed'
2020.09.04 14:03:30 ERROR Unexpected error when compiling raytracing: '/Users/noahr/Desktop/raytracing/.bloop/raytracing/bloop-bsp-clients-classes/classes-Metals-eN7k4RRmRsu4FF3QzDM4HA==/RayTracing.class'
2020.09.04 14:03:41 INFO  skipping build import with status 'Installed'
2020.09.04 14:03:41 ERROR Unexpected error when compiling raytracing: '/Users/noahr/Desktop/raytracing/.bloop/raytracing/bloop-bsp-clients-classes/classes-Metals-eN7k4RRmRsu4FF3QzDM4HA==/RayTracing.class'
2020.09.04 14:04:54 ERROR code navigation does not work for the file '/Users/noahr/Desktop/raytracing/RayTracing.scala' because the SemanticDB file '/Users/noahr/Desktop/raytracing/.bloop/raytracing/bloop-bsp-clients-classes/classes-Metals-_zRk4UHuTc2mid695zYiXQ==/META-INF/semanticdb/RayTracing.scala.semanticdb' doesn't exist. There can be many reasons for this error. 
2020.09.04 14:05:00 INFO  skipping build import with status 'Installed'
2020.09.04 14:05:00 ERROR Unexpected error when compiling raytracing: '/Users/noahr/Desktop/raytracing/.bloop/raytracing/bloop-bsp-clients-classes/classes-Metals-eN7k4RRmRsu4FF3QzDM4HA==/RayTracing.class'
2020.09.04 14:05:24 INFO  skipping build import with status 'Installed'
2020.09.04 14:05:24 ERROR Unexpected error when compiling raytracing: '/Users/noahr/Desktop/raytracing/.bloop/raytracing/bloop-bsp-clients-classes/classes-Metals-eN7k4RRmRsu4FF3QzDM4HA==/RayTracing.class'
2020.09.04 14:05:44 INFO  skipping build import with status 'Installed'
2020.09.04 14:05:44 INFO  Deduplicating compilation of raytracing from bsp client 'Metals 0.9.3' (since 3h 19m 21.659s)
2020.09.04 14:05:44 ERROR Unexpected error when compiling raytracing: '/Users/noahr/Desktop/raytracing/.bloop/raytracing/bloop-bsp-clients-classes/classes-Metals-eN7k4RRmRsu4FF3QzDM4HA==/RayTracing.class'
2020.09.04 14:06:39 ERROR code navigation does not work for the file '/Users/noahr/Desktop/raytracing/RayTracing.scala' because the SemanticDB file '/Users/noahr/Desktop/raytracing/.bloop/raytracing/bloop-bsp-clients-classes/classes-Metals-_zRk4UHuTc2mid695zYiXQ==/META-INF/semanticdb/RayTracing.scala.semanticdb' doesn't exist. There can be many reasons for this error. 
2020.09.04 14:06:58 ERROR code navigation does not work for the file '/Users/noahr/Desktop/raytracing/RayTracing.scala' because the SemanticDB file '/Users/noahr/Desktop/raytracing/.bloop/raytracing/bloop-bsp-clients-classes/classes-Metals-_zRk4UHuTc2mid695zYiXQ==/META-INF/semanticdb/RayTracing.scala.semanticdb' doesn't exist. There can be many reasons for this error. 
2020.09.04 14:07:06 INFO  skipping build import with status 'Installed'
2020.09.04 14:07:06 ERROR Unexpected error when compiling raytracing: '/Users/noahr/Desktop/raytracing/.bloop/raytracing/bloop-bsp-clients-classes/classes-Metals-eN7k4RRmRsu4FF3QzDM4HA==/RayTracing.class'
2020.09.04 14:07:35 INFO  skipping build import with status 'Installed'
2020.09.04 14:07:35 ERROR Unexpected error when compiling raytracing: '/Users/noahr/Desktop/raytracing/.bloop/raytracing/bloop-bsp-clients-classes/classes-Metals-eN7k4RRmRsu4FF3QzDM4HA==/RayTracing.class'
2020.09.04 14:09:01 INFO  skipping build import with status 'Installed'
2020.09.04 14:09:01 ERROR Unexpected error when compiling raytracing: '/Users/noahr/Desktop/raytracing/.bloop/raytracing/bloop-bsp-clients-classes/classes-Metals-eN7k4RRmRsu4FF3QzDM4HA==/RayTracing.class'
2020.09.04 14:09:23 INFO  skipping build import with status 'Installed'
2020.09.04 14:09:23 ERROR Unexpected error when compiling raytracing: '/Users/noahr/Desktop/raytracing/.bloop/raytracing/bloop-bsp-clients-classes/classes-Metals-eN7k4RRmRsu4FF3QzDM4HA==/RayTracing.class'
2020.09.04 14:12:39 INFO  skipping build import with status 'Installed'
2020.09.04 14:12:39 INFO  Deduplicating compilation of raytracing from bsp client 'Metals 0.9.3' (since 3h 26m 16.487s)
2020.09.04 14:12:39 ERROR Unexpected error when compiling raytracing: '/Users/noahr/Desktop/raytracing/.bloop/raytracing/bloop-bsp-clients-classes/classes-Metals-eN7k4RRmRsu4FF3QzDM4HA==/RayTracing.class'
2020.09.04 14:15:14 INFO  skipping build import with status 'Installed'
2020.09.04 14:15:14 ERROR Unexpected error when compiling raytracing: '/Users/noahr/Desktop/raytracing/.bloop/raytracing/bloop-bsp-clients-classes/classes-Metals-eN7k4RRmRsu4FF3QzDM4HA==/RayTracing.class'
2020.09.04 14:18:49 INFO  skipping build import with status 'Installed'
2020.09.04 14:18:49 ERROR Unexpected error when compiling raytracing: '/Users/noahr/Desktop/raytracing/.bloop/raytracing/bloop-bsp-clients-classes/classes-Metals-eN7k4RRmRsu4FF3QzDM4HA==/RayTracing.class'
2020.09.04 14:19:19 INFO  skipping build import with status 'Installed'
2020.09.04 14:19:19 ERROR Unexpected error when compiling raytracing: '/Users/noahr/Desktop/raytracing/.bloop/raytracing/bloop-bsp-clients-classes/classes-Metals-eN7k4RRmRsu4FF3QzDM4HA==/RayTracing.class'
2020.09.04 14:20:32 INFO  skipping build import with status 'Installed'
2020.09.04 14:20:32 ERROR Unexpected error when compiling raytracing: '/Users/noahr/Desktop/raytracing/.bloop/raytracing/bloop-bsp-clients-classes/classes-Metals-eN7k4RRmRsu4FF3QzDM4HA==/RayTracing.class'
2020.09.04 14:22:39 INFO  skipping build import with status 'Installed'
2020.09.04 14:22:39 ERROR Unexpected error when compiling raytracing: '/Users/noahr/Desktop/raytracing/.bloop/raytracing/bloop-bsp-clients-classes/classes-Metals-eN7k4RRmRsu4FF3QzDM4HA==/RayTracing.class'
2020.09.04 14:22:50 INFO  skipping build import with status 'Installed'
2020.09.04 14:22:50 ERROR Unexpected error when compiling raytracing: '/Users/noahr/Desktop/raytracing/.bloop/raytracing/bloop-bsp-clients-classes/classes-Metals-eN7k4RRmRsu4FF3QzDM4HA==/RayTracing.class'
2020.09.04 14:23:25 INFO  skipping build import with status 'Installed'
2020.09.04 14:23:25 ERROR Unexpected error when compiling raytracing: '/Users/noahr/Desktop/raytracing/.bloop/raytracing/bloop-bsp-clients-classes/classes-Metals-eN7k4RRmRsu4FF3QzDM4HA==/RayTracing.class'
2020.09.04 14:24:16 INFO  skipping build import with status 'Installed'
2020.09.04 14:24:16 ERROR Unexpected error when compiling raytracing: '/Users/noahr/Desktop/raytracing/.bloop/raytracing/bloop-bsp-clients-classes/classes-Metals-eN7k4RRmRsu4FF3QzDM4HA==/RayTracing.class'
2020.09.04 14:24:23 INFO  skipping build import with status 'Installed'
2020.09.04 14:24:23 ERROR Unexpected error when compiling raytracing: '/Users/noahr/Desktop/raytracing/.bloop/raytracing/bloop-bsp-clients-classes/classes-Metals-eN7k4RRmRsu4FF3QzDM4HA==/RayTracing.class'
2020.09.04 14:24:47 INFO  skipping build import with status 'Installed'
2020.09.04 14:24:47 ERROR Unexpected error when compiling raytracing: '/Users/noahr/Desktop/raytracing/.bloop/raytracing/bloop-bsp-clients-classes/classes-Metals-eN7k4RRmRsu4FF3QzDM4HA==/RayTracing.class'
2020.09.04 14:24:54 INFO  skipping build import with status 'Installed'
2020.09.04 14:24:54 ERROR Unexpected error when compiling raytracing: '/Users/noahr/Desktop/raytracing/.bloop/raytracing/bloop-bsp-clients-classes/classes-Metals-eN7k4RRmRsu4FF3QzDM4HA==/RayTracing.class'
2020.09.04 14:30:31 ERROR code navigation does not work for the file '/Users/noahr/Desktop/raytracing/RayTracing.scala' because the SemanticDB file '/Users/noahr/Desktop/raytracing/.bloop/raytracing/bloop-bsp-clients-classes/classes-Metals-_zRk4UHuTc2mid695zYiXQ==/META-INF/semanticdb/RayTracing.scala.semanticdb' doesn't exist. There can be many reasons for this error. 
2020.09.04 14:30:31 INFO  skipping build import with status 'Installed'
2020.09.04 14:30:31 ERROR Unexpected error when compiling raytracing: '/Users/noahr/Desktop/raytracing/.bloop/raytracing/bloop-bsp-clients-classes/classes-Metals-eN7k4RRmRsu4FF3QzDM4HA==/RayTracing.class'
2020.09.04 14:30:31 ERROR code navigation does not work for the file '/Users/noahr/Desktop/raytracing/RayTracing.scala' because the SemanticDB file '/Users/noahr/Desktop/raytracing/.bloop/raytracing/bloop-bsp-clients-classes/classes-Metals-_zRk4UHuTc2mid695zYiXQ==/META-INF/semanticdb/RayTracing.scala.semanticdb' doesn't exist. There can be many reasons for this error. 
Sep 07, 2020 1:28:46 PM com.sun.jna.Native$1 uncaughtException
WARNING: JNA: Callback io.methvin.watchservice.MacOSXListeningWatchService$MacOSXListeningCallback@2f7e7772 threw the following exception
java.lang.IllegalStateException: Could not recursively list files for /Users/noahr/Desktop/raytracing/.git/
	at io.methvin.watchservice.MacOSXListeningWatchService$MacOSXListeningCallback.invoke(MacOSXListeningWatchService.java:231)
	at jdk.internal.reflect.GeneratedMethodAccessor27.invoke(Unknown Source)
	at java.base/jdk.internal.reflect.DelegatingMethodAccessorImpl.invoke(DelegatingMethodAccessorImpl.java:43)
	at java.base/java.lang.reflect.Method.invoke(Method.java:566)
	at com.sun.jna.CallbackReference$DefaultCallbackProxy.invokeCallback(CallbackReference.java:520)
	at com.sun.jna.CallbackReference$DefaultCallbackProxy.callback(CallbackReference.java:551)
	at com.sun.jna.Native.invokeVoid(Native Method)
	at com.sun.jna.Function.invoke(Function.java:415)
	at com.sun.jna.Function.invoke(Function.java:361)
	at com.sun.jna.Library$Handler.invoke(Library.java:265)
	at com.sun.proxy.$Proxy13.CFRunLoopRun(Unknown Source)
	at io.methvin.watchservice.MacOSXListeningWatchService$CFRunLoopThread.run(MacOSXListeningWatchService.java:174)
Caused by: java.nio.file.NoSuchFileException: /Users/noahr/Desktop/raytracing/.git/objects/32
	at java.base/sun.nio.fs.UnixException.translateToIOException(UnixException.java:92)
	at java.base/sun.nio.fs.UnixException.rethrowAsIOException(UnixException.java:111)
	at java.base/sun.nio.fs.UnixException.rethrowAsIOException(UnixException.java:116)
	at java.base/sun.nio.fs.UnixFileSystemProvider.newDirectoryStream(UnixFileSystemProvider.java:412)
	at java.base/java.nio.file.Files.newDirectoryStream(Files.java:471)
	at java.base/java.nio.file.FileTreeWalker.visit(FileTreeWalker.java:300)
	at java.base/java.nio.file.FileTreeWalker.next(FileTreeWalker.java:373)
	at java.base/java.nio.file.Files.walkFileTree(Files.java:2760)
	at java.base/java.nio.file.Files.walkFileTree(Files.java:2796)
	at io.methvin.watcher.PathUtils.recursiveVisitFiles(PathUtils.java:86)
	at io.methvin.watcher.PathUtils.recursiveListFiles(PathUtils.java:75)
	at io.methvin.watchservice.MacOSXListeningWatchService$MacOSXListeningCallback.invoke(MacOSXListeningWatchService.java:229)
	... 11 more

Sep 07, 2020 1:29:28 PM com.sun.jna.Native$1 uncaughtException
WARNING: JNA: Callback io.methvin.watchservice.MacOSXListeningWatchService$MacOSXListeningCallback@2f7e7772 threw the following exception
java.lang.IllegalStateException: Could not recursively list files for /Users/noahr/Desktop/raytracing/.git/objects/
	at io.methvin.watchservice.MacOSXListeningWatchService$MacOSXListeningCallback.invoke(MacOSXListeningWatchService.java:231)
	at jdk.internal.reflect.GeneratedMethodAccessor27.invoke(Unknown Source)
	at java.base/jdk.internal.reflect.DelegatingMethodAccessorImpl.invoke(DelegatingMethodAccessorImpl.java:43)
	at java.base/java.lang.reflect.Method.invoke(Method.java:566)
	at com.sun.jna.CallbackReference$DefaultCallbackProxy.invokeCallback(CallbackReference.java:520)
	at com.sun.jna.CallbackReference$DefaultCallbackProxy.callback(CallbackReference.java:551)
	at com.sun.jna.Native.invokeVoid(Native Method)
	at com.sun.jna.Function.invoke(Function.java:415)
	at com.sun.jna.Function.invoke(Function.java:361)
	at com.sun.jna.Library$Handler.invoke(Library.java:265)
	at com.sun.proxy.$Proxy13.CFRunLoopRun(Unknown Source)
	at io.methvin.watchservice.MacOSXListeningWatchService$CFRunLoopThread.run(MacOSXListeningWatchService.java:174)
Caused by: java.nio.file.NoSuchFileException: /Users/noahr/Desktop/raytracing/.git/objects/8e/tmp_obj_HoDmOf
	at java.base/sun.nio.fs.UnixException.translateToIOException(UnixException.java:92)
	at java.base/sun.nio.fs.UnixException.rethrowAsIOException(UnixException.java:111)
	at java.base/sun.nio.fs.UnixException.rethrowAsIOException(UnixException.java:116)
	at java.base/sun.nio.fs.UnixFileAttributeViews$Basic.readAttributes(UnixFileAttributeViews.java:55)
	at java.base/sun.nio.fs.UnixFileSystemProvider.readAttributes(UnixFileSystemProvider.java:149)
	at java.base/java.nio.file.Files.readAttributes(Files.java:1763)
	at java.base/java.nio.file.FileTreeWalker.getAttributes(FileTreeWalker.java:219)
	at java.base/java.nio.file.FileTreeWalker.visit(FileTreeWalker.java:276)
	at java.base/java.nio.file.FileTreeWalker.next(FileTreeWalker.java:373)
	at java.base/java.nio.file.Files.walkFileTree(Files.java:2760)
	at java.base/java.nio.file.Files.walkFileTree(Files.java:2796)
	at io.methvin.watcher.PathUtils.recursiveVisitFiles(PathUtils.java:86)
	at io.methvin.watcher.PathUtils.recursiveListFiles(PathUtils.java:75)
	at io.methvin.watchservice.MacOSXListeningWatchService$MacOSXListeningCallback.invoke(MacOSXListeningWatchService.java:229)
	... 11 more

Sep 07, 2020 6:45:39 PM com.sun.jna.Native$1 uncaughtException
WARNING: JNA: Callback io.methvin.watchservice.MacOSXListeningWatchService$MacOSXListeningCallback@2f7e7772 threw the following exception
java.lang.IllegalStateException: Could not recursively list files for /Users/noahr/Desktop/raytracing/
	at io.methvin.watchservice.MacOSXListeningWatchService$MacOSXListeningCallback.invoke(MacOSXListeningWatchService.java:231)
	at jdk.internal.reflect.GeneratedMethodAccessor27.invoke(Unknown Source)
	at java.base/jdk.internal.reflect.DelegatingMethodAccessorImpl.invoke(DelegatingMethodAccessorImpl.java:43)
	at java.base/java.lang.reflect.Method.invoke(Method.java:566)
	at com.sun.jna.CallbackReference$DefaultCallbackProxy.invokeCallback(CallbackReference.java:520)
	at com.sun.jna.CallbackReference$DefaultCallbackProxy.callback(CallbackReference.java:551)
	at com.sun.jna.Native.invokeVoid(Native Method)
	at com.sun.jna.Function.invoke(Function.java:415)
	at com.sun.jna.Function.invoke(Function.java:361)
	at com.sun.jna.Library$Handler.invoke(Library.java:265)
	at com.sun.proxy.$Proxy13.CFRunLoopRun(Unknown Source)
	at io.methvin.watchservice.MacOSXListeningWatchService$CFRunLoopThread.run(MacOSXListeningWatchService.java:174)
Caused by: java.nio.file.NoSuchFileException: /Users/noahr/Desktop/raytracing/.gitignore.swp
	at java.base/sun.nio.fs.UnixException.translateToIOException(UnixException.java:92)
	at java.base/sun.nio.fs.UnixException.rethrowAsIOException(UnixException.java:111)
	at java.base/sun.nio.fs.UnixException.rethrowAsIOException(UnixException.java:116)
	at java.base/sun.nio.fs.UnixFileAttributeViews$Basic.readAttributes(UnixFileAttributeViews.java:55)
	at java.base/sun.nio.fs.UnixFileSystemProvider.readAttributes(UnixFileSystemProvider.java:149)
	at java.base/java.nio.file.Files.readAttributes(Files.java:1763)
	at java.base/java.nio.file.FileTreeWalker.getAttributes(FileTreeWalker.java:219)
	at java.base/java.nio.file.FileTreeWalker.visit(FileTreeWalker.java:276)
	at java.base/java.nio.file.FileTreeWalker.next(FileTreeWalker.java:373)
	at java.base/java.nio.file.Files.walkFileTree(Files.java:2760)
	at java.base/java.nio.file.Files.walkFileTree(Files.java:2796)
	at io.methvin.watcher.PathUtils.recursiveVisitFiles(PathUtils.java:86)
	at io.methvin.watcher.PathUtils.recursiveListFiles(PathUtils.java:75)
	at io.methvin.watchservice.MacOSXListeningWatchService$MacOSXListeningCallback.invoke(MacOSXListeningWatchService.java:229)
	... 11 more

Sep 07, 2020 6:46:11 PM com.sun.jna.Native$1 uncaughtException
WARNING: JNA: Callback io.methvin.watchservice.MacOSXListeningWatchService$MacOSXListeningCallback@2f7e7772 threw the following exception
java.lang.IllegalStateException: Could not recursively list files for /Users/noahr/Desktop/raytracing/.bloop/
	at io.methvin.watchservice.MacOSXListeningWatchService$MacOSXListeningCallback.invoke(MacOSXListeningWatchService.java:231)
	at jdk.internal.reflect.GeneratedMethodAccessor27.invoke(Unknown Source)
	at java.base/jdk.internal.reflect.DelegatingMethodAccessorImpl.invoke(DelegatingMethodAccessorImpl.java:43)
	at java.base/java.lang.reflect.Method.invoke(Method.java:566)
	at com.sun.jna.CallbackReference$DefaultCallbackProxy.invokeCallback(CallbackReference.java:520)
	at com.sun.jna.CallbackReference$DefaultCallbackProxy.callback(CallbackReference.java:551)
	at com.sun.jna.Native.invokeVoid(Native Method)
	at com.sun.jna.Function.invoke(Function.java:415)
	at com.sun.jna.Function.invoke(Function.java:361)
	at com.sun.jna.Library$Handler.invoke(Library.java:265)
	at com.sun.proxy.$Proxy13.CFRunLoopRun(Unknown Source)
	at io.methvin.watchservice.MacOSXListeningWatchService$CFRunLoopThread.run(MacOSXListeningWatchService.java:174)
Caused by: java.nio.file.NoSuchFileException: /Users/noahr/Desktop/raytracing/.bloop/raytracing/bloop-internal-classes/classes-Metals-Q2uFRcroRnGv44yUXJK4KQ==-MJLIo_UYTTWHXzd7GQGOMg==
	at java.base/sun.nio.fs.UnixException.translateToIOException(UnixException.java:92)
	at java.base/sun.nio.fs.UnixException.rethrowAsIOException(UnixException.java:111)
	at java.base/sun.nio.fs.UnixException.rethrowAsIOException(UnixException.java:116)
	at java.base/sun.nio.fs.UnixFileAttributeViews$Basic.readAttributes(UnixFileAttributeViews.java:55)
	at java.base/sun.nio.fs.UnixFileSystemProvider.readAttributes(UnixFileSystemProvider.java:149)
	at java.base/java.nio.file.Files.readAttributes(Files.java:1763)
	at java.base/java.nio.file.FileTreeWalker.getAttributes(FileTreeWalker.java:219)
	at java.base/java.nio.file.FileTreeWalker.visit(FileTreeWalker.java:276)
	at java.base/java.nio.file.FileTreeWalker.next(FileTreeWalker.java:373)
	at java.base/java.nio.file.Files.walkFileTree(Files.java:2760)
	at java.base/java.nio.file.Files.walkFileTree(Files.java:2796)
	at io.methvin.watcher.PathUtils.recursiveVisitFiles(PathUtils.java:86)
	at io.methvin.watcher.PathUtils.recursiveListFiles(PathUtils.java:75)
	at io.methvin.watchservice.MacOSXListeningWatchService$MacOSXListeningCallback.invoke(MacOSXListeningWatchService.java:229)
	... 11 more

Sep 07, 2020 6:46:11 PM com.sun.jna.Native$1 uncaughtException
WARNING: JNA: Callback io.methvin.watchservice.MacOSXListeningWatchService$MacOSXListeningCallback@2f7e7772 threw the following exception
java.lang.IllegalStateException: Could not recursively list files for /Users/noahr/Desktop/raytracing/.bloop/raytracing/bloop-internal-classes/
	at io.methvin.watchservice.MacOSXListeningWatchService$MacOSXListeningCallback.invoke(MacOSXListeningWatchService.java:231)
	at jdk.internal.reflect.GeneratedMethodAccessor27.invoke(Unknown Source)
	at java.base/jdk.internal.reflect.DelegatingMethodAccessorImpl.invoke(DelegatingMethodAccessorImpl.java:43)
	at java.base/java.lang.reflect.Method.invoke(Method.java:566)
	at com.sun.jna.CallbackReference$DefaultCallbackProxy.invokeCallback(CallbackReference.java:520)
	at com.sun.jna.CallbackReference$DefaultCallbackProxy.callback(CallbackReference.java:551)
	at com.sun.jna.Native.invokeVoid(Native Method)
	at com.sun.jna.Function.invoke(Function.java:415)
	at com.sun.jna.Function.invoke(Function.java:361)
	at com.sun.jna.Library$Handler.invoke(Library.java:265)
	at com.sun.proxy.$Proxy13.CFRunLoopRun(Unknown Source)
	at io.methvin.watchservice.MacOSXListeningWatchService$CFRunLoopThread.run(MacOSXListeningWatchService.java:174)
Caused by: java.nio.file.NoSuchFileException: /Users/noahr/Desktop/raytracing/.bloop/raytracing/bloop-internal-classes/classes-Metals-eN7k4RRmRsu4FF3QzDM4HA==-dT8ZlOblSZ2rbf_189PnNQ==
	at java.base/sun.nio.fs.UnixException.translateToIOException(UnixException.java:92)
	at java.base/sun.nio.fs.UnixException.rethrowAsIOException(UnixException.java:111)
	at java.base/sun.nio.fs.UnixException.rethrowAsIOException(UnixException.java:116)
	at java.base/sun.nio.fs.UnixFileAttributeViews$Basic.readAttributes(UnixFileAttributeViews.java:55)
	at java.base/sun.nio.fs.UnixFileSystemProvider.readAttributes(UnixFileSystemProvider.java:149)
	at java.base/java.nio.file.Files.readAttributes(Files.java:1763)
	at java.base/java.nio.file.FileTreeWalker.getAttributes(FileTreeWalker.java:219)
	at java.base/java.nio.file.FileTreeWalker.visit(FileTreeWalker.java:276)
	at java.base/java.nio.file.FileTreeWalker.next(FileTreeWalker.java:373)
	at java.base/java.nio.file.Files.walkFileTree(Files.java:2760)
	at java.base/java.nio.file.Files.walkFileTree(Files.java:2796)
	at io.methvin.watcher.PathUtils.recursiveVisitFiles(PathUtils.java:86)
	at io.methvin.watcher.PathUtils.recursiveListFiles(PathUtils.java:75)
	at io.methvin.watchservice.MacOSXListeningWatchService$MacOSXListeningCallback.invoke(MacOSXListeningWatchService.java:229)
	... 11 more

Sep 07, 2020 6:46:11 PM com.sun.jna.Native$1 uncaughtException
WARNING: JNA: Callback io.methvin.watchservice.MacOSXListeningWatchService$MacOSXListeningCallback@2f7e7772 threw the following exception
java.lang.IllegalStateException: Could not recursively list files for /Users/noahr/Desktop/raytracing/.bloop/raytracing/bloop-internal-classes/
	at io.methvin.watchservice.MacOSXListeningWatchService$MacOSXListeningCallback.invoke(MacOSXListeningWatchService.java:231)
	at jdk.internal.reflect.GeneratedMethodAccessor27.invoke(Unknown Source)
	at java.base/jdk.internal.reflect.DelegatingMethodAccessorImpl.invoke(DelegatingMethodAccessorImpl.java:43)
	at java.base/java.lang.reflect.Method.invoke(Method.java:566)
	at com.sun.jna.CallbackReference$DefaultCallbackProxy.invokeCallback(CallbackReference.java:520)
	at com.sun.jna.CallbackReference$DefaultCallbackProxy.callback(CallbackReference.java:551)
	at com.sun.jna.Native.invokeVoid(Native Method)
	at com.sun.jna.Function.invoke(Function.java:415)
	at com.sun.jna.Function.invoke(Function.java:361)
	at com.sun.jna.Library$Handler.invoke(Library.java:265)
	at com.sun.proxy.$Proxy13.CFRunLoopRun(Unknown Source)
	at io.methvin.watchservice.MacOSXListeningWatchService$CFRunLoopThread.run(MacOSXListeningWatchService.java:174)
Caused by: java.nio.file.NoSuchFileException: /Users/noahr/Desktop/raytracing/.bloop/raytracing/bloop-internal-classes/classes-Metals-Q2uFRcroRnGv44yUXJK4KQ==-lw7D2YFEQleR5btIUens6w==
	at java.base/sun.nio.fs.UnixException.translateToIOException(UnixException.java:92)
	at java.base/sun.nio.fs.UnixException.rethrowAsIOException(UnixException.java:111)
	at java.base/sun.nio.fs.UnixException.rethrowAsIOException(UnixException.java:116)
	at java.base/sun.nio.fs.UnixFileAttributeViews$Basic.readAttributes(UnixFileAttributeViews.java:55)
	at java.base/sun.nio.fs.UnixFileSystemProvider.readAttributes(UnixFileSystemProvider.java:149)
	at java.base/java.nio.file.Files.readAttributes(Files.java:1763)
	at java.base/java.nio.file.FileTreeWalker.getAttributes(FileTreeWalker.java:219)
	at java.base/java.nio.file.FileTreeWalker.visit(FileTreeWalker.java:276)
	at java.base/java.nio.file.FileTreeWalker.next(FileTreeWalker.java:373)
	at java.base/java.nio.file.Files.walkFileTree(Files.java:2760)
	at java.base/java.nio.file.Files.walkFileTree(Files.java:2796)
	at io.methvin.watcher.PathUtils.recursiveVisitFiles(PathUtils.java:86)
	at io.methvin.watcher.PathUtils.recursiveListFiles(PathUtils.java:75)
	at io.methvin.watchservice.MacOSXListeningWatchService$MacOSXListeningCallback.invoke(MacOSXListeningWatchService.java:229)
	... 11 more

Sep 07, 2020 6:46:11 PM com.sun.jna.Native$1 uncaughtException
WARNING: JNA: Callback io.methvin.watchservice.MacOSXListeningWatchService$MacOSXListeningCallback@2f7e7772 threw the following exception
java.lang.IllegalStateException: Could not recursively list files for /Users/noahr/Desktop/raytracing/.bloop/raytracing/bloop-internal-classes/
	at io.methvin.watchservice.MacOSXListeningWatchService$MacOSXListeningCallback.invoke(MacOSXListeningWatchService.java:231)
	at jdk.internal.reflect.GeneratedMethodAccessor27.invoke(Unknown Source)
	at java.base/jdk.internal.reflect.DelegatingMethodAccessorImpl.invoke(DelegatingMethodAccessorImpl.java:43)
	at java.base/java.lang.reflect.Method.invoke(Method.java:566)
	at com.sun.jna.CallbackReference$DefaultCallbackProxy.invokeCallback(CallbackReference.java:520)
	at com.sun.jna.CallbackReference$DefaultCallbackProxy.callback(CallbackReference.java:551)
	at com.sun.jna.Native.invokeVoid(Native Method)
	at com.sun.jna.Function.invoke(Function.java:415)
	at com.sun.jna.Function.invoke(Function.java:361)
	at com.sun.jna.Library$Handler.invoke(Library.java:265)
	at com.sun.proxy.$Proxy13.CFRunLoopRun(Unknown Source)
	at io.methvin.watchservice.MacOSXListeningWatchService$CFRunLoopThread.run(MacOSXListeningWatchService.java:174)
Caused by: java.nio.file.NoSuchFileException: /Users/noahr/Desktop/raytracing/.bloop/raytracing/bloop-internal-classes/classes-Metals-eN7k4RRmRsu4FF3QzDM4HA==-Qbgs_pilQyGG0zi-Db2wew==
	at java.base/sun.nio.fs.UnixException.translateToIOException(UnixException.java:92)
	at java.base/sun.nio.fs.UnixException.rethrowAsIOException(UnixException.java:111)
	at java.base/sun.nio.fs.UnixException.rethrowAsIOException(UnixException.java:116)
	at java.base/sun.nio.fs.UnixFileAttributeViews$Basic.readAttributes(UnixFileAttributeViews.java:55)
	at java.base/sun.nio.fs.UnixFileSystemProvider.readAttributes(UnixFileSystemProvider.java:149)
	at java.base/java.nio.file.Files.readAttributes(Files.java:1763)
	at java.base/java.nio.file.FileTreeWalker.getAttributes(FileTreeWalker.java:219)
	at java.base/java.nio.file.FileTreeWalker.visit(FileTreeWalker.java:276)
	at java.base/java.nio.file.FileTreeWalker.next(FileTreeWalker.java:373)
	at java.base/java.nio.file.Files.walkFileTree(Files.java:2760)
	at java.base/java.nio.file.Files.walkFileTree(Files.java:2796)
	at io.methvin.watcher.PathUtils.recursiveVisitFiles(PathUtils.java:86)
	at io.methvin.watcher.PathUtils.recursiveListFiles(PathUtils.java:75)
	at io.methvin.watchservice.MacOSXListeningWatchService$MacOSXListeningCallback.invoke(MacOSXListeningWatchService.java:229)
	... 11 more

Sep 07, 2020 6:46:11 PM com.sun.jna.Native$1 uncaughtException
WARNING: JNA: Callback io.methvin.watchservice.MacOSXListeningWatchService$MacOSXListeningCallback@2f7e7772 threw the following exception
java.lang.IllegalStateException: Could not recursively list files for /Users/noahr/Desktop/raytracing/.bloop/raytracing/bloop-internal-classes/
	at io.methvin.watchservice.MacOSXListeningWatchService$MacOSXListeningCallback.invoke(MacOSXListeningWatchService.java:231)
	at jdk.internal.reflect.GeneratedMethodAccessor27.invoke(Unknown Source)
	at java.base/jdk.internal.reflect.DelegatingMethodAccessorImpl.invoke(DelegatingMethodAccessorImpl.java:43)
	at java.base/java.lang.reflect.Method.invoke(Method.java:566)
	at com.sun.jna.CallbackReference$DefaultCallbackProxy.invokeCallback(CallbackReference.java:520)
	at com.sun.jna.CallbackReference$DefaultCallbackProxy.callback(CallbackReference.java:551)
	at com.sun.jna.Native.invokeVoid(Native Method)
	at com.sun.jna.Function.invoke(Function.java:415)
	at com.sun.jna.Function.invoke(Function.java:361)
	at com.sun.jna.Library$Handler.invoke(Library.java:265)
	at com.sun.proxy.$Proxy13.CFRunLoopRun(Unknown Source)
	at io.methvin.watchservice.MacOSXListeningWatchService$CFRunLoopThread.run(MacOSXListeningWatchService.java:174)
Caused by: java.nio.file.NoSuchFileException: /Users/noahr/Desktop/raytracing/.bloop/raytracing/bloop-internal-classes/classes-Metals-eN7k4RRmRsu4FF3QzDM4HA==-u57lzHmkQTm0bHygXH_XTQ==
	at java.base/sun.nio.fs.UnixException.translateToIOException(UnixException.java:92)
	at java.base/sun.nio.fs.UnixException.rethrowAsIOException(UnixException.java:111)
	at java.base/sun.nio.fs.UnixException.rethrowAsIOException(UnixException.java:116)
	at java.base/sun.nio.fs.UnixFileSystemProvider.newDirectoryStream(UnixFileSystemProvider.java:412)
	at java.base/java.nio.file.Files.newDirectoryStream(Files.java:471)
	at java.base/java.nio.file.FileTreeWalker.visit(FileTreeWalker.java:300)
	at java.base/java.nio.file.FileTreeWalker.next(FileTreeWalker.java:373)
	at java.base/java.nio.file.Files.walkFileTree(Files.java:2760)
	at java.base/java.nio.file.Files.walkFileTree(Files.java:2796)
	at io.methvin.watcher.PathUtils.recursiveVisitFiles(PathUtils.java:86)
	at io.methvin.watcher.PathUtils.recursiveListFiles(PathUtils.java:75)
	at io.methvin.watchservice.MacOSXListeningWatchService$MacOSXListeningCallback.invoke(MacOSXListeningWatchService.java:229)
	... 11 more

Sep 07, 2020 6:46:11 PM com.sun.jna.Native$1 uncaughtException
WARNING: JNA: Callback io.methvin.watchservice.MacOSXListeningWatchService$MacOSXListeningCallback@2f7e7772 threw the following exception
java.lang.IllegalStateException: Could not recursively list files for /Users/noahr/Desktop/raytracing/.bloop/raytracing/bloop-internal-classes/
	at io.methvin.watchservice.MacOSXListeningWatchService$MacOSXListeningCallback.invoke(MacOSXListeningWatchService.java:231)
	at jdk.internal.reflect.GeneratedMethodAccessor27.invoke(Unknown Source)
	at java.base/jdk.internal.reflect.DelegatingMethodAccessorImpl.invoke(DelegatingMethodAccessorImpl.java:43)
	at java.base/java.lang.reflect.Method.invoke(Method.java:566)
	at com.sun.jna.CallbackReference$DefaultCallbackProxy.invokeCallback(CallbackReference.java:520)
	at com.sun.jna.CallbackReference$DefaultCallbackProxy.callback(CallbackReference.java:551)
	at com.sun.jna.Native.invokeVoid(Native Method)
	at com.sun.jna.Function.invoke(Function.java:415)
	at com.sun.jna.Function.invoke(Function.java:361)
	at com.sun.jna.Library$Handler.invoke(Library.java:265)
	at com.sun.proxy.$Proxy13.CFRunLoopRun(Unknown Source)
	at io.methvin.watchservice.MacOSXListeningWatchService$CFRunLoopThread.run(MacOSXListeningWatchService.java:174)
Caused by: java.nio.file.NoSuchFileException: /Users/noahr/Desktop/raytracing/.bloop/raytracing/bloop-internal-classes/classes-Metals-eN7k4RRmRsu4FF3QzDM4HA==-wY9zAkICSq6vs5TKyxY01Q==
	at java.base/sun.nio.fs.UnixException.translateToIOException(UnixException.java:92)
	at java.base/sun.nio.fs.UnixException.asIOException(UnixException.java:120)
	at java.base/sun.nio.fs.UnixDirectoryStream$UnixDirectoryIterator.readNextEntry(UnixDirectoryStream.java:168)
	at java.base/sun.nio.fs.UnixDirectoryStream$UnixDirectoryIterator.hasNext(UnixDirectoryStream.java:198)
	at java.base/java.nio.file.FileTreeWalker.next(FileTreeWalker.java:348)
	at java.base/java.nio.file.Files.walkFileTree(Files.java:2760)
	at java.base/java.nio.file.Files.walkFileTree(Files.java:2796)
	at io.methvin.watcher.PathUtils.recursiveVisitFiles(PathUtils.java:86)
	at io.methvin.watcher.PathUtils.recursiveListFiles(PathUtils.java:75)
	at io.methvin.watchservice.MacOSXListeningWatchService$MacOSXListeningCallback.invoke(MacOSXListeningWatchService.java:229)
	... 11 more

2020.09.07 18:47:19 INFO  shutting down Metals
No more data in the client stdin, exiting...
No more data in the client stdin, exiting...
2020.09.07 18:47:27 INFO  started: Metals version 0.9.3 in workspace '/Users/noahr/Desktop/raytracing' for client vscode.
2020.09.07 18:47:28 INFO  time: initialize in 1.22s
2020.09.07 18:47:29 INFO  no build target: using presentation compiler with only scala-library
2020.09.07 18:47:29 INFO  skipping build import with status 'Installed'
